mode: set
github.com/bandprotocol/bandchain/chain/pkg/bandrng/rng.go:12.57,14.2 1 1
github.com/bandprotocol/bandchain/chain/pkg/bandrng/rng.go:17.35,19.2 1 1
github.com/bandprotocol/bandchain/chain/pkg/bandrng/rng.go:22.35,26.2 3 1
github.com/bandprotocol/bandchain/chain/pkg/bandrng/sampling.go:9.52,10.26 1 1
github.com/bandprotocol/bandchain/chain/pkg/bandrng/sampling.go:14.2,14.21 1 1
github.com/bandprotocol/bandchain/chain/pkg/bandrng/sampling.go:10.26,12.3 1 1
github.com/bandprotocol/bandchain/chain/pkg/bandrng/sampling.go:19.48,22.33 3 1
github.com/bandprotocol/bandchain/chain/pkg/bandrng/sampling.go:29.2,31.35 3 1
github.com/bandprotocol/bandchain/chain/pkg/bandrng/sampling.go:38.2,38.16 1 0
github.com/bandprotocol/bandchain/chain/pkg/bandrng/sampling.go:22.33,24.15 2 1
github.com/bandprotocol/bandchain/chain/pkg/bandrng/sampling.go:24.15,25.45 1 1
github.com/bandprotocol/bandchain/chain/pkg/bandrng/sampling.go:31.35,33.31 2 1
github.com/bandprotocol/bandchain/chain/pkg/bandrng/sampling.go:33.31,35.4 1 1
github.com/bandprotocol/bandchain/chain/pkg/bandrng/sampling.go:49.69,50.52 1 1
github.com/bandprotocol/bandchain/chain/pkg/bandrng/sampling.go:53.2,53.29 1 1
github.com/bandprotocol/bandchain/chain/pkg/bandrng/sampling.go:57.2,57.23 1 1
github.com/bandprotocol/bandchain/chain/pkg/bandrng/sampling.go:60.2,60.34 1 1
github.com/bandprotocol/bandchain/chain/pkg/bandrng/sampling.go:64.2,68.13 4 1
github.com/bandprotocol/bandchain/chain/pkg/bandrng/sampling.go:50.52,51.53 1 1
github.com/bandprotocol/bandchain/chain/pkg/bandrng/sampling.go:53.29,54.42 1 1
github.com/bandprotocol/bandchain/chain/pkg/bandrng/sampling.go:57.23,59.3 1 1
github.com/bandprotocol/bandchain/chain/pkg/bandrng/sampling.go:60.34,62.3 1 0
github.com/bandprotocol/bandchain/chain/pkg/bandrng/sampling.go:73.55,79.33 6 1
github.com/bandprotocol/bandchain/chain/pkg/bandrng/sampling.go:83.2,83.37 1 1
github.com/bandprotocol/bandchain/chain/pkg/bandrng/sampling.go:92.2,92.16 1 1
github.com/bandprotocol/bandchain/chain/pkg/bandrng/sampling.go:79.33,81.3 1 1
github.com/bandprotocol/bandchain/chain/pkg/bandrng/sampling.go:83.37,90.3 5 1
github.com/bandprotocol/bandchain/chain/pkg/filecache/filecache.go:16.33,20.42 1 1
github.com/bandprotocol/bandchain/chain/pkg/filecache/filecache.go:20.42,20.63 1 1
github.com/bandprotocol/bandchain/chain/pkg/filecache/filecache.go:26.38,29.2 2 1
github.com/bandprotocol/bandchain/chain/pkg/filecache/filecache.go:32.44,34.32 2 1
github.com/bandprotocol/bandchain/chain/pkg/filecache/filecache.go:37.2,37.17 1 1
github.com/bandprotocol/bandchain/chain/pkg/filecache/filecache.go:34.32,36.3 1 1
github.com/bandprotocol/bandchain/chain/pkg/filecache/filecache.go:41.52,43.16 2 1
github.com/bandprotocol/bandchain/chain/pkg/filecache/filecache.go:46.2,46.35 1 1
github.com/bandprotocol/bandchain/chain/pkg/filecache/filecache.go:49.2,49.13 1 1
github.com/bandprotocol/bandchain/chain/pkg/filecache/filecache.go:43.16,44.13 1 1
github.com/bandprotocol/bandchain/chain/pkg/filecache/filecache.go:46.35,47.42 1 1
github.com/bandprotocol/bandchain/chain/pkg/filecache/filecache.go:53.57,55.16 2 1
github.com/bandprotocol/bandchain/chain/pkg/filecache/filecache.go:58.2,58.35 1 1
github.com/bandprotocol/bandchain/chain/pkg/filecache/filecache.go:61.2,61.18 1 1
github.com/bandprotocol/bandchain/chain/pkg/filecache/filecache.go:55.16,57.3 1 1
github.com/bandprotocol/bandchain/chain/pkg/filecache/filecache.go:58.35,60.3 1 0
github.com/bandprotocol/bandchain/chain/pkg/gzip/gzip.go:17.33,19.2 1 1
github.com/bandprotocol/bandchain/chain/pkg/gzip/gzip.go:23.60,25.16 2 1
github.com/bandprotocol/bandchain/chain/pkg/gzip/gzip.go:28.2,31.16 3 1
github.com/bandprotocol/bandchain/chain/pkg/gzip/gzip.go:34.2,34.38 1 1
github.com/bandprotocol/bandchain/chain/pkg/gzip/gzip.go:38.2,38.26 1 1
github.com/bandprotocol/bandchain/chain/pkg/gzip/gzip.go:25.16,27.3 1 1
github.com/bandprotocol/bandchain/chain/pkg/gzip/gzip.go:31.16,33.3 1 0
github.com/bandprotocol/bandchain/chain/pkg/gzip/gzip.go:34.38,36.3 1 1
github.com/bandprotocol/bandchain/chain/pkg/obi/decode.go:10.61,12.44 2 1
github.com/bandprotocol/bandchain/chain/pkg/obi/decode.go:15.2,16.19 2 1
github.com/bandprotocol/bandchain/chain/pkg/obi/decode.go:12.44,14.3 1 1
github.com/bandprotocol/bandchain/chain/pkg/obi/decode.go:17.21,20.18 3 1
github.com/bandprotocol/bandchain/chain/pkg/obi/decode.go:21.22,24.18 3 1
github.com/bandprotocol/bandchain/chain/pkg/obi/decode.go:25.22,28.18 3 1
github.com/bandprotocol/bandchain/chain/pkg/obi/decode.go:29.22,32.18 3 1
github.com/bandprotocol/bandchain/chain/pkg/obi/decode.go:33.20,36.18 3 1
github.com/bandprotocol/bandchain/chain/pkg/obi/decode.go:37.21,40.18 3 1
github.com/bandprotocol/bandchain/chain/pkg/obi/decode.go:41.21,44.18 3 1
github.com/bandprotocol/bandchain/chain/pkg/obi/decode.go:45.21,48.18 3 1
github.com/bandprotocol/bandchain/chain/pkg/obi/decode.go:49.22,52.18 3 1
github.com/bandprotocol/bandchain/chain/pkg/obi/decode.go:53.21,54.47 1 1
github.com/bandprotocol/bandchain/chain/pkg/obi/decode.go:59.3,60.17 2 1
github.com/bandprotocol/bandchain/chain/pkg/obi/decode.go:63.3,64.42 2 1
github.com/bandprotocol/bandchain/chain/pkg/obi/decode.go:71.3,72.18 2 1
github.com/bandprotocol/bandchain/chain/pkg/obi/decode.go:73.22,75.44 2 1
github.com/bandprotocol/bandchain/chain/pkg/obi/decode.go:82.3,82.18 1 1
github.com/bandprotocol/bandchain/chain/pkg/obi/decode.go:83.10,84.71 1 1
github.com/bandprotocol/bandchain/chain/pkg/obi/decode.go:54.47,58.4 3 1
github.com/bandprotocol/bandchain/chain/pkg/obi/decode.go:60.17,62.4 1 1
github.com/bandprotocol/bandchain/chain/pkg/obi/decode.go:64.42,67.18 3 1
github.com/bandprotocol/bandchain/chain/pkg/obi/decode.go:67.18,69.5 1 1
github.com/bandprotocol/bandchain/chain/pkg/obi/decode.go:75.44,78.18 3 1
github.com/bandprotocol/bandchain/chain/pkg/obi/decode.go:78.18,80.5 1 1
github.com/bandprotocol/bandchain/chain/pkg/obi/decode.go:89.47,91.16 2 1
github.com/bandprotocol/bandchain/chain/pkg/obi/decode.go:94.2,94.19 1 1
github.com/bandprotocol/bandchain/chain/pkg/obi/decode.go:97.2,97.12 1 1
github.com/bandprotocol/bandchain/chain/pkg/obi/decode.go:91.16,93.3 1 1
github.com/bandprotocol/bandchain/chain/pkg/obi/decode.go:94.19,96.3 1 1
github.com/bandprotocol/bandchain/chain/pkg/obi/decode.go:101.45,103.16 2 1
github.com/bandprotocol/bandchain/chain/pkg/obi/decode.go:103.16,104.13 1 1
github.com/bandprotocol/bandchain/chain/pkg/obi/decode.go:109.58,110.19 1 1
github.com/bandprotocol/bandchain/chain/pkg/obi/decode.go:113.2,113.31 1 1
github.com/bandprotocol/bandchain/chain/pkg/obi/decode.go:110.19,112.3 1 1
github.com/bandprotocol/bandchain/chain/pkg/obi/decode.go:117.60,118.19 1 1
github.com/bandprotocol/bandchain/chain/pkg/obi/decode.go:121.2,121.57 1 1
github.com/bandprotocol/bandchain/chain/pkg/obi/decode.go:118.19,120.3 1 1
github.com/bandprotocol/bandchain/chain/pkg/obi/decode.go:125.60,126.19 1 1
github.com/bandprotocol/bandchain/chain/pkg/obi/decode.go:129.2,129.57 1 1
github.com/bandprotocol/bandchain/chain/pkg/obi/decode.go:126.19,128.3 1 1
github.com/bandprotocol/bandchain/chain/pkg/obi/decode.go:133.60,134.19 1 1
github.com/bandprotocol/bandchain/chain/pkg/obi/decode.go:137.2,137.57 1 1
github.com/bandprotocol/bandchain/chain/pkg/obi/decode.go:134.19,136.3 1 1
github.com/bandprotocol/bandchain/chain/pkg/obi/decode.go:141.55,144.2 2 1
github.com/bandprotocol/bandchain/chain/pkg/obi/decode.go:147.57,150.2 2 1
github.com/bandprotocol/bandchain/chain/pkg/obi/decode.go:153.57,156.2 2 1
github.com/bandprotocol/bandchain/chain/pkg/obi/decode.go:159.57,162.2 2 1
github.com/bandprotocol/bandchain/chain/pkg/obi/decode.go:165.55,167.16 2 1
github.com/bandprotocol/bandchain/chain/pkg/obi/decode.go:170.2,170.31 1 1
github.com/bandprotocol/bandchain/chain/pkg/obi/decode.go:173.2,173.40 1 1
github.com/bandprotocol/bandchain/chain/pkg/obi/decode.go:167.16,169.3 1 1
github.com/bandprotocol/bandchain/chain/pkg/obi/decode.go:170.31,172.3 1 1
github.com/bandprotocol/bandchain/chain/pkg/obi/decode.go:177.56,179.16 2 1
github.com/bandprotocol/bandchain/chain/pkg/obi/decode.go:182.2,182.31 1 1
github.com/bandprotocol/bandchain/chain/pkg/obi/decode.go:185.2,185.48 1 1
github.com/bandprotocol/bandchain/chain/pkg/obi/decode.go:179.16,181.3 1 1
github.com/bandprotocol/bandchain/chain/pkg/obi/decode.go:182.31,184.3 1 1
github.com/bandprotocol/bandchain/chain/pkg/obi/encode.go:10.44,12.19 2 1
github.com/bandprotocol/bandchain/chain/pkg/obi/encode.go:13.21,14.48 1 1
github.com/bandprotocol/bandchain/chain/pkg/obi/encode.go:15.22,16.50 1 1
github.com/bandprotocol/bandchain/chain/pkg/obi/encode.go:17.22,18.50 1 1
github.com/bandprotocol/bandchain/chain/pkg/obi/encode.go:19.22,20.50 1 1
github.com/bandprotocol/bandchain/chain/pkg/obi/encode.go:21.20,22.44 1 1
github.com/bandprotocol/bandchain/chain/pkg/obi/encode.go:23.21,24.46 1 1
github.com/bandprotocol/bandchain/chain/pkg/obi/encode.go:25.21,26.46 1 1
github.com/bandprotocol/bandchain/chain/pkg/obi/encode.go:27.21,28.46 1 1
github.com/bandprotocol/bandchain/chain/pkg/obi/encode.go:29.22,30.40 1 1
github.com/bandprotocol/bandchain/chain/pkg/obi/encode.go:31.21,32.47 1 1
github.com/bandprotocol/bandchain/chain/pkg/obi/encode.go:36.3,37.39 2 1
github.com/bandprotocol/bandchain/chain/pkg/obi/encode.go:44.3,44.18 1 1
github.com/bandprotocol/bandchain/chain/pkg/obi/encode.go:45.22,47.44 2 1
github.com/bandprotocol/bandchain/chain/pkg/obi/encode.go:54.3,54.18 1 1
github.com/bandprotocol/bandchain/chain/pkg/obi/encode.go:55.10,56.71 1 1
github.com/bandprotocol/bandchain/chain/pkg/obi/encode.go:32.47,34.4 1 1
github.com/bandprotocol/bandchain/chain/pkg/obi/encode.go:37.39,39.18 2 1
github.com/bandprotocol/bandchain/chain/pkg/obi/encode.go:42.4,42.30 1 1
github.com/bandprotocol/bandchain/chain/pkg/obi/encode.go:39.18,41.5 1 1
github.com/bandprotocol/bandchain/chain/pkg/obi/encode.go:47.44,49.18 2 1
github.com/bandprotocol/bandchain/chain/pkg/obi/encode.go:52.4,52.30 1 1
github.com/bandprotocol/bandchain/chain/pkg/obi/encode.go:49.18,51.5 1 1
github.com/bandprotocol/bandchain/chain/pkg/obi/encode.go:61.39,63.16 2 1
github.com/bandprotocol/bandchain/chain/pkg/obi/encode.go:66.2,66.12 1 1
github.com/bandprotocol/bandchain/chain/pkg/obi/encode.go:63.16,64.13 1 1
github.com/bandprotocol/bandchain/chain/pkg/obi/encode.go:70.38,72.2 1 1
github.com/bandprotocol/bandchain/chain/pkg/obi/encode.go:75.40,79.2 3 1
github.com/bandprotocol/bandchain/chain/pkg/obi/encode.go:82.40,86.2 3 1
github.com/bandprotocol/bandchain/chain/pkg/obi/encode.go:89.40,93.2 3 1
github.com/bandprotocol/bandchain/chain/pkg/obi/encode.go:96.35,98.2 1 1
github.com/bandprotocol/bandchain/chain/pkg/obi/encode.go:101.37,103.2 1 1
github.com/bandprotocol/bandchain/chain/pkg/obi/encode.go:106.37,108.2 1 1
github.com/bandprotocol/bandchain/chain/pkg/obi/encode.go:111.37,113.2 1 1
github.com/bandprotocol/bandchain/chain/pkg/obi/encode.go:116.35,118.2 1 1
github.com/bandprotocol/bandchain/chain/pkg/obi/encode.go:121.36,123.2 1 1
github.com/bandprotocol/bandchain/chain/pkg/obi/schema.go:10.62,11.18 1 1
github.com/bandprotocol/bandchain/chain/pkg/obi/schema.go:12.21,14.13 2 1
github.com/bandprotocol/bandchain/chain/pkg/obi/schema.go:15.22,17.13 2 1
github.com/bandprotocol/bandchain/chain/pkg/obi/schema.go:18.22,20.13 2 1
github.com/bandprotocol/bandchain/chain/pkg/obi/schema.go:21.22,23.13 2 1
github.com/bandprotocol/bandchain/chain/pkg/obi/schema.go:24.20,26.13 2 1
github.com/bandprotocol/bandchain/chain/pkg/obi/schema.go:27.21,29.13 2 1
github.com/bandprotocol/bandchain/chain/pkg/obi/schema.go:30.21,32.13 2 1
github.com/bandprotocol/bandchain/chain/pkg/obi/schema.go:33.21,35.13 2 1
github.com/bandprotocol/bandchain/chain/pkg/obi/schema.go:36.22,38.13 2 1
github.com/bandprotocol/bandchain/chain/pkg/obi/schema.go:39.21,40.39 1 1
github.com/bandprotocol/bandchain/chain/pkg/obi/schema.go:44.3,46.17 3 1
github.com/bandprotocol/bandchain/chain/pkg/obi/schema.go:49.3,50.13 2 1
github.com/bandprotocol/bandchain/chain/pkg/obi/schema.go:51.22,52.24 1 1
github.com/bandprotocol/bandchain/chain/pkg/obi/schema.go:55.3,56.43 2 1
github.com/bandprotocol/bandchain/chain/pkg/obi/schema.go:72.3,73.13 2 1
github.com/bandprotocol/bandchain/chain/pkg/obi/schema.go:74.10,75.65 1 1
github.com/bandprotocol/bandchain/chain/pkg/obi/schema.go:40.39,43.4 2 1
github.com/bandprotocol/bandchain/chain/pkg/obi/schema.go:46.17,48.4 1 1
github.com/bandprotocol/bandchain/chain/pkg/obi/schema.go:52.24,54.4 1 1
github.com/bandprotocol/bandchain/chain/pkg/obi/schema.go:56.43,59.11 3 1
github.com/bandprotocol/bandchain/chain/pkg/obi/schema.go:62.4,62.16 1 1
github.com/bandprotocol/bandchain/chain/pkg/obi/schema.go:65.4,68.18 4 1
github.com/bandprotocol/bandchain/chain/pkg/obi/schema.go:59.11,61.5 1 1
github.com/bandprotocol/bandchain/chain/pkg/obi/schema.go:62.16,64.5 1 1
github.com/bandprotocol/bandchain/chain/pkg/obi/schema.go:68.18,70.5 1 1
github.com/bandprotocol/bandchain/chain/pkg/obi/schema.go:80.47,83.16 3 1
github.com/bandprotocol/bandchain/chain/pkg/obi/schema.go:86.2,86.24 1 1
github.com/bandprotocol/bandchain/chain/pkg/obi/schema.go:83.16,85.3 1 1
github.com/bandprotocol/bandchain/chain/pkg/obi/schema.go:90.42,92.16 2 1
github.com/bandprotocol/bandchain/chain/pkg/obi/schema.go:95.2,95.15 1 1
github.com/bandprotocol/bandchain/chain/pkg/obi/schema.go:92.16,93.13 1 1
github.com/bandprotocol/bandchain/chain/client/proof/multi_store.go:40.71,48.2 1 0
github.com/bandprotocol/bandchain/chain/client/proof/multi_store.go:50.76,52.46 2 1
github.com/bandprotocol/bandchain/chain/client/proof/multi_store.go:55.2,78.3 1 1
github.com/bandprotocol/bandchain/chain/client/proof/multi_store.go:52.46,54.3 1 1
github.com/bandprotocol/bandchain/chain/client/proof/packets.go:15.85,23.2 1 0
github.com/bandprotocol/bandchain/chain/client/proof/packets.go:35.88,45.2 1 0
github.com/bandprotocol/bandchain/chain/client/proof/proof.go:33.13,35.16 2 1
github.com/bandprotocol/bandchain/chain/client/proof/proof.go:38.2,39.16 2 1
github.com/bandprotocol/bandchain/chain/client/proof/proof.go:35.16,36.13 1 0
github.com/bandprotocol/bandchain/chain/client/proof/proof.go:39.16,40.13 1 0
github.com/bandprotocol/bandchain/chain/client/proof/proof.go:51.88,53.44 2 0
github.com/bandprotocol/bandchain/chain/client/proof/proof.go:56.2,62.3 1 0
github.com/bandprotocol/bandchain/chain/client/proof/proof.go:53.44,55.3 1 0
github.com/bandprotocol/bandchain/chain/client/proof/proof.go:72.79,74.37 2 0
github.com/bandprotocol/bandchain/chain/client/proof/proof.go:77.2,83.3 1 0
github.com/bandprotocol/bandchain/chain/client/proof/proof.go:74.37,76.3 1 0
github.com/bandprotocol/bandchain/chain/client/proof/proof.go:97.68,98.54 1 0
github.com/bandprotocol/bandchain/chain/client/proof/proof.go:98.54,101.17 3 0
github.com/bandprotocol/bandchain/chain/client/proof/proof.go:105.3,108.17 3 0
github.com/bandprotocol/bandchain/chain/client/proof/proof.go:113.3,118.17 2 0
github.com/bandprotocol/bandchain/chain/client/proof/proof.go:123.3,124.19 2 0
github.com/bandprotocol/bandchain/chain/client/proof/proof.go:129.3,130.17 2 0
github.com/bandprotocol/bandchain/chain/client/proof/proof.go:135.3,137.26 3 0
github.com/bandprotocol/bandchain/chain/client/proof/proof.go:159.3,161.17 3 0
github.com/bandprotocol/bandchain/chain/client/proof/proof.go:165.3,191.17 10 0
github.com/bandprotocol/bandchain/chain/client/proof/proof.go:195.3,196.17 2 0
github.com/bandprotocol/bandchain/chain/client/proof/proof.go:201.3,202.17 2 0
github.com/bandprotocol/bandchain/chain/client/proof/proof.go:207.3,208.17 2 0
github.com/bandprotocol/bandchain/chain/client/proof/proof.go:213.3,220.5 1 0
github.com/bandprotocol/bandchain/chain/client/proof/proof.go:101.17,104.4 2 0
github.com/bandprotocol/bandchain/chain/client/proof/proof.go:108.17,111.4 2 0
github.com/bandprotocol/bandchain/chain/client/proof/proof.go:118.17,121.4 2 0
github.com/bandprotocol/bandchain/chain/client/proof/proof.go:124.19,127.4 2 0
github.com/bandprotocol/bandchain/chain/client/proof/proof.go:130.17,133.4 2 0
github.com/bandprotocol/bandchain/chain/client/proof/proof.go:137.26,139.26 2 0
github.com/bandprotocol/bandchain/chain/client/proof/proof.go:139.26,141.19 2 0
github.com/bandprotocol/bandchain/chain/client/proof/proof.go:141.19,146.6 2 0
github.com/bandprotocol/bandchain/chain/client/proof/proof.go:147.10,147.37 1 0
github.com/bandprotocol/bandchain/chain/client/proof/proof.go:147.37,150.19 3 0
github.com/bandprotocol/bandchain/chain/client/proof/proof.go:150.19,155.6 2 0
github.com/bandprotocol/bandchain/chain/client/proof/proof.go:161.17,164.4 2 0
github.com/bandprotocol/bandchain/chain/client/proof/proof.go:191.17,192.14 1 0
github.com/bandprotocol/bandchain/chain/client/proof/proof.go:196.17,199.4 2 0
github.com/bandprotocol/bandchain/chain/client/proof/proof.go:202.17,205.4 2 0
github.com/bandprotocol/bandchain/chain/client/proof/proof.go:208.17,211.4 2 0
github.com/bandprotocol/bandchain/chain/client/proof/signature.go:31.71,38.2 1 0
github.com/bandprotocol/bandchain/chain/client/proof/signature.go:40.72,41.32 1 0
github.com/bandprotocol/bandchain/chain/client/proof/signature.go:54.2,54.53 1 0
github.com/bandprotocol/bandchain/chain/client/proof/signature.go:41.32,43.17 2 0
github.com/bandprotocol/bandchain/chain/client/proof/signature.go:46.3,50.73 4 0
github.com/bandprotocol/bandchain/chain/client/proof/signature.go:43.17,45.4 1 0
github.com/bandprotocol/bandchain/chain/client/proof/signature.go:50.73,52.4 1 0
github.com/bandprotocol/bandchain/chain/client/proof/signature.go:57.86,61.46 4 0
github.com/bandprotocol/bandchain/chain/client/proof/signature.go:88.2,88.21 1 0
github.com/bandprotocol/bandchain/chain/client/proof/signature.go:92.2,94.29 3 0
github.com/bandprotocol/bandchain/chain/client/proof/signature.go:98.2,98.50 1 0
github.com/bandprotocol/bandchain/chain/client/proof/signature.go:61.46,62.23 1 0
github.com/bandprotocol/bandchain/chain/client/proof/signature.go:65.3,68.19 3 0
github.com/bandprotocol/bandchain/chain/client/proof/signature.go:72.3,72.38 1 0
github.com/bandprotocol/bandchain/chain/client/proof/signature.go:75.3,77.17 3 0
github.com/bandprotocol/bandchain/chain/client/proof/signature.go:80.3,86.4 2 0
github.com/bandprotocol/bandchain/chain/client/proof/signature.go:62.23,63.12 1 0
github.com/bandprotocol/bandchain/chain/client/proof/signature.go:68.19,70.4 1 0
github.com/bandprotocol/bandchain/chain/client/proof/signature.go:72.38,74.4 1 0
github.com/bandprotocol/bandchain/chain/client/proof/signature.go:77.17,79.4 1 0
github.com/bandprotocol/bandchain/chain/client/proof/signature.go:88.21,90.3 1 0
github.com/bandprotocol/bandchain/chain/client/proof/signature.go:94.29,96.3 1 0
github.com/bandprotocol/bandchain/chain/client/proof/util.go:15.59,16.56 1 1
github.com/bandprotocol/bandchain/chain/client/proof/util.go:19.2,19.12 1 1
github.com/bandprotocol/bandchain/chain/client/proof/util.go:16.56,18.3 1 1
github.com/bandprotocol/bandchain/chain/client/proof/util.go:27.37,29.19 2 1
github.com/bandprotocol/bandchain/chain/client/proof/util.go:30.75,31.20 1 1
github.com/bandprotocol/bandchain/chain/client/proof/util.go:32.10,33.15 1 1
github.com/bandprotocol/bandchain/chain/client/proof/util.go:38.34,40.19 2 1
github.com/bandprotocol/bandchain/chain/client/proof/util.go:41.79,42.23 1 1
github.com/bandprotocol/bandchain/chain/client/proof/util.go:43.10,44.15 1 1
github.com/bandprotocol/bandchain/chain/client/proof/util.go:47.37,49.16 2 1
github.com/bandprotocol/bandchain/chain/client/proof/util.go:52.2,52.22 1 1
github.com/bandprotocol/bandchain/chain/client/proof/util.go:49.16,50.13 1 0
github.com/bandprotocol/bandchain/chain/client/proof/util.go:55.61,60.2 4 1
github.com/bandprotocol/bandchain/chain/client/proof/util.go:62.39,66.2 3 1
github.com/bandprotocol/bandchain/chain/client/proof/util.go:68.37,70.16 2 0
github.com/bandprotocol/bandchain/chain/client/proof/util.go:73.2,73.12 1 0
github.com/bandprotocol/bandchain/chain/client/proof/util.go:70.16,71.13 1 0
github.com/bandprotocol/bandchain/chain/client/proof/util.go:76.39,78.16 2 0
github.com/bandprotocol/bandchain/chain/client/proof/util.go:81.2,81.12 1 0
github.com/bandprotocol/bandchain/chain/client/proof/util.go:78.16,79.13 1 0
github.com/bandprotocol/bandchain/chain/client/proof/util.go:84.45,86.16 2 0
github.com/bandprotocol/bandchain/chain/client/proof/util.go:89.2,89.10 1 0
github.com/bandprotocol/bandchain/chain/client/proof/util.go:86.16,87.13 1 0
github.com/bandprotocol/bandchain/chain/client/proof/block_header_merkle_parts.go:29.86,38.2 1 0
github.com/bandprotocol/bandchain/chain/client/proof/block_header_merkle_parts.go:40.96,67.2 1 1
github.com/bandprotocol/bandchain/chain/client/proof/iavl_proof.go:27.78,35.2 1 0
github.com/bandprotocol/bandchain/chain/client/proof/iavl_proof.go:37.63,39.54 2 1
github.com/bandprotocol/bandchain/chain/client/proof/iavl_proof.go:54.2,54.14 1 1
github.com/bandprotocol/bandchain/chain/client/proof/iavl_proof.go:39.54,45.27 6 1
github.com/bandprotocol/bandchain/chain/client/proof/iavl_proof.go:52.3,52.29 1 1
github.com/bandprotocol/bandchain/chain/client/proof/iavl_proof.go:45.27,48.4 2 1
github.com/bandprotocol/bandchain/chain/client/proof/iavl_proof.go:48.9,51.4 2 0
github.com/bandprotocol/bandchain/chain/cmd/bandoracled2/config.go:8.33,14.55 1 0
github.com/bandprotocol/bandchain/chain/cmd/bandoracled2/config.go:19.2,19.12 1 0
github.com/bandprotocol/bandchain/chain/cmd/bandoracled2/config.go:14.55,17.4 2 0
github.com/bandprotocol/bandchain/chain/cmd/bandoracled2/event.go:19.67,25.44 5 0
github.com/bandprotocol/bandchain/chain/cmd/bandoracled2/event.go:28.2,28.45 1 0
github.com/bandprotocol/bandchain/chain/cmd/bandoracled2/event.go:32.2,33.33 2 0
github.com/bandprotocol/bandchain/chain/cmd/bandoracled2/event.go:51.2,51.18 1 0
github.com/bandprotocol/bandchain/chain/cmd/bandoracled2/event.go:25.44,27.3 1 0
github.com/bandprotocol/bandchain/chain/cmd/bandoracled2/event.go:28.45,30.3 1 0
github.com/bandprotocol/bandchain/chain/cmd/bandoracled2/event.go:33.33,35.17 2 0
github.com/bandprotocol/bandchain/chain/cmd/bandoracled2/event.go:39.3,40.17 2 0
github.com/bandprotocol/bandchain/chain/cmd/bandoracled2/event.go:44.3,49.5 1 0
github.com/bandprotocol/bandchain/chain/cmd/bandoracled2/event.go:35.17,37.4 1 0
github.com/bandprotocol/bandchain/chain/cmd/bandoracled2/event.go:40.17,42.4 1 0
github.com/bandprotocol/bandchain/chain/cmd/bandoracled2/event.go:55.89,56.32 1 0
github.com/bandprotocol/bandchain/chain/cmd/bandoracled2/event.go:67.2,67.12 1 0
github.com/bandprotocol/bandchain/chain/cmd/bandoracled2/event.go:56.32,57.24 1 0
github.com/bandprotocol/bandchain/chain/cmd/bandoracled2/event.go:61.3,61.38 1 0
github.com/bandprotocol/bandchain/chain/cmd/bandoracled2/event.go:57.24,58.12 1 0
github.com/bandprotocol/bandchain/chain/cmd/bandoracled2/event.go:61.38,62.25 1 0
github.com/bandprotocol/bandchain/chain/cmd/bandoracled2/event.go:62.25,64.5 1 0
github.com/bandprotocol/bandchain/chain/cmd/bandoracled2/event.go:71.89,73.22 2 0
github.com/bandprotocol/bandchain/chain/cmd/bandoracled2/event.go:76.2,76.21 1 0
github.com/bandprotocol/bandchain/chain/cmd/bandoracled2/event.go:79.2,79.23 1 0
github.com/bandprotocol/bandchain/chain/cmd/bandoracled2/event.go:73.22,75.3 1 0
github.com/bandprotocol/bandchain/chain/cmd/bandoracled2/event.go:76.21,78.3 1 0
github.com/bandprotocol/bandchain/chain/cmd/bandoracled2/handler.go:15.68,17.25 2 0
github.com/bandprotocol/bandchain/chain/cmd/bandoracled2/handler.go:22.2,23.16 2 0
github.com/bandprotocol/bandchain/chain/cmd/bandoracled2/handler.go:28.2,28.27 1 0
github.com/bandprotocol/bandchain/chain/cmd/bandoracled2/handler.go:17.25,20.3 2 0
github.com/bandprotocol/bandchain/chain/cmd/bandoracled2/handler.go:23.16,26.3 2 0
github.com/bandprotocol/bandchain/chain/cmd/bandoracled2/handler.go:28.27,30.17 2 0
github.com/bandprotocol/bandchain/chain/cmd/bandoracled2/handler.go:35.3,35.54 1 0
github.com/bandprotocol/bandchain/chain/cmd/bandoracled2/handler.go:30.17,32.12 2 0
github.com/bandprotocol/bandchain/chain/cmd/bandoracled2/handler.go:35.54,37.4 1 0
github.com/bandprotocol/bandchain/chain/cmd/bandoracled2/handler.go:37.9,37.53 1 0
github.com/bandprotocol/bandchain/chain/cmd/bandoracled2/handler.go:37.53,40.18 2 0
github.com/bandprotocol/bandchain/chain/cmd/bandoracled2/handler.go:44.4,44.34 1 0
github.com/bandprotocol/bandchain/chain/cmd/bandoracled2/handler.go:40.18,43.5 2 0
github.com/bandprotocol/bandchain/chain/cmd/bandoracled2/handler.go:45.9,47.4 1 0
github.com/bandprotocol/bandchain/chain/cmd/bandoracled2/handler.go:51.70,53.16 2 0
github.com/bandprotocol/bandchain/chain/cmd/bandoracled2/handler.go:58.2,59.16 2 0
github.com/bandprotocol/bandchain/chain/cmd/bandoracled2/handler.go:64.2,69.39 4 0
github.com/bandprotocol/bandchain/chain/cmd/bandoracled2/handler.go:76.2,76.12 1 0
github.com/bandprotocol/bandchain/chain/cmd/bandoracled2/handler.go:81.2,84.16 3 0
github.com/bandprotocol/bandchain/chain/cmd/bandoracled2/handler.go:88.2,89.27 2 0
github.com/bandprotocol/bandchain/chain/cmd/bandoracled2/handler.go:108.2,109.17 2 0
github.com/bandprotocol/bandchain/chain/cmd/bandoracled2/handler.go:113.2,113.51 1 0
github.com/bandprotocol/bandchain/chain/cmd/bandoracled2/handler.go:53.16,56.3 2 0
github.com/bandprotocol/bandchain/chain/cmd/bandoracled2/handler.go:59.16,62.3 2 0
github.com/bandprotocol/bandchain/chain/cmd/bandoracled2/handler.go:69.39,70.40 1 0
github.com/bandprotocol/bandchain/chain/cmd/bandoracled2/handler.go:70.40,72.9 2 0
github.com/bandprotocol/bandchain/chain/cmd/bandoracled2/handler.go:76.12,79.3 2 0
github.com/bandprotocol/bandchain/chain/cmd/bandoracled2/handler.go:84.16,86.3 1 0
github.com/bandprotocol/bandchain/chain/cmd/bandoracled2/handler.go:89.27,90.38 1 0
github.com/bandprotocol/bandchain/chain/cmd/bandoracled2/handler.go:90.38,92.18 2 0
github.com/bandprotocol/bandchain/chain/cmd/bandoracled2/handler.go:99.4,104.72 3 0
github.com/bandprotocol/bandchain/chain/cmd/bandoracled2/handler.go:92.18,98.5 3 0
github.com/bandprotocol/bandchain/chain/cmd/bandoracled2/handler.go:109.17,111.3 1 0
github.com/bandprotocol/bandchain/chain/cmd/bandoracled2/keys.go:20.41,31.2 6 0
github.com/bandprotocol/bandchain/chain/cmd/bandoracled2/keys.go:33.44,39.55 1 0
github.com/bandprotocol/bandchain/chain/cmd/bandoracled2/keys.go:85.2,89.12 5 0
github.com/bandprotocol/bandchain/chain/cmd/bandoracled2/keys.go:39.55,42.18 3 0
github.com/bandprotocol/bandchain/chain/cmd/bandoracled2/keys.go:45.4,45.15 1 0
github.com/bandprotocol/bandchain/chain/cmd/bandoracled2/keys.go:64.4,65.18 2 0
github.com/bandprotocol/bandchain/chain/cmd/bandoracled2/keys.go:68.4,69.18 2 0
github.com/bandprotocol/bandchain/chain/cmd/bandoracled2/keys.go:72.4,73.18 2 0
github.com/bandprotocol/bandchain/chain/cmd/bandoracled2/keys.go:76.4,78.18 3 0
github.com/bandprotocol/bandchain/chain/cmd/bandoracled2/keys.go:81.4,82.14 2 0
github.com/bandprotocol/bandchain/chain/cmd/bandoracled2/keys.go:42.18,44.5 1 0
github.com/bandprotocol/bandchain/chain/cmd/bandoracled2/keys.go:45.15,49.19 4 0
github.com/bandprotocol/bandchain/chain/cmd/bandoracled2/keys.go:49.19,51.6 1 0
github.com/bandprotocol/bandchain/chain/cmd/bandoracled2/keys.go:52.10,54.19 2 0
github.com/bandprotocol/bandchain/chain/cmd/bandoracled2/keys.go:57.5,58.19 2 0
github.com/bandprotocol/bandchain/chain/cmd/bandoracled2/keys.go:61.5,61.43 1 0
github.com/bandprotocol/bandchain/chain/cmd/bandoracled2/keys.go:54.19,56.6 1 0
github.com/bandprotocol/bandchain/chain/cmd/bandoracled2/keys.go:58.19,60.6 1 0
github.com/bandprotocol/bandchain/chain/cmd/bandoracled2/keys.go:65.18,67.5 1 0
github.com/bandprotocol/bandchain/chain/cmd/bandoracled2/keys.go:69.18,71.5 1 0
github.com/bandprotocol/bandchain/chain/cmd/bandoracled2/keys.go:73.18,75.5 1 0
github.com/bandprotocol/bandchain/chain/cmd/bandoracled2/keys.go:78.18,80.5 1 0
github.com/bandprotocol/bandchain/chain/cmd/bandoracled2/keys.go:92.47,98.55 1 0
github.com/bandprotocol/bandchain/chain/cmd/bandoracled2/keys.go:125.2,125.12 1 0
github.com/bandprotocol/bandchain/chain/cmd/bandoracled2/keys.go:98.55,102.18 3 0
github.com/bandprotocol/bandchain/chain/cmd/bandoracled2/keys.go:106.4,108.18 3 0
github.com/bandprotocol/bandchain/chain/cmd/bandoracled2/keys.go:112.4,112.27 1 0
github.com/bandprotocol/bandchain/chain/cmd/bandoracled2/keys.go:117.4,117.47 1 0
github.com/bandprotocol/bandchain/chain/cmd/bandoracled2/keys.go:121.4,122.14 2 0
github.com/bandprotocol/bandchain/chain/cmd/bandoracled2/keys.go:102.18,104.5 1 0
github.com/bandprotocol/bandchain/chain/cmd/bandoracled2/keys.go:108.18,110.5 1 0
github.com/bandprotocol/bandchain/chain/cmd/bandoracled2/keys.go:112.27,115.5 2 0
github.com/bandprotocol/bandchain/chain/cmd/bandoracled2/keys.go:117.47,119.5 1 0
github.com/bandprotocol/bandchain/chain/cmd/bandoracled2/keys.go:128.45,134.55 1 0
github.com/bandprotocol/bandchain/chain/cmd/bandoracled2/keys.go:145.2,145.12 1 0
github.com/bandprotocol/bandchain/chain/cmd/bandoracled2/keys.go:134.55,136.18 2 0
github.com/bandprotocol/bandchain/chain/cmd/bandoracled2/keys.go:139.4,139.29 1 0
github.com/bandprotocol/bandchain/chain/cmd/bandoracled2/keys.go:142.4,142.14 1 0
github.com/bandprotocol/bandchain/chain/cmd/bandoracled2/keys.go:136.18,138.5 1 0
github.com/bandprotocol/bandchain/chain/cmd/bandoracled2/keys.go:139.29,141.5 1 0
github.com/bandprotocol/bandchain/chain/cmd/bandoracled2/keys.go:148.45,154.55 1 0
github.com/bandprotocol/bandchain/chain/cmd/bandoracled2/keys.go:165.2,165.12 1 0
github.com/bandprotocol/bandchain/chain/cmd/bandoracled2/keys.go:154.55,158.18 3 0
github.com/bandprotocol/bandchain/chain/cmd/bandoracled2/keys.go:161.4,162.14 2 0
github.com/bandprotocol/bandchain/chain/cmd/bandoracled2/keys.go:158.18,160.5 1 0
github.com/bandprotocol/bandchain/chain/cmd/bandoracled2/logger.go:14.42,16.2 1 1
github.com/bandprotocol/bandchain/chain/cmd/bandoracled2/logger.go:18.60,20.2 1 0
github.com/bandprotocol/bandchain/chain/cmd/bandoracled2/logger.go:22.59,24.2 1 0
github.com/bandprotocol/bandchain/chain/cmd/bandoracled2/logger.go:26.60,28.2 1 1
github.com/bandprotocol/bandchain/chain/cmd/bandoracled2/logger.go:30.55,32.2 1 0
github.com/bandprotocol/bandchain/chain/cmd/bandoracled2/main.go:40.43,42.16 2 0
github.com/bandprotocol/bandchain/chain/cmd/bandoracled2/main.go:45.2,47.46 3 0
github.com/bandprotocol/bandchain/chain/cmd/bandoracled2/main.go:50.2,50.12 1 0
github.com/bandprotocol/bandchain/chain/cmd/bandoracled2/main.go:42.16,44.3 1 0
github.com/bandprotocol/bandchain/chain/cmd/bandoracled2/main.go:47.46,49.3 1 0
github.com/bandprotocol/bandchain/chain/cmd/bandoracled2/main.go:53.13,65.71 7 0
github.com/bandprotocol/bandchain/chain/cmd/bandoracled2/main.go:79.2,80.42 2 0
github.com/bandprotocol/bandchain/chain/cmd/bandoracled2/main.go:65.71,67.17 2 0
github.com/bandprotocol/bandchain/chain/cmd/bandoracled2/main.go:70.3,70.56 1 0
github.com/bandprotocol/bandchain/chain/cmd/bandoracled2/main.go:73.3,74.17 2 0
github.com/bandprotocol/bandchain/chain/cmd/bandoracled2/main.go:77.3,77.29 1 0
github.com/bandprotocol/bandchain/chain/cmd/bandoracled2/main.go:67.17,69.4 1 0
github.com/bandprotocol/bandchain/chain/cmd/bandoracled2/main.go:70.56,72.4 1 0
github.com/bandprotocol/bandchain/chain/cmd/bandoracled2/main.go:74.17,76.4 1 0
github.com/bandprotocol/bandchain/chain/cmd/bandoracled2/main.go:80.42,83.3 2 0
github.com/bandprotocol/bandchain/chain/cmd/bandoracled2/run.go:23.43,26.16 3 0
github.com/bandprotocol/bandchain/chain/cmd/bandoracled2/run.go:30.2,35.16 5 0
github.com/bandprotocol/bandchain/chain/cmd/bandoracled2/run.go:39.2,39.6 1 0
github.com/bandprotocol/bandchain/chain/cmd/bandoracled2/run.go:26.16,28.3 1 0
github.com/bandprotocol/bandchain/chain/cmd/bandoracled2/run.go:35.16,37.3 1 0
github.com/bandprotocol/bandchain/chain/cmd/bandoracled2/run.go:39.6,40.10 1 0
github.com/bandprotocol/bandchain/chain/cmd/bandoracled2/run.go:41.26,42.70 1 0
github.com/bandprotocol/bandchain/chain/cmd/bandoracled2/run.go:47.40,53.55 1 0
github.com/bandprotocol/bandchain/chain/cmd/bandoracled2/run.go:97.2,109.12 13 0
github.com/bandprotocol/bandchain/chain/cmd/bandoracled2/run.go:53.55,54.25 1 0
github.com/bandprotocol/bandchain/chain/cmd/bandoracled2/run.go:57.4,58.18 2 0
github.com/bandprotocol/bandchain/chain/cmd/bandoracled2/run.go:61.4,61.22 1 0
github.com/bandprotocol/bandchain/chain/cmd/bandoracled2/run.go:64.4,65.29 2 0
github.com/bandprotocol/bandchain/chain/cmd/bandoracled2/run.go:68.4,69.18 2 0
github.com/bandprotocol/bandchain/chain/cmd/bandoracled2/run.go:72.4,73.18 2 0
github.com/bandprotocol/bandchain/chain/cmd/bandoracled2/run.go:76.4,77.18 2 0
github.com/bandprotocol/bandchain/chain/cmd/bandoracled2/run.go:80.4,81.18 2 0
github.com/bandprotocol/bandchain/chain/cmd/bandoracled2/run.go:84.4,86.18 3 0
github.com/bandprotocol/bandchain/chain/cmd/bandoracled2/run.go:89.4,91.18 3 0
github.com/bandprotocol/bandchain/chain/cmd/bandoracled2/run.go:94.4,94.24 1 0
github.com/bandprotocol/bandchain/chain/cmd/bandoracled2/run.go:54.25,56.5 1 0
github.com/bandprotocol/bandchain/chain/cmd/bandoracled2/run.go:58.18,60.5 1 0
github.com/bandprotocol/bandchain/chain/cmd/bandoracled2/run.go:61.22,63.5 1 0
github.com/bandprotocol/bandchain/chain/cmd/bandoracled2/run.go:65.29,67.5 1 0
github.com/bandprotocol/bandchain/chain/cmd/bandoracled2/run.go:69.18,71.5 1 0
github.com/bandprotocol/bandchain/chain/cmd/bandoracled2/run.go:73.18,75.5 1 0
github.com/bandprotocol/bandchain/chain/cmd/bandoracled2/run.go:77.18,79.5 1 0
github.com/bandprotocol/bandchain/chain/cmd/bandoracled2/run.go:81.18,83.5 1 0
github.com/bandprotocol/bandchain/chain/cmd/bandoracled2/run.go:86.18,88.5 1 0
github.com/bandprotocol/bandchain/chain/cmd/bandoracled2/run.go:91.18,93.5 1 0
github.com/bandprotocol/bandchain/chain/cmd/bandoracled2/execute.go:23.13,25.2 1 1
github.com/bandprotocol/bandchain/chain/cmd/bandoracled2/execute.go:27.88,29.15 2 0
github.com/bandprotocol/bandchain/chain/cmd/bandoracled2/execute.go:33.2,34.44 2 0
github.com/bandprotocol/bandchain/chain/cmd/bandoracled2/execute.go:39.2,41.16 3 0
github.com/bandprotocol/bandchain/chain/cmd/bandoracled2/execute.go:46.2,56.16 3 0
github.com/bandprotocol/bandchain/chain/cmd/bandoracled2/execute.go:61.2,62.16 2 0
github.com/bandprotocol/bandchain/chain/cmd/bandoracled2/execute.go:66.2,66.19 1 0
github.com/bandprotocol/bandchain/chain/cmd/bandoracled2/execute.go:70.2,70.94 1 0
github.com/bandprotocol/bandchain/chain/cmd/bandoracled2/execute.go:29.15,31.3 1 0
github.com/bandprotocol/bandchain/chain/cmd/bandoracled2/execute.go:34.44,37.3 2 0
github.com/bandprotocol/bandchain/chain/cmd/bandoracled2/execute.go:41.16,44.3 2 0
github.com/bandprotocol/bandchain/chain/cmd/bandoracled2/execute.go:56.16,59.3 2 0
github.com/bandprotocol/bandchain/chain/cmd/bandoracled2/execute.go:62.16,65.3 2 0
github.com/bandprotocol/bandchain/chain/cmd/bandoracled2/execute.go:66.19,69.3 2 0
github.com/bandprotocol/bandchain/chain/cmd/bandoracled2/execute.go:74.72,78.16 3 0
github.com/bandprotocol/bandchain/chain/cmd/bandoracled2/execute.go:83.2,86.22 3 0
github.com/bandprotocol/bandchain/chain/cmd/bandoracled2/execute.go:78.16,81.3 2 0
github.com/bandprotocol/bandchain/chain/cmd/bandoracled2/executor.go:27.20,41.16 2 1
github.com/bandprotocol/bandchain/chain/cmd/bandoracled2/executor.go:46.2,46.21 1 1
github.com/bandprotocol/bandchain/chain/cmd/bandoracled2/executor.go:51.2,54.16 3 1
github.com/bandprotocol/bandchain/chain/cmd/bandoracled2/executor.go:59.2,59.23 1 1
github.com/bandprotocol/bandchain/chain/cmd/bandoracled2/executor.go:41.16,44.3 2 1
github.com/bandprotocol/bandchain/chain/cmd/bandoracled2/executor.go:46.21,49.3 2 1
github.com/bandprotocol/bandchain/chain/cmd/bandoracled2/executor.go:54.16,57.3 2 1
github.com/bandprotocol/bandchain/chain/cmd/bandoracled2/executor.go:59.23,61.3 1 1
github.com/bandprotocol/bandchain/chain/cmd/bandoracled2/executor.go:61.8,63.3 1 1
github.com/bandprotocol/bandchain/chain/cmd/bandoracled2/executor.go:67.53,69.16 2 0
github.com/bandprotocol/bandchain/chain/cmd/bandoracled2/executor.go:72.2,72.14 1 0
github.com/bandprotocol/bandchain/chain/cmd/bandoracled2/executor.go:69.16,71.3 1 0
github.com/bandprotocol/bandchain/chain/cmd/bandoracled2/executor.go:73.16,74.40 1 0
github.com/bandprotocol/bandchain/chain/cmd/bandoracled2/executor.go:75.10,76.74 1 0
github.com/bandprotocol/bandchain/chain/cmd/bandoracled2/executor.go:81.77,83.24 2 0
github.com/bandprotocol/bandchain/chain/cmd/bandoracled2/executor.go:86.2,86.38 1 0
github.com/bandprotocol/bandchain/chain/cmd/bandoracled2/executor.go:83.24,85.3 1 0
github.com/bandprotocol/bandchain/chain/x/oracle/endblock.go:9.48,11.53 1 0
github.com/bandprotocol/bandchain/chain/x/oracle/endblock.go:15.2,17.31 2 0
github.com/bandprotocol/bandchain/chain/x/oracle/endblock.go:11.53,13.3 1 0
github.com/bandprotocol/bandchain/chain/x/oracle/genesis.go:21.41,27.2 1 1
github.com/bandprotocol/bandchain/chain/x/oracle/genesis.go:30.87,37.46 7 1
github.com/bandprotocol/bandchain/chain/x/oracle/genesis.go:40.2,40.50 1 1
github.com/bandprotocol/bandchain/chain/x/oracle/genesis.go:43.2,44.16 2 1
github.com/bandprotocol/bandchain/chain/x/oracle/genesis.go:47.2,47.33 1 1
github.com/bandprotocol/bandchain/chain/x/oracle/genesis.go:37.46,39.3 1 0
github.com/bandprotocol/bandchain/chain/x/oracle/genesis.go:40.50,42.3 1 0
github.com/bandprotocol/bandchain/chain/x/oracle/genesis.go:44.16,45.65 1 0
github.com/bandprotocol/bandchain/chain/x/oracle/genesis.go:51.60,57.2 1 0
github.com/bandprotocol/bandchain/chain/x/oracle/genesis.go:60.102,62.33 2 0
github.com/bandprotocol/bandchain/chain/x/oracle/genesis.go:65.2,65.21 1 0
github.com/bandprotocol/bandchain/chain/x/oracle/genesis.go:62.33,64.3 1 0
github.com/bandprotocol/bandchain/chain/x/oracle/handler.go:13.39,14.65 1 1
github.com/bandprotocol/bandchain/chain/x/oracle/handler.go:14.65,16.28 2 1
github.com/bandprotocol/bandchain/chain/x/oracle/handler.go:17.28,18.49 1 1
github.com/bandprotocol/bandchain/chain/x/oracle/handler.go:19.26,20.47 1 1
github.com/bandprotocol/bandchain/chain/x/oracle/handler.go:21.30,22.51 1 1
github.com/bandprotocol/bandchain/chain/x/oracle/handler.go:23.28,24.49 1 1
github.com/bandprotocol/bandchain/chain/x/oracle/handler.go:25.23,26.44 1 1
github.com/bandprotocol/bandchain/chain/x/oracle/handler.go:27.22,28.43 1 1
github.com/bandprotocol/bandchain/chain/x/oracle/handler.go:29.23,30.44 1 1
github.com/bandprotocol/bandchain/chain/x/oracle/handler.go:31.26,32.47 1 1
github.com/bandprotocol/bandchain/chain/x/oracle/handler.go:33.11,34.113 1 0
github.com/bandprotocol/bandchain/chain/x/oracle/handler.go:39.103,41.34 2 1
github.com/bandprotocol/bandchain/chain/x/oracle/handler.go:47.2,54.77 3 1
github.com/bandprotocol/bandchain/chain/x/oracle/handler.go:41.34,43.17 2 1
github.com/bandprotocol/bandchain/chain/x/oracle/handler.go:43.17,45.4 1 1
github.com/bandprotocol/bandchain/chain/x/oracle/handler.go:57.99,59.16 2 1
github.com/bandprotocol/bandchain/chain/x/oracle/handler.go:62.2,62.40 1 1
github.com/bandprotocol/bandchain/chain/x/oracle/handler.go:65.2,65.34 1 1
github.com/bandprotocol/bandchain/chain/x/oracle/handler.go:72.2,79.77 3 1
github.com/bandprotocol/bandchain/chain/x/oracle/handler.go:59.16,61.3 1 1
github.com/bandprotocol/bandchain/chain/x/oracle/handler.go:62.40,64.3 1 1
github.com/bandprotocol/bandchain/chain/x/oracle/handler.go:65.34,67.17 2 1
github.com/bandprotocol/bandchain/chain/x/oracle/handler.go:67.17,69.4 1 1
github.com/bandprotocol/bandchain/chain/x/oracle/handler.go:82.107,84.28 2 1
github.com/bandprotocol/bandchain/chain/x/oracle/handler.go:90.2,97.77 3 1
github.com/bandprotocol/bandchain/chain/x/oracle/handler.go:84.28,86.17 2 1
github.com/bandprotocol/bandchain/chain/x/oracle/handler.go:86.17,88.4 1 1
github.com/bandprotocol/bandchain/chain/x/oracle/handler.go:100.103,102.16 2 1
github.com/bandprotocol/bandchain/chain/x/oracle/handler.go:105.2,105.42 1 1
github.com/bandprotocol/bandchain/chain/x/oracle/handler.go:108.2,108.28 1 1
github.com/bandprotocol/bandchain/chain/x/oracle/handler.go:114.2,121.77 3 1
github.com/bandprotocol/bandchain/chain/x/oracle/handler.go:102.16,104.3 1 1
github.com/bandprotocol/bandchain/chain/x/oracle/handler.go:105.42,107.3 1 1
github.com/bandprotocol/bandchain/chain/x/oracle/handler.go:108.28,110.17 2 1
github.com/bandprotocol/bandchain/chain/x/oracle/handler.go:110.17,112.4 1 1
github.com/bandprotocol/bandchain/chain/x/oracle/handler.go:124.93,126.16 2 1
github.com/bandprotocol/bandchain/chain/x/oracle/handler.go:129.2,129.77 1 1
github.com/bandprotocol/bandchain/chain/x/oracle/handler.go:126.16,128.3 1 1
github.com/bandprotocol/bandchain/chain/x/oracle/handler.go:132.91,133.49 1 1
github.com/bandprotocol/bandchain/chain/x/oracle/handler.go:136.2,137.16 2 1
github.com/bandprotocol/bandchain/chain/x/oracle/handler.go:140.2,141.56 2 1
github.com/bandprotocol/bandchain/chain/x/oracle/handler.go:146.2,151.77 2 1
github.com/bandprotocol/bandchain/chain/x/oracle/handler.go:133.49,135.3 1 1
github.com/bandprotocol/bandchain/chain/x/oracle/handler.go:137.16,139.3 1 1
github.com/bandprotocol/bandchain/chain/x/oracle/handler.go:141.56,145.3 1 1
github.com/bandprotocol/bandchain/chain/x/oracle/handler.go:154.93,156.16 2 1
github.com/bandprotocol/bandchain/chain/x/oracle/handler.go:159.2,164.77 2 1
github.com/bandprotocol/bandchain/chain/x/oracle/handler.go:156.16,158.3 1 1
github.com/bandprotocol/bandchain/chain/x/oracle/handler.go:167.99,169.16 2 1
github.com/bandprotocol/bandchain/chain/x/oracle/handler.go:172.2,177.77 2 1
github.com/bandprotocol/bandchain/chain/x/oracle/handler.go:169.16,171.3 1 1
github.com/bandprotocol/bandchain/chain/x/oracle/module.go:37.37,37.58 1 1
github.com/bandprotocol/bandchain/chain/x/oracle/module.go:40.55,40.77 1 1
github.com/bandprotocol/bandchain/chain/x/oracle/module.go:43.79,45.2 1 1
github.com/bandprotocol/bandchain/chain/x/oracle/module.go:48.90,51.2 2 0
github.com/bandprotocol/bandchain/chain/x/oracle/module.go:54.83,56.2 1 0
github.com/bandprotocol/bandchain/chain/x/oracle/module.go:59.68,61.2 1 0
github.com/bandprotocol/bandchain/chain/x/oracle/module.go:64.65,66.2 1 0
github.com/bandprotocol/bandchain/chain/x/oracle/module.go:75.39,80.2 1 1
github.com/bandprotocol/bandchain/chain/x/oracle/module.go:83.67,83.68 0 1
github.com/bandprotocol/bandchain/chain/x/oracle/module.go:86.36,86.56 1 1
github.com/bandprotocol/bandchain/chain/x/oracle/module.go:89.46,89.78 1 1
github.com/bandprotocol/bandchain/chain/x/oracle/module.go:92.43,92.64 1 1
github.com/bandprotocol/bandchain/chain/x/oracle/module.go:95.53,95.85 1 1
github.com/bandprotocol/bandchain/chain/x/oracle/module.go:98.74,98.75 0 0
github.com/bandprotocol/bandchain/chain/x/oracle/module.go:101.94,104.2 2 0
github.com/bandprotocol/bandchain/chain/x/oracle/module.go:107.120,111.2 3 1
github.com/bandprotocol/bandchain/chain/x/oracle/module.go:114.93,117.2 2 0
github.com/bandprotocol/bandchain/chain/x/oracle/module.go:124.9,127.86 2 0
github.com/bandprotocol/bandchain/chain/x/oracle/module.go:130.2,130.12 1 0
github.com/bandprotocol/bandchain/chain/x/oracle/module.go:127.86,129.3 1 0
github.com/bandprotocol/bandchain/chain/x/oracle/module.go:138.9,141.86 2 0
github.com/bandprotocol/bandchain/chain/x/oracle/module.go:144.2,144.12 1 0
github.com/bandprotocol/bandchain/chain/x/oracle/module.go:141.86,143.3 1 0
github.com/bandprotocol/bandchain/chain/x/oracle/module.go:148.119,150.2 1 0
github.com/bandprotocol/bandchain/chain/x/oracle/module.go:153.95,155.2 1 0
github.com/bandprotocol/bandchain/chain/x/oracle/module.go:158.93,161.2 1 0
github.com/bandprotocol/bandchain/chain/x/oracle/module.go:164.96,166.2 1 0
github.com/bandprotocol/bandchain/chain/x/oracle/module.go:169.100,171.78 2 0
github.com/bandprotocol/bandchain/chain/x/oracle/module.go:174.2,176.16 3 0
github.com/bandprotocol/bandchain/chain/x/oracle/module.go:179.2,179.77 1 0
github.com/bandprotocol/bandchain/chain/x/oracle/module.go:171.78,173.3 1 0
github.com/bandprotocol/bandchain/chain/x/oracle/module.go:176.16,178.3 1 0
github.com/bandprotocol/bandchain/chain/x/oracle/module.go:183.135,185.2 1 0
github.com/bandprotocol/bandchain/chain/x/oracle/module.go:188.103,190.2 1 0
github.com/bandprotocol/bandchain/chain/x/oracle/types/exec_env.go:16.66,25.2 1 0
github.com/bandprotocol/bandchain/chain/x/oracle/types/exec_env.go:27.42,29.2 1 0
github.com/bandprotocol/bandchain/chain/x/oracle/types/exec_env.go:31.48,33.2 1 0
github.com/bandprotocol/bandchain/chain/x/oracle/types/exec_env.go:35.72,36.46 1 0
github.com/bandprotocol/bandchain/chain/x/oracle/types/exec_env.go:39.2,39.55 1 0
github.com/bandprotocol/bandchain/chain/x/oracle/types/exec_env.go:42.2,44.4 1 0
github.com/bandprotocol/bandchain/chain/x/oracle/types/exec_env.go:36.46,38.3 1 0
github.com/bandprotocol/bandchain/chain/x/oracle/types/exec_env.go:39.55,41.3 1 0
github.com/bandprotocol/bandchain/chain/x/oracle/types/exec_env.go:47.82,48.73 1 0
github.com/bandprotocol/bandchain/chain/x/oracle/types/exec_env.go:51.2,53.9 3 0
github.com/bandprotocol/bandchain/chain/x/oracle/types/exec_env.go:56.2,57.9 2 0
github.com/bandprotocol/bandchain/chain/x/oracle/types/exec_env.go:60.2,60.50 1 0
github.com/bandprotocol/bandchain/chain/x/oracle/types/exec_env.go:48.73,50.3 1 0
github.com/bandprotocol/bandchain/chain/x/oracle/types/exec_env.go:53.9,55.3 1 0
github.com/bandprotocol/bandchain/chain/x/oracle/types/exec_env.go:57.9,59.3 1 0
github.com/bandprotocol/bandchain/chain/x/oracle/types/exec_env.go:63.71,66.2 2 0
github.com/bandprotocol/bandchain/chain/x/oracle/types/exec_env.go:68.66,71.2 2 0
github.com/bandprotocol/bandchain/chain/x/oracle/types/exec_env.go:74.51,75.29 1 0
github.com/bandprotocol/bandchain/chain/x/oracle/types/exec_env.go:78.2,78.24 1 0
github.com/bandprotocol/bandchain/chain/x/oracle/types/exec_env.go:75.29,76.78 1 0
github.com/bandprotocol/bandchain/chain/x/oracle/types/exec_env.go:82.50,83.29 1 0
github.com/bandprotocol/bandchain/chain/x/oracle/types/exec_env.go:86.2,86.33 1 0
github.com/bandprotocol/bandchain/chain/x/oracle/types/exec_env.go:83.29,84.74 1 0
github.com/bandprotocol/bandchain/chain/x/oracle/types/exec_env.go:86.33,88.42 2 0
github.com/bandprotocol/bandchain/chain/x/oracle/types/exec_env.go:91.3,91.54 1 0
github.com/bandprotocol/bandchain/chain/x/oracle/types/exec_env.go:88.42,90.4 1 0
github.com/bandprotocol/bandchain/chain/x/oracle/types/exec_env.go:96.41,98.2 1 0
github.com/bandprotocol/bandchain/chain/x/oracle/types/exec_env.go:101.41,103.2 1 0
github.com/bandprotocol/bandchain/chain/x/oracle/types/exec_env.go:106.41,108.2 1 0
github.com/bandprotocol/bandchain/chain/x/oracle/types/exec_env.go:111.49,113.2 1 0
github.com/bandprotocol/bandchain/chain/x/oracle/types/exec_env.go:116.51,117.29 1 0
github.com/bandprotocol/bandchain/chain/x/oracle/types/exec_env.go:120.2,120.16 1 0
github.com/bandprotocol/bandchain/chain/x/oracle/types/exec_env.go:117.29,119.3 1 0
github.com/bandprotocol/bandchain/chain/x/oracle/types/exec_env.go:124.54,126.2 1 0
github.com/bandprotocol/bandchain/chain/x/oracle/types/exec_env.go:129.46,131.2 1 0
github.com/bandprotocol/bandchain/chain/x/oracle/types/exec_env.go:134.79,135.89 1 0
github.com/bandprotocol/bandchain/chain/x/oracle/types/exec_env.go:138.2,138.61 1 0
github.com/bandprotocol/bandchain/chain/x/oracle/types/exec_env.go:135.89,137.3 1 0
github.com/bandprotocol/bandchain/chain/x/oracle/types/exec_env.go:142.86,143.50 1 0
github.com/bandprotocol/bandchain/chain/x/oracle/types/exec_env.go:146.2,146.55 1 0
github.com/bandprotocol/bandchain/chain/x/oracle/types/exec_env.go:149.2,152.12 2 0
github.com/bandprotocol/bandchain/chain/x/oracle/types/exec_env.go:143.50,145.3 1 0
github.com/bandprotocol/bandchain/chain/x/oracle/types/exec_env.go:146.55,148.3 1 0
github.com/bandprotocol/bandchain/chain/x/oracle/types/msgs.go:14.42,14.62 1 1
github.com/bandprotocol/bandchain/chain/x/oracle/types/msgs.go:17.41,17.61 1 1
github.com/bandprotocol/bandchain/chain/x/oracle/types/msgs.go:20.49,21.60 1 1
github.com/bandprotocol/bandchain/chain/x/oracle/types/msgs.go:24.2,24.41 1 1
github.com/bandprotocol/bandchain/chain/x/oracle/types/msgs.go:27.2,27.23 1 1
github.com/bandprotocol/bandchain/chain/x/oracle/types/msgs.go:30.2,30.33 1 1
github.com/bandprotocol/bandchain/chain/x/oracle/types/msgs.go:33.2,33.43 1 1
github.com/bandprotocol/bandchain/chain/x/oracle/types/msgs.go:36.2,36.12 1 1
github.com/bandprotocol/bandchain/chain/x/oracle/types/msgs.go:21.60,23.3 1 1
github.com/bandprotocol/bandchain/chain/x/oracle/types/msgs.go:24.41,26.3 1 1
github.com/bandprotocol/bandchain/chain/x/oracle/types/msgs.go:27.23,29.3 1 1
github.com/bandprotocol/bandchain/chain/x/oracle/types/msgs.go:30.33,32.3 1 1
github.com/bandprotocol/bandchain/chain/x/oracle/types/msgs.go:33.43,35.3 1 1
github.com/bandprotocol/bandchain/chain/x/oracle/types/msgs.go:40.57,42.2 1 1
github.com/bandprotocol/bandchain/chain/x/oracle/types/msgs.go:45.49,47.2 1 1
github.com/bandprotocol/bandchain/chain/x/oracle/types/msgs.go:50.41,50.61 1 1
github.com/bandprotocol/bandchain/chain/x/oracle/types/msgs.go:53.40,53.59 1 1
github.com/bandprotocol/bandchain/chain/x/oracle/types/msgs.go:56.48,57.63 1 1
github.com/bandprotocol/bandchain/chain/x/oracle/types/msgs.go:60.2,60.62 1 1
github.com/bandprotocol/bandchain/chain/x/oracle/types/msgs.go:63.2,63.30 1 1
github.com/bandprotocol/bandchain/chain/x/oracle/types/msgs.go:66.2,67.35 2 1
github.com/bandprotocol/bandchain/chain/x/oracle/types/msgs.go:76.2,76.12 1 1
github.com/bandprotocol/bandchain/chain/x/oracle/types/msgs.go:57.63,59.3 1 1
github.com/bandprotocol/bandchain/chain/x/oracle/types/msgs.go:60.62,62.3 1 1
github.com/bandprotocol/bandchain/chain/x/oracle/types/msgs.go:63.30,65.3 1 1
github.com/bandprotocol/bandchain/chain/x/oracle/types/msgs.go:67.35,68.49 1 1
github.com/bandprotocol/bandchain/chain/x/oracle/types/msgs.go:71.3,72.41 2 1
github.com/bandprotocol/bandchain/chain/x/oracle/types/msgs.go:68.49,70.4 1 1
github.com/bandprotocol/bandchain/chain/x/oracle/types/msgs.go:72.41,74.4 1 1
github.com/bandprotocol/bandchain/chain/x/oracle/types/msgs.go:80.56,82.2 1 1
github.com/bandprotocol/bandchain/chain/x/oracle/types/msgs.go:85.48,87.2 1 1
github.com/bandprotocol/bandchain/chain/x/oracle/types/msgs.go:90.47,90.67 1 1
github.com/bandprotocol/bandchain/chain/x/oracle/types/msgs.go:93.46,93.77 1 1
github.com/bandprotocol/bandchain/chain/x/oracle/types/msgs.go:96.54,97.59 1 1
github.com/bandprotocol/bandchain/chain/x/oracle/types/msgs.go:100.2,100.60 1 1
github.com/bandprotocol/bandchain/chain/x/oracle/types/msgs.go:103.2,103.35 1 1
github.com/bandprotocol/bandchain/chain/x/oracle/types/msgs.go:106.2,106.49 1 1
github.com/bandprotocol/bandchain/chain/x/oracle/types/msgs.go:109.2,109.30 1 1
github.com/bandprotocol/bandchain/chain/x/oracle/types/msgs.go:112.2,112.45 1 1
github.com/bandprotocol/bandchain/chain/x/oracle/types/msgs.go:115.2,115.51 1 1
github.com/bandprotocol/bandchain/chain/x/oracle/types/msgs.go:118.2,118.12 1 1
github.com/bandprotocol/bandchain/chain/x/oracle/types/msgs.go:97.59,99.3 1 1
github.com/bandprotocol/bandchain/chain/x/oracle/types/msgs.go:100.60,102.3 1 1
github.com/bandprotocol/bandchain/chain/x/oracle/types/msgs.go:103.35,105.3 1 1
github.com/bandprotocol/bandchain/chain/x/oracle/types/msgs.go:106.49,108.3 1 1
github.com/bandprotocol/bandchain/chain/x/oracle/types/msgs.go:109.30,111.3 1 1
github.com/bandprotocol/bandchain/chain/x/oracle/types/msgs.go:112.45,114.3 1 1
github.com/bandprotocol/bandchain/chain/x/oracle/types/msgs.go:115.51,117.3 1 1
github.com/bandprotocol/bandchain/chain/x/oracle/types/msgs.go:122.62,124.2 1 1
github.com/bandprotocol/bandchain/chain/x/oracle/types/msgs.go:127.54,129.2 1 1
github.com/bandprotocol/bandchain/chain/x/oracle/types/msgs.go:132.45,132.65 1 1
github.com/bandprotocol/bandchain/chain/x/oracle/types/msgs.go:135.44,135.73 1 1
github.com/bandprotocol/bandchain/chain/x/oracle/types/msgs.go:138.52,139.59 1 1
github.com/bandprotocol/bandchain/chain/x/oracle/types/msgs.go:142.2,142.60 1 1
github.com/bandprotocol/bandchain/chain/x/oracle/types/msgs.go:145.2,145.35 1 1
github.com/bandprotocol/bandchain/chain/x/oracle/types/msgs.go:148.2,148.49 1 1
github.com/bandprotocol/bandchain/chain/x/oracle/types/msgs.go:151.2,151.30 1 1
github.com/bandprotocol/bandchain/chain/x/oracle/types/msgs.go:154.2,154.45 1 1
github.com/bandprotocol/bandchain/chain/x/oracle/types/msgs.go:157.2,157.12 1 1
github.com/bandprotocol/bandchain/chain/x/oracle/types/msgs.go:139.59,141.3 1 1
github.com/bandprotocol/bandchain/chain/x/oracle/types/msgs.go:142.60,144.3 1 1
github.com/bandprotocol/bandchain/chain/x/oracle/types/msgs.go:145.35,147.3 1 1
github.com/bandprotocol/bandchain/chain/x/oracle/types/msgs.go:148.49,150.3 1 1
github.com/bandprotocol/bandchain/chain/x/oracle/types/msgs.go:151.30,153.3 1 1
github.com/bandprotocol/bandchain/chain/x/oracle/types/msgs.go:154.45,156.3 1 1
github.com/bandprotocol/bandchain/chain/x/oracle/types/msgs.go:161.60,163.2 1 1
github.com/bandprotocol/bandchain/chain/x/oracle/types/msgs.go:166.52,168.2 1 1
github.com/bandprotocol/bandchain/chain/x/oracle/types/msgs.go:171.49,171.69 1 1
github.com/bandprotocol/bandchain/chain/x/oracle/types/msgs.go:174.48,174.81 1 1
github.com/bandprotocol/bandchain/chain/x/oracle/types/msgs.go:177.56,178.59 1 1
github.com/bandprotocol/bandchain/chain/x/oracle/types/msgs.go:181.2,181.60 1 1
github.com/bandprotocol/bandchain/chain/x/oracle/types/msgs.go:184.2,184.35 1 1
github.com/bandprotocol/bandchain/chain/x/oracle/types/msgs.go:187.2,187.49 1 1
github.com/bandprotocol/bandchain/chain/x/oracle/types/msgs.go:190.2,190.39 1 1
github.com/bandprotocol/bandchain/chain/x/oracle/types/msgs.go:193.2,193.43 1 1
github.com/bandprotocol/bandchain/chain/x/oracle/types/msgs.go:196.2,196.24 1 1
github.com/bandprotocol/bandchain/chain/x/oracle/types/msgs.go:199.2,199.37 1 1
github.com/bandprotocol/bandchain/chain/x/oracle/types/msgs.go:202.2,202.45 1 1
github.com/bandprotocol/bandchain/chain/x/oracle/types/msgs.go:205.2,205.12 1 1
github.com/bandprotocol/bandchain/chain/x/oracle/types/msgs.go:178.59,180.3 1 1
github.com/bandprotocol/bandchain/chain/x/oracle/types/msgs.go:181.60,183.3 1 1
github.com/bandprotocol/bandchain/chain/x/oracle/types/msgs.go:184.35,186.3 1 1
github.com/bandprotocol/bandchain/chain/x/oracle/types/msgs.go:187.49,189.3 1 1
github.com/bandprotocol/bandchain/chain/x/oracle/types/msgs.go:190.39,192.3 1 1
github.com/bandprotocol/bandchain/chain/x/oracle/types/msgs.go:193.43,195.3 1 1
github.com/bandprotocol/bandchain/chain/x/oracle/types/msgs.go:196.24,198.3 1 1
github.com/bandprotocol/bandchain/chain/x/oracle/types/msgs.go:199.37,201.3 1 1
github.com/bandprotocol/bandchain/chain/x/oracle/types/msgs.go:202.45,204.3 1 1
github.com/bandprotocol/bandchain/chain/x/oracle/types/msgs.go:209.64,211.2 1 1
github.com/bandprotocol/bandchain/chain/x/oracle/types/msgs.go:214.56,216.2 1 1
github.com/bandprotocol/bandchain/chain/x/oracle/types/msgs.go:219.47,219.67 1 1
github.com/bandprotocol/bandchain/chain/x/oracle/types/msgs.go:222.46,222.77 1 1
github.com/bandprotocol/bandchain/chain/x/oracle/types/msgs.go:225.54,226.59 1 1
github.com/bandprotocol/bandchain/chain/x/oracle/types/msgs.go:229.2,229.60 1 1
github.com/bandprotocol/bandchain/chain/x/oracle/types/msgs.go:232.2,232.35 1 1
github.com/bandprotocol/bandchain/chain/x/oracle/types/msgs.go:235.2,235.49 1 1
github.com/bandprotocol/bandchain/chain/x/oracle/types/msgs.go:238.2,238.39 1 1
github.com/bandprotocol/bandchain/chain/x/oracle/types/msgs.go:241.2,241.43 1 1
github.com/bandprotocol/bandchain/chain/x/oracle/types/msgs.go:244.2,244.24 1 1
github.com/bandprotocol/bandchain/chain/x/oracle/types/msgs.go:247.2,247.37 1 1
github.com/bandprotocol/bandchain/chain/x/oracle/types/msgs.go:250.2,250.12 1 1
github.com/bandprotocol/bandchain/chain/x/oracle/types/msgs.go:226.59,228.3 1 1
github.com/bandprotocol/bandchain/chain/x/oracle/types/msgs.go:229.60,231.3 1 1
github.com/bandprotocol/bandchain/chain/x/oracle/types/msgs.go:232.35,234.3 1 1
github.com/bandprotocol/bandchain/chain/x/oracle/types/msgs.go:235.49,237.3 1 1
github.com/bandprotocol/bandchain/chain/x/oracle/types/msgs.go:238.39,240.3 1 1
github.com/bandprotocol/bandchain/chain/x/oracle/types/msgs.go:241.43,243.3 1 1
github.com/bandprotocol/bandchain/chain/x/oracle/types/msgs.go:244.24,246.3 1 1
github.com/bandprotocol/bandchain/chain/x/oracle/types/msgs.go:247.37,249.3 1 1
github.com/bandprotocol/bandchain/chain/x/oracle/types/msgs.go:254.62,256.2 1 1
github.com/bandprotocol/bandchain/chain/x/oracle/types/msgs.go:259.54,261.2 1 1
github.com/bandprotocol/bandchain/chain/x/oracle/types/msgs.go:264.42,264.62 1 1
github.com/bandprotocol/bandchain/chain/x/oracle/types/msgs.go:267.41,267.66 1 1
github.com/bandprotocol/bandchain/chain/x/oracle/types/msgs.go:270.49,271.63 1 1
github.com/bandprotocol/bandchain/chain/x/oracle/types/msgs.go:274.2,274.62 1 1
github.com/bandprotocol/bandchain/chain/x/oracle/types/msgs.go:277.2,277.56 1 1
github.com/bandprotocol/bandchain/chain/x/oracle/types/msgs.go:280.2,280.12 1 1
github.com/bandprotocol/bandchain/chain/x/oracle/types/msgs.go:271.63,273.3 1 1
github.com/bandprotocol/bandchain/chain/x/oracle/types/msgs.go:274.62,276.3 1 1
github.com/bandprotocol/bandchain/chain/x/oracle/types/msgs.go:277.56,279.3 1 1
github.com/bandprotocol/bandchain/chain/x/oracle/types/msgs.go:284.57,286.2 1 1
github.com/bandprotocol/bandchain/chain/x/oracle/types/msgs.go:289.49,291.2 1 1
github.com/bandprotocol/bandchain/chain/x/oracle/types/msgs.go:294.45,294.65 1 1
github.com/bandprotocol/bandchain/chain/x/oracle/types/msgs.go:297.44,297.72 1 1
github.com/bandprotocol/bandchain/chain/x/oracle/types/msgs.go:300.52,301.63 1 1
github.com/bandprotocol/bandchain/chain/x/oracle/types/msgs.go:304.2,304.62 1 1
github.com/bandprotocol/bandchain/chain/x/oracle/types/msgs.go:307.2,307.56 1 1
github.com/bandprotocol/bandchain/chain/x/oracle/types/msgs.go:310.2,310.12 1 1
github.com/bandprotocol/bandchain/chain/x/oracle/types/msgs.go:301.63,303.3 1 1
github.com/bandprotocol/bandchain/chain/x/oracle/types/msgs.go:304.62,306.3 1 1
github.com/bandprotocol/bandchain/chain/x/oracle/types/msgs.go:307.56,309.3 1 1
github.com/bandprotocol/bandchain/chain/x/oracle/types/msgs.go:314.60,316.2 1 1
github.com/bandprotocol/bandchain/chain/x/oracle/types/msgs.go:319.52,321.2 1 1
github.com/bandprotocol/bandchain/chain/x/oracle/types/packets.go:10.52,12.2 1 1
github.com/bandprotocol/bandchain/chain/x/oracle/types/packets.go:15.53,17.2 1 1
github.com/bandprotocol/bandchain/chain/x/oracle/types/packets.go:20.95,22.2 1 1
github.com/bandprotocol/bandchain/chain/x/oracle/types/codec.go:12.13,16.2 3 1
github.com/bandprotocol/bandchain/chain/x/oracle/types/codec.go:19.38,30.2 10 1
github.com/bandprotocol/bandchain/chain/x/oracle/types/types.pb.go:51.40,53.2 1 0
github.com/bandprotocol/bandchain/chain/x/oracle/types/types.pb.go:55.55,57.2 1 0
github.com/bandprotocol/bandchain/chain/x/oracle/types/types.pb.go:69.42,69.67 1 0
github.com/bandprotocol/bandchain/chain/x/oracle/types/types.pb.go:70.42,70.79 1 0
github.com/bandprotocol/bandchain/chain/x/oracle/types/types.pb.go:71.43,71.44 0 0
github.com/bandprotocol/bandchain/chain/x/oracle/types/types.pb.go:72.53,74.2 1 0
github.com/bandprotocol/bandchain/chain/x/oracle/types/types.pb.go:75.56,77.2 1 0
github.com/bandprotocol/bandchain/chain/x/oracle/types/types.pb.go:78.84,79.19 1 0
github.com/bandprotocol/bandchain/chain/x/oracle/types/types.pb.go:79.19,81.3 1 0
github.com/bandprotocol/bandchain/chain/x/oracle/types/types.pb.go:81.8,84.17 3 0
github.com/bandprotocol/bandchain/chain/x/oracle/types/types.pb.go:87.3,87.20 1 0
github.com/bandprotocol/bandchain/chain/x/oracle/types/types.pb.go:84.17,86.4 1 0
github.com/bandprotocol/bandchain/chain/x/oracle/types/types.pb.go:90.55,92.2 1 0
github.com/bandprotocol/bandchain/chain/x/oracle/types/types.pb.go:93.41,95.2 1 0
github.com/bandprotocol/bandchain/chain/x/oracle/types/types.pb.go:96.47,98.2 1 0
github.com/bandprotocol/bandchain/chain/x/oracle/types/types.pb.go:102.61,103.14 1 0
github.com/bandprotocol/bandchain/chain/x/oracle/types/types.pb.go:106.2,106.10 1 0
github.com/bandprotocol/bandchain/chain/x/oracle/types/types.pb.go:103.14,105.3 1 0
github.com/bandprotocol/bandchain/chain/x/oracle/types/types.pb.go:109.47,110.14 1 0
github.com/bandprotocol/bandchain/chain/x/oracle/types/types.pb.go:113.2,113.12 1 0
github.com/bandprotocol/bandchain/chain/x/oracle/types/types.pb.go:110.14,112.3 1 0
github.com/bandprotocol/bandchain/chain/x/oracle/types/types.pb.go:116.47,117.14 1 0
github.com/bandprotocol/bandchain/chain/x/oracle/types/types.pb.go:120.2,120.10 1 0
github.com/bandprotocol/bandchain/chain/x/oracle/types/types.pb.go:117.14,119.3 1 0
github.com/bandprotocol/bandchain/chain/x/oracle/types/types.pb.go:123.47,124.14 1 0
github.com/bandprotocol/bandchain/chain/x/oracle/types/types.pb.go:127.2,127.10 1 0
github.com/bandprotocol/bandchain/chain/x/oracle/types/types.pb.go:124.14,126.3 1 0
github.com/bandprotocol/bandchain/chain/x/oracle/types/types.pb.go:130.47,131.14 1 0
github.com/bandprotocol/bandchain/chain/x/oracle/types/types.pb.go:134.2,134.11 1 0
github.com/bandprotocol/bandchain/chain/x/oracle/types/types.pb.go:131.14,133.3 1 0
github.com/bandprotocol/bandchain/chain/x/oracle/types/types.pb.go:137.84,138.14 1 0
github.com/bandprotocol/bandchain/chain/x/oracle/types/types.pb.go:141.2,141.12 1 0
github.com/bandprotocol/bandchain/chain/x/oracle/types/types.pb.go:138.14,140.3 1 0
github.com/bandprotocol/bandchain/chain/x/oracle/types/types.pb.go:153.41,153.65 1 0
github.com/bandprotocol/bandchain/chain/x/oracle/types/types.pb.go:154.41,154.78 1 0
github.com/bandprotocol/bandchain/chain/x/oracle/types/types.pb.go:155.42,155.43 0 0
github.com/bandprotocol/bandchain/chain/x/oracle/types/types.pb.go:156.52,158.2 1 0
github.com/bandprotocol/bandchain/chain/x/oracle/types/types.pb.go:159.55,161.2 1 0
github.com/bandprotocol/bandchain/chain/x/oracle/types/types.pb.go:162.83,163.19 1 0
github.com/bandprotocol/bandchain/chain/x/oracle/types/types.pb.go:163.19,165.3 1 0
github.com/bandprotocol/bandchain/chain/x/oracle/types/types.pb.go:165.8,168.17 3 0
github.com/bandprotocol/bandchain/chain/x/oracle/types/types.pb.go:171.3,171.20 1 0
github.com/bandprotocol/bandchain/chain/x/oracle/types/types.pb.go:168.17,170.4 1 0
github.com/bandprotocol/bandchain/chain/x/oracle/types/types.pb.go:174.54,176.2 1 0
github.com/bandprotocol/bandchain/chain/x/oracle/types/types.pb.go:177.40,179.2 1 0
github.com/bandprotocol/bandchain/chain/x/oracle/types/types.pb.go:180.46,182.2 1 0
github.com/bandprotocol/bandchain/chain/x/oracle/types/types.pb.go:186.50,187.14 1 0
github.com/bandprotocol/bandchain/chain/x/oracle/types/types.pb.go:190.2,190.10 1 0
github.com/bandprotocol/bandchain/chain/x/oracle/types/types.pb.go:187.14,189.3 1 0
github.com/bandprotocol/bandchain/chain/x/oracle/types/types.pb.go:193.53,194.14 1 0
github.com/bandprotocol/bandchain/chain/x/oracle/types/types.pb.go:197.2,197.12 1 0
github.com/bandprotocol/bandchain/chain/x/oracle/types/types.pb.go:194.14,196.3 1 0
github.com/bandprotocol/bandchain/chain/x/oracle/types/types.pb.go:200.86,201.14 1 0
github.com/bandprotocol/bandchain/chain/x/oracle/types/types.pb.go:204.2,204.12 1 0
github.com/bandprotocol/bandchain/chain/x/oracle/types/types.pb.go:201.14,203.3 1 0
github.com/bandprotocol/bandchain/chain/x/oracle/types/types.pb.go:207.85,208.14 1 0
github.com/bandprotocol/bandchain/chain/x/oracle/types/types.pb.go:211.2,211.12 1 0
github.com/bandprotocol/bandchain/chain/x/oracle/types/types.pb.go:208.14,210.3 1 0
github.com/bandprotocol/bandchain/chain/x/oracle/types/types.pb.go:223.47,223.77 1 0
github.com/bandprotocol/bandchain/chain/x/oracle/types/types.pb.go:224.47,224.84 1 0
github.com/bandprotocol/bandchain/chain/x/oracle/types/types.pb.go:225.48,225.49 0 0
github.com/bandprotocol/bandchain/chain/x/oracle/types/types.pb.go:226.58,228.2 1 0
github.com/bandprotocol/bandchain/chain/x/oracle/types/types.pb.go:229.61,231.2 1 0
github.com/bandprotocol/bandchain/chain/x/oracle/types/types.pb.go:232.89,233.19 1 0
github.com/bandprotocol/bandchain/chain/x/oracle/types/types.pb.go:233.19,235.3 1 0
github.com/bandprotocol/bandchain/chain/x/oracle/types/types.pb.go:235.8,238.17 3 0
github.com/bandprotocol/bandchain/chain/x/oracle/types/types.pb.go:241.3,241.20 1 0
github.com/bandprotocol/bandchain/chain/x/oracle/types/types.pb.go:238.17,240.4 1 0
github.com/bandprotocol/bandchain/chain/x/oracle/types/types.pb.go:244.60,246.2 1 0
github.com/bandprotocol/bandchain/chain/x/oracle/types/types.pb.go:247.46,249.2 1 0
github.com/bandprotocol/bandchain/chain/x/oracle/types/types.pb.go:250.52,252.2 1 0
github.com/bandprotocol/bandchain/chain/x/oracle/types/types.pb.go:256.88,257.14 1 0
github.com/bandprotocol/bandchain/chain/x/oracle/types/types.pb.go:260.2,260.12 1 0
github.com/bandprotocol/bandchain/chain/x/oracle/types/types.pb.go:257.14,259.3 1 0
github.com/bandprotocol/bandchain/chain/x/oracle/types/types.pb.go:263.48,264.14 1 0
github.com/bandprotocol/bandchain/chain/x/oracle/types/types.pb.go:267.2,267.11 1 0
github.com/bandprotocol/bandchain/chain/x/oracle/types/types.pb.go:264.14,266.3 1 0
github.com/bandprotocol/bandchain/chain/x/oracle/types/types.pb.go:270.55,271.14 1 0
github.com/bandprotocol/bandchain/chain/x/oracle/types/types.pb.go:274.2,274.11 1 0
github.com/bandprotocol/bandchain/chain/x/oracle/types/types.pb.go:271.14,273.3 1 0
github.com/bandprotocol/bandchain/chain/x/oracle/types/types.pb.go:277.54,278.14 1 0
github.com/bandprotocol/bandchain/chain/x/oracle/types/types.pb.go:281.2,281.12 1 0
github.com/bandprotocol/bandchain/chain/x/oracle/types/types.pb.go:278.14,280.3 1 0
github.com/bandprotocol/bandchain/chain/x/oracle/types/types.pb.go:284.89,285.14 1 0
github.com/bandprotocol/bandchain/chain/x/oracle/types/types.pb.go:288.2,288.12 1 0
github.com/bandprotocol/bandchain/chain/x/oracle/types/types.pb.go:285.14,287.3 1 0
github.com/bandprotocol/bandchain/chain/x/oracle/types/types.pb.go:301.45,301.73 1 0
github.com/bandprotocol/bandchain/chain/x/oracle/types/types.pb.go:302.45,302.82 1 0
github.com/bandprotocol/bandchain/chain/x/oracle/types/types.pb.go:303.46,303.47 0 0
github.com/bandprotocol/bandchain/chain/x/oracle/types/types.pb.go:304.56,306.2 1 0
github.com/bandprotocol/bandchain/chain/x/oracle/types/types.pb.go:307.59,309.2 1 0
github.com/bandprotocol/bandchain/chain/x/oracle/types/types.pb.go:310.87,311.19 1 0
github.com/bandprotocol/bandchain/chain/x/oracle/types/types.pb.go:311.19,313.3 1 0
github.com/bandprotocol/bandchain/chain/x/oracle/types/types.pb.go:313.8,316.17 3 0
github.com/bandprotocol/bandchain/chain/x/oracle/types/types.pb.go:319.3,319.20 1 0
github.com/bandprotocol/bandchain/chain/x/oracle/types/types.pb.go:316.17,318.4 1 0
github.com/bandprotocol/bandchain/chain/x/oracle/types/types.pb.go:322.58,324.2 1 0
github.com/bandprotocol/bandchain/chain/x/oracle/types/types.pb.go:325.44,327.2 1 0
github.com/bandprotocol/bandchain/chain/x/oracle/types/types.pb.go:328.50,330.2 1 0
github.com/bandprotocol/bandchain/chain/x/oracle/types/types.pb.go:334.60,335.14 1 0
github.com/bandprotocol/bandchain/chain/x/oracle/types/types.pb.go:338.2,338.10 1 0
github.com/bandprotocol/bandchain/chain/x/oracle/types/types.pb.go:335.14,337.3 1 0
github.com/bandprotocol/bandchain/chain/x/oracle/types/types.pb.go:341.86,342.14 1 0
github.com/bandprotocol/bandchain/chain/x/oracle/types/types.pb.go:345.2,345.12 1 0
github.com/bandprotocol/bandchain/chain/x/oracle/types/types.pb.go:342.14,344.3 1 0
github.com/bandprotocol/bandchain/chain/x/oracle/types/types.pb.go:348.46,349.14 1 0
github.com/bandprotocol/bandchain/chain/x/oracle/types/types.pb.go:352.2,352.11 1 0
github.com/bandprotocol/bandchain/chain/x/oracle/types/types.pb.go:349.14,351.3 1 0
github.com/bandprotocol/bandchain/chain/x/oracle/types/types.pb.go:355.53,356.14 1 0
github.com/bandprotocol/bandchain/chain/x/oracle/types/types.pb.go:359.2,359.11 1 0
github.com/bandprotocol/bandchain/chain/x/oracle/types/types.pb.go:356.14,358.3 1 0
github.com/bandprotocol/bandchain/chain/x/oracle/types/types.pb.go:362.52,363.14 1 0
github.com/bandprotocol/bandchain/chain/x/oracle/types/types.pb.go:366.2,366.12 1 0
github.com/bandprotocol/bandchain/chain/x/oracle/types/types.pb.go:363.14,365.3 1 0
github.com/bandprotocol/bandchain/chain/x/oracle/types/types.pb.go:369.87,370.14 1 0
github.com/bandprotocol/bandchain/chain/x/oracle/types/types.pb.go:373.2,373.12 1 0
github.com/bandprotocol/bandchain/chain/x/oracle/types/types.pb.go:370.14,372.3 1 0
github.com/bandprotocol/bandchain/chain/x/oracle/types/types.pb.go:387.49,387.81 1 0
github.com/bandprotocol/bandchain/chain/x/oracle/types/types.pb.go:388.49,388.86 1 0
github.com/bandprotocol/bandchain/chain/x/oracle/types/types.pb.go:389.50,389.51 0 0
github.com/bandprotocol/bandchain/chain/x/oracle/types/types.pb.go:390.60,392.2 1 0
github.com/bandprotocol/bandchain/chain/x/oracle/types/types.pb.go:393.63,395.2 1 0
github.com/bandprotocol/bandchain/chain/x/oracle/types/types.pb.go:396.91,397.19 1 0
github.com/bandprotocol/bandchain/chain/x/oracle/types/types.pb.go:397.19,399.3 1 0
github.com/bandprotocol/bandchain/chain/x/oracle/types/types.pb.go:399.8,402.17 3 0
github.com/bandprotocol/bandchain/chain/x/oracle/types/types.pb.go:405.3,405.20 1 0
github.com/bandprotocol/bandchain/chain/x/oracle/types/types.pb.go:402.17,404.4 1 0
github.com/bandprotocol/bandchain/chain/x/oracle/types/types.pb.go:408.62,410.2 1 0
github.com/bandprotocol/bandchain/chain/x/oracle/types/types.pb.go:411.48,413.2 1 0
github.com/bandprotocol/bandchain/chain/x/oracle/types/types.pb.go:414.54,416.2 1 0
github.com/bandprotocol/bandchain/chain/x/oracle/types/types.pb.go:420.90,421.14 1 0
github.com/bandprotocol/bandchain/chain/x/oracle/types/types.pb.go:424.2,424.12 1 0
github.com/bandprotocol/bandchain/chain/x/oracle/types/types.pb.go:421.14,423.3 1 0
github.com/bandprotocol/bandchain/chain/x/oracle/types/types.pb.go:427.50,428.14 1 0
github.com/bandprotocol/bandchain/chain/x/oracle/types/types.pb.go:431.2,431.11 1 0
github.com/bandprotocol/bandchain/chain/x/oracle/types/types.pb.go:428.14,430.3 1 0
github.com/bandprotocol/bandchain/chain/x/oracle/types/types.pb.go:434.57,435.14 1 0
github.com/bandprotocol/bandchain/chain/x/oracle/types/types.pb.go:438.2,438.11 1 0
github.com/bandprotocol/bandchain/chain/x/oracle/types/types.pb.go:435.14,437.3 1 0
github.com/bandprotocol/bandchain/chain/x/oracle/types/types.pb.go:441.50,442.14 1 0
github.com/bandprotocol/bandchain/chain/x/oracle/types/types.pb.go:445.2,445.12 1 0
github.com/bandprotocol/bandchain/chain/x/oracle/types/types.pb.go:442.14,444.3 1 0
github.com/bandprotocol/bandchain/chain/x/oracle/types/types.pb.go:448.52,449.14 1 0
github.com/bandprotocol/bandchain/chain/x/oracle/types/types.pb.go:452.2,452.11 1 0
github.com/bandprotocol/bandchain/chain/x/oracle/types/types.pb.go:449.14,451.3 1 0
github.com/bandprotocol/bandchain/chain/x/oracle/types/types.pb.go:455.59,456.14 1 0
github.com/bandprotocol/bandchain/chain/x/oracle/types/types.pb.go:459.2,459.11 1 0
github.com/bandprotocol/bandchain/chain/x/oracle/types/types.pb.go:456.14,458.3 1 0
github.com/bandprotocol/bandchain/chain/x/oracle/types/types.pb.go:462.91,463.14 1 0
github.com/bandprotocol/bandchain/chain/x/oracle/types/types.pb.go:466.2,466.12 1 0
github.com/bandprotocol/bandchain/chain/x/oracle/types/types.pb.go:463.14,465.3 1 0
github.com/bandprotocol/bandchain/chain/x/oracle/types/types.pb.go:481.47,481.77 1 0
github.com/bandprotocol/bandchain/chain/x/oracle/types/types.pb.go:482.47,482.84 1 0
github.com/bandprotocol/bandchain/chain/x/oracle/types/types.pb.go:483.48,483.49 0 0
github.com/bandprotocol/bandchain/chain/x/oracle/types/types.pb.go:484.58,486.2 1 0
github.com/bandprotocol/bandchain/chain/x/oracle/types/types.pb.go:487.61,489.2 1 0
github.com/bandprotocol/bandchain/chain/x/oracle/types/types.pb.go:490.89,491.19 1 0
github.com/bandprotocol/bandchain/chain/x/oracle/types/types.pb.go:491.19,493.3 1 0
github.com/bandprotocol/bandchain/chain/x/oracle/types/types.pb.go:493.8,496.17 3 0
github.com/bandprotocol/bandchain/chain/x/oracle/types/types.pb.go:499.3,499.20 1 0
github.com/bandprotocol/bandchain/chain/x/oracle/types/types.pb.go:496.17,498.4 1 0
github.com/bandprotocol/bandchain/chain/x/oracle/types/types.pb.go:502.60,504.2 1 0
github.com/bandprotocol/bandchain/chain/x/oracle/types/types.pb.go:505.46,507.2 1 0
github.com/bandprotocol/bandchain/chain/x/oracle/types/types.pb.go:508.52,510.2 1 0
github.com/bandprotocol/bandchain/chain/x/oracle/types/types.pb.go:514.66,515.14 1 0
github.com/bandprotocol/bandchain/chain/x/oracle/types/types.pb.go:518.2,518.10 1 0
github.com/bandprotocol/bandchain/chain/x/oracle/types/types.pb.go:515.14,517.3 1 0
github.com/bandprotocol/bandchain/chain/x/oracle/types/types.pb.go:521.88,522.14 1 0
github.com/bandprotocol/bandchain/chain/x/oracle/types/types.pb.go:525.2,525.12 1 0
github.com/bandprotocol/bandchain/chain/x/oracle/types/types.pb.go:522.14,524.3 1 0
github.com/bandprotocol/bandchain/chain/x/oracle/types/types.pb.go:528.48,529.14 1 0
github.com/bandprotocol/bandchain/chain/x/oracle/types/types.pb.go:532.2,532.11 1 0
github.com/bandprotocol/bandchain/chain/x/oracle/types/types.pb.go:529.14,531.3 1 0
github.com/bandprotocol/bandchain/chain/x/oracle/types/types.pb.go:535.55,536.14 1 0
github.com/bandprotocol/bandchain/chain/x/oracle/types/types.pb.go:539.2,539.11 1 0
github.com/bandprotocol/bandchain/chain/x/oracle/types/types.pb.go:536.14,538.3 1 0
github.com/bandprotocol/bandchain/chain/x/oracle/types/types.pb.go:542.48,543.14 1 0
github.com/bandprotocol/bandchain/chain/x/oracle/types/types.pb.go:546.2,546.12 1 0
github.com/bandprotocol/bandchain/chain/x/oracle/types/types.pb.go:543.14,545.3 1 0
github.com/bandprotocol/bandchain/chain/x/oracle/types/types.pb.go:549.50,550.14 1 0
github.com/bandprotocol/bandchain/chain/x/oracle/types/types.pb.go:553.2,553.11 1 0
github.com/bandprotocol/bandchain/chain/x/oracle/types/types.pb.go:550.14,552.3 1 0
github.com/bandprotocol/bandchain/chain/x/oracle/types/types.pb.go:556.57,557.14 1 0
github.com/bandprotocol/bandchain/chain/x/oracle/types/types.pb.go:560.2,560.11 1 0
github.com/bandprotocol/bandchain/chain/x/oracle/types/types.pb.go:557.14,559.3 1 0
github.com/bandprotocol/bandchain/chain/x/oracle/types/types.pb.go:563.89,564.14 1 0
github.com/bandprotocol/bandchain/chain/x/oracle/types/types.pb.go:567.2,567.12 1 0
github.com/bandprotocol/bandchain/chain/x/oracle/types/types.pb.go:564.14,566.3 1 0
github.com/bandprotocol/bandchain/chain/x/oracle/types/types.pb.go:577.42,577.67 1 0
github.com/bandprotocol/bandchain/chain/x/oracle/types/types.pb.go:578.42,578.79 1 0
github.com/bandprotocol/bandchain/chain/x/oracle/types/types.pb.go:579.43,579.44 0 0
github.com/bandprotocol/bandchain/chain/x/oracle/types/types.pb.go:580.53,582.2 1 0
github.com/bandprotocol/bandchain/chain/x/oracle/types/types.pb.go:583.56,585.2 1 0
github.com/bandprotocol/bandchain/chain/x/oracle/types/types.pb.go:586.84,587.19 1 0
github.com/bandprotocol/bandchain/chain/x/oracle/types/types.pb.go:587.19,589.3 1 0
github.com/bandprotocol/bandchain/chain/x/oracle/types/types.pb.go:589.8,592.17 3 0
github.com/bandprotocol/bandchain/chain/x/oracle/types/types.pb.go:595.3,595.20 1 0
github.com/bandprotocol/bandchain/chain/x/oracle/types/types.pb.go:592.17,594.4 1 0
github.com/bandprotocol/bandchain/chain/x/oracle/types/types.pb.go:598.55,600.2 1 0
github.com/bandprotocol/bandchain/chain/x/oracle/types/types.pb.go:601.41,603.2 1 0
github.com/bandprotocol/bandchain/chain/x/oracle/types/types.pb.go:604.47,606.2 1 0
github.com/bandprotocol/bandchain/chain/x/oracle/types/types.pb.go:610.87,611.14 1 0
github.com/bandprotocol/bandchain/chain/x/oracle/types/types.pb.go:614.2,614.12 1 0
github.com/bandprotocol/bandchain/chain/x/oracle/types/types.pb.go:611.14,613.3 1 0
github.com/bandprotocol/bandchain/chain/x/oracle/types/types.pb.go:617.86,618.14 1 0
github.com/bandprotocol/bandchain/chain/x/oracle/types/types.pb.go:621.2,621.12 1 0
github.com/bandprotocol/bandchain/chain/x/oracle/types/types.pb.go:618.14,620.3 1 0
github.com/bandprotocol/bandchain/chain/x/oracle/types/types.pb.go:631.45,631.73 1 0
github.com/bandprotocol/bandchain/chain/x/oracle/types/types.pb.go:632.45,632.82 1 0
github.com/bandprotocol/bandchain/chain/x/oracle/types/types.pb.go:633.46,633.47 0 0
github.com/bandprotocol/bandchain/chain/x/oracle/types/types.pb.go:634.56,636.2 1 0
github.com/bandprotocol/bandchain/chain/x/oracle/types/types.pb.go:637.59,639.2 1 0
github.com/bandprotocol/bandchain/chain/x/oracle/types/types.pb.go:640.87,641.19 1 0
github.com/bandprotocol/bandchain/chain/x/oracle/types/types.pb.go:641.19,643.3 1 0
github.com/bandprotocol/bandchain/chain/x/oracle/types/types.pb.go:643.8,646.17 3 0
github.com/bandprotocol/bandchain/chain/x/oracle/types/types.pb.go:649.3,649.20 1 0
github.com/bandprotocol/bandchain/chain/x/oracle/types/types.pb.go:646.17,648.4 1 0
github.com/bandprotocol/bandchain/chain/x/oracle/types/types.pb.go:652.58,654.2 1 0
github.com/bandprotocol/bandchain/chain/x/oracle/types/types.pb.go:655.44,657.2 1 0
github.com/bandprotocol/bandchain/chain/x/oracle/types/types.pb.go:658.50,660.2 1 0
github.com/bandprotocol/bandchain/chain/x/oracle/types/types.pb.go:664.90,665.14 1 0
github.com/bandprotocol/bandchain/chain/x/oracle/types/types.pb.go:668.2,668.12 1 0
github.com/bandprotocol/bandchain/chain/x/oracle/types/types.pb.go:665.14,667.3 1 0
github.com/bandprotocol/bandchain/chain/x/oracle/types/types.pb.go:671.89,672.14 1 0
github.com/bandprotocol/bandchain/chain/x/oracle/types/types.pb.go:675.2,675.12 1 0
github.com/bandprotocol/bandchain/chain/x/oracle/types/types.pb.go:672.14,674.3 1 0
github.com/bandprotocol/bandchain/chain/x/oracle/types/types.pb.go:686.38,686.59 1 0
github.com/bandprotocol/bandchain/chain/x/oracle/types/types.pb.go:687.38,687.75 1 0
github.com/bandprotocol/bandchain/chain/x/oracle/types/types.pb.go:688.39,688.40 0 0
github.com/bandprotocol/bandchain/chain/x/oracle/types/types.pb.go:689.49,691.2 1 0
github.com/bandprotocol/bandchain/chain/x/oracle/types/types.pb.go:692.52,694.2 1 0
github.com/bandprotocol/bandchain/chain/x/oracle/types/types.pb.go:695.80,696.19 1 0
github.com/bandprotocol/bandchain/chain/x/oracle/types/types.pb.go:696.19,698.3 1 0
github.com/bandprotocol/bandchain/chain/x/oracle/types/types.pb.go:698.8,701.17 3 0
github.com/bandprotocol/bandchain/chain/x/oracle/types/types.pb.go:704.3,704.20 1 0
github.com/bandprotocol/bandchain/chain/x/oracle/types/types.pb.go:701.17,703.4 1 0
github.com/bandprotocol/bandchain/chain/x/oracle/types/types.pb.go:707.51,709.2 1 0
github.com/bandprotocol/bandchain/chain/x/oracle/types/types.pb.go:710.37,712.2 1 0
github.com/bandprotocol/bandchain/chain/x/oracle/types/types.pb.go:713.43,715.2 1 0
github.com/bandprotocol/bandchain/chain/x/oracle/types/types.pb.go:719.79,720.14 1 0
github.com/bandprotocol/bandchain/chain/x/oracle/types/types.pb.go:723.2,723.12 1 0
github.com/bandprotocol/bandchain/chain/x/oracle/types/types.pb.go:720.14,722.3 1 0
github.com/bandprotocol/bandchain/chain/x/oracle/types/types.pb.go:726.39,727.14 1 0
github.com/bandprotocol/bandchain/chain/x/oracle/types/types.pb.go:730.2,730.11 1 0
github.com/bandprotocol/bandchain/chain/x/oracle/types/types.pb.go:727.14,729.3 1 0
github.com/bandprotocol/bandchain/chain/x/oracle/types/types.pb.go:733.46,734.14 1 0
github.com/bandprotocol/bandchain/chain/x/oracle/types/types.pb.go:737.2,737.11 1 0
github.com/bandprotocol/bandchain/chain/x/oracle/types/types.pb.go:734.14,736.3 1 0
github.com/bandprotocol/bandchain/chain/x/oracle/types/types.pb.go:740.43,741.14 1 0
github.com/bandprotocol/bandchain/chain/x/oracle/types/types.pb.go:744.2,744.11 1 0
github.com/bandprotocol/bandchain/chain/x/oracle/types/types.pb.go:741.14,743.3 1 0
github.com/bandprotocol/bandchain/chain/x/oracle/types/types.pb.go:757.40,757.63 1 0
[...]
github.com/bandprotocol/bandchain/chain/x/oracle/types/constructors.go:127.21,132.2 1 1
github.com/bandprotocol/bandchain/chain/x/oracle/types/constructors.go:139.14,146.2 1 0
github.com/bandprotocol/bandchain/chain/x/oracle/types/constructors.go:155.16,164.2 1 0
github.com/bandprotocol/bandchain/chain/x/oracle/types/constructors.go:170.14,176.2 1 0
github.com/bandprotocol/bandchain/chain/x/oracle/types/constructors.go:182.13,188.2 1 0
github.com/bandprotocol/bandchain/chain/x/oracle/types/constructors.go:196.27,204.2 1 0
github.com/bandprotocol/bandchain/chain/x/oracle/types/constructors.go:214.28,224.2 1 0
github.com/bandprotocol/bandchain/chain/x/oracle/types/constructors.go:236.11,248.2 1 0
github.com/bandprotocol/bandchain/chain/x/oracle/types/constructors.go:253.11,258.2 1 0
github.com/bandprotocol/bandchain/chain/x/oracle/types/constructors.go:264.10,270.2 1 0
github.com/bandprotocol/bandchain/chain/x/oracle/types/constructors.go:275.23,280.2 1 0
github.com/bandprotocol/bandchain/chain/x/oracle/types/constructors.go:289.10,298.2 1 0
github.com/bandprotocol/bandchain/chain/x/oracle/keeper/keeper.go:36.10,37.31 1 1
github.com/bandprotocol/bandchain/chain/x/oracle/keeper/keeper.go:40.2,49.3 1 1
github.com/bandprotocol/bandchain/chain/x/oracle/keeper/keeper.go:37.31,39.3 1 1
github.com/bandprotocol/bandchain/chain/x/oracle/keeper/keeper.go:53.52,55.2 1 1
github.com/bandprotocol/bandchain/chain/x/oracle/keeper/keeper.go:58.38,60.2 1 1
github.com/bandprotocol/bandchain/chain/x/oracle/keeper/keeper.go:63.68,66.2 2 1
github.com/bandprotocol/bandchain/chain/x/oracle/keeper/keeper.go:69.69,71.2 1 1
github.com/bandprotocol/bandchain/chain/x/oracle/keeper/keeper.go:74.66,77.2 2 1
github.com/bandprotocol/bandchain/chain/x/oracle/keeper/keeper.go:80.63,83.2 2 0
github.com/bandprotocol/bandchain/chain/x/oracle/keeper/keeper.go:86.56,89.15 3 1
github.com/bandprotocol/bandchain/chain/x/oracle/keeper/keeper.go:92.2,93.22 2 1
github.com/bandprotocol/bandchain/chain/x/oracle/keeper/keeper.go:89.15,91.3 1 1
github.com/bandprotocol/bandchain/chain/x/oracle/keeper/keeper.go:97.66,100.2 2 1
github.com/bandprotocol/bandchain/chain/x/oracle/keeper/keeper.go:103.62,106.15 3 1
github.com/bandprotocol/bandchain/chain/x/oracle/keeper/keeper.go:109.2,110.22 2 1
github.com/bandprotocol/bandchain/chain/x/oracle/keeper/keeper.go:106.15,108.3 1 1
github.com/bandprotocol/bandchain/chain/x/oracle/keeper/keeper.go:115.67,122.2 5 1
github.com/bandprotocol/bandchain/chain/x/oracle/keeper/keeper.go:125.59,129.15 4 1
github.com/bandprotocol/bandchain/chain/x/oracle/keeper/keeper.go:132.2,133.24 2 1
github.com/bandprotocol/bandchain/chain/x/oracle/keeper/keeper.go:129.15,131.3 1 1
github.com/bandprotocol/bandchain/chain/x/oracle/keeper/keeper.go:138.73,144.2 5 1
github.com/bandprotocol/bandchain/chain/x/oracle/keeper/keeper.go:147.61,151.15 4 1
github.com/bandprotocol/bandchain/chain/x/oracle/keeper/keeper.go:154.2,155.26 2 1
github.com/bandprotocol/bandchain/chain/x/oracle/keeper/keeper.go:151.15,153.3 1 1
github.com/bandprotocol/bandchain/chain/x/oracle/keeper/keeper.go:160.77,166.2 5 1
github.com/bandprotocol/bandchain/chain/x/oracle/keeper/keeper.go:170.64,173.2 2 1
github.com/bandprotocol/bandchain/chain/x/oracle/keeper/keeper.go:177.45,178.47 1 1
github.com/bandprotocol/bandchain/chain/x/oracle/keeper/keeper.go:181.2,181.34 1 1
github.com/bandprotocol/bandchain/chain/x/oracle/keeper/keeper.go:178.47,180.3 1 1
github.com/bandprotocol/bandchain/chain/x/oracle/keeper/keeper.go:185.45,187.2 1 1
github.com/bandprotocol/bandchain/chain/x/oracle/keeper/modify.go:8.50,9.33 1 1
github.com/bandprotocol/bandchain/chain/x/oracle/keeper/modify.go:12.2,12.15 1 1
github.com/bandprotocol/bandchain/chain/x/oracle/keeper/modify.go:9.33,11.3 1 1
github.com/bandprotocol/bandchain/chain/x/oracle/keeper/oracle_script.go:10.80,12.2 1 1
github.com/bandprotocol/bandchain/chain/x/oracle/keeper/oracle_script.go:15.103,17.15 2 1
github.com/bandprotocol/bandchain/chain/x/oracle/keeper/oracle_script.go:20.2,22.26 3 1
github.com/bandprotocol/bandchain/chain/x/oracle/keeper/oracle_script.go:17.15,19.3 1 1
github.com/bandprotocol/bandchain/chain/x/oracle/keeper/oracle_script.go:26.98,28.16 2 1
github.com/bandprotocol/bandchain/chain/x/oracle/keeper/oracle_script.go:31.2,31.21 1 1
github.com/bandprotocol/bandchain/chain/x/oracle/keeper/oracle_script.go:28.16,29.13 1 1
github.com/bandprotocol/bandchain/chain/x/oracle/keeper/oracle_script.go:35.108,38.2 2 1
github.com/bandprotocol/bandchain/chain/x/oracle/keeper/oracle_script.go:41.104,45.2 3 1
github.com/bandprotocol/bandchain/chain/x/oracle/keeper/oracle_script.go:48.104,58.2 8 1
github.com/bandprotocol/bandchain/chain/x/oracle/keeper/oracle_script.go:61.91,65.42 4 1
github.com/bandprotocol/bandchain/chain/x/oracle/keeper/oracle_script.go:70.2,70.22 1 1
github.com/bandprotocol/bandchain/chain/x/oracle/keeper/oracle_script.go:65.42,69.3 3 1
github.com/bandprotocol/bandchain/chain/x/oracle/keeper/querier.go:15.44,16.93 1 1
github.com/bandprotocol/bandchain/chain/x/oracle/keeper/querier.go:16.93,17.18 1 0
github.com/bandprotocol/bandchain/chain/x/oracle/keeper/querier.go:18.26,19.39 1 0
github.com/bandprotocol/bandchain/chain/x/oracle/keeper/querier.go:20.26,21.35 1 0
github.com/bandprotocol/bandchain/chain/x/oracle/keeper/querier.go:22.24,23.43 1 0
github.com/bandprotocol/bandchain/chain/x/oracle/keeper/querier.go:24.31,25.53 1 0
github.com/bandprotocol/bandchain/chain/x/oracle/keeper/querier.go:26.33,27.55 1 0
github.com/bandprotocol/bandchain/chain/x/oracle/keeper/querier.go:28.28,29.50 1 0
github.com/bandprotocol/bandchain/chain/x/oracle/keeper/querier.go:30.11,31.93 1 0
github.com/bandprotocol/bandchain/chain/x/oracle/keeper/querier.go:36.65,38.2 1 0
github.com/bandprotocol/bandchain/chain/x/oracle/keeper/querier.go:40.61,46.2 1 0
github.com/bandprotocol/bandchain/chain/x/oracle/keeper/querier.go:48.74,49.20 1 0
github.com/bandprotocol/bandchain/chain/x/oracle/keeper/querier.go:52.2,52.37 1 0
github.com/bandprotocol/bandchain/chain/x/oracle/keeper/querier.go:49.20,51.3 1 0
github.com/bandprotocol/bandchain/chain/x/oracle/keeper/querier.go:55.84,56.20 1 0
github.com/bandprotocol/bandchain/chain/x/oracle/keeper/querier.go:59.2,60.16 2 0
github.com/bandprotocol/bandchain/chain/x/oracle/keeper/querier.go:63.2,64.16 2 0
github.com/bandprotocol/bandchain/chain/x/oracle/keeper/querier.go:67.2,67.61 1 0
github.com/bandprotocol/bandchain/chain/x/oracle/keeper/querier.go:56.20,58.3 1 0
github.com/bandprotocol/bandchain/chain/x/oracle/keeper/querier.go:60.16,62.3 1 0
github.com/bandprotocol/bandchain/chain/x/oracle/keeper/querier.go:64.16,66.3 1 0
github.com/bandprotocol/bandchain/chain/x/oracle/keeper/querier.go:70.86,71.20 1 0
github.com/bandprotocol/bandchain/chain/x/oracle/keeper/querier.go:74.2,75.16 2 0
github.com/bandprotocol/bandchain/chain/x/oracle/keeper/querier.go:78.2,79.16 2 0
github.com/bandprotocol/bandchain/chain/x/oracle/keeper/querier.go:82.2,82.63 1 0
github.com/bandprotocol/bandchain/chain/x/oracle/keeper/querier.go:71.20,73.3 1 0
github.com/bandprotocol/bandchain/chain/x/oracle/keeper/querier.go:75.16,77.3 1 0
github.com/bandprotocol/bandchain/chain/x/oracle/keeper/querier.go:79.16,81.3 1 0
github.com/bandprotocol/bandchain/chain/x/oracle/keeper/querier.go:85.81,86.20 1 0
github.com/bandprotocol/bandchain/chain/x/oracle/keeper/querier.go:89.2,90.16 2 0
github.com/bandprotocol/bandchain/chain/x/oracle/keeper/querier.go:93.2,94.16 2 0
github.com/bandprotocol/bandchain/chain/x/oracle/keeper/querier.go:97.2,103.4 3 0
github.com/bandprotocol/bandchain/chain/x/oracle/keeper/querier.go:86.20,88.3 1 0
github.com/bandprotocol/bandchain/chain/x/oracle/keeper/querier.go:90.16,92.3 1 0
github.com/bandprotocol/bandchain/chain/x/oracle/keeper/querier.go:94.16,96.3 1 0
github.com/bandprotocol/bandchain/chain/x/oracle/keeper/relayer.go:22.115,25.9 3 1
github.com/bandprotocol/bandchain/chain/x/oracle/keeper/relayer.go:30.2,31.9 2 1
github.com/bandprotocol/bandchain/chain/x/oracle/keeper/relayer.go:36.2,37.9 2 1
github.com/bandprotocol/bandchain/chain/x/oracle/keeper/relayer.go:42.2,48.16 3 1
github.com/bandprotocol/bandchain/chain/x/oracle/keeper/relayer.go:25.9,28.3 2 1
github.com/bandprotocol/bandchain/chain/x/oracle/keeper/relayer.go:31.9,34.3 2 1
github.com/bandprotocol/bandchain/chain/x/oracle/keeper/relayer.go:37.9,40.3 2 1
github.com/bandprotocol/bandchain/chain/x/oracle/keeper/relayer.go:48.16,50.3 1 0
github.com/bandprotocol/bandchain/chain/x/oracle/keeper/report_info.go:10.86,12.2 1 1
github.com/bandprotocol/bandchain/chain/x/oracle/keeper/report_info.go:16.114,18.15 2 1
github.com/bandprotocol/bandchain/chain/x/oracle/keeper/report_info.go:21.2,23.13 3 1
github.com/bandprotocol/bandchain/chain/x/oracle/keeper/report_info.go:18.15,20.3 1 1
github.com/bandprotocol/bandchain/chain/x/oracle/keeper/report_info.go:27.109,29.2 1 1
github.com/bandprotocol/bandchain/chain/x/oracle/keeper/report_info.go:32.97,36.42 4 1
github.com/bandprotocol/bandchain/chain/x/oracle/keeper/report_info.go:41.2,41.14 1 1
github.com/bandprotocol/bandchain/chain/x/oracle/keeper/report_info.go:36.42,40.3 3 1
github.com/bandprotocol/bandchain/chain/x/oracle/keeper/result.go:11.69,13.2 1 1
github.com/bandprotocol/bandchain/chain/x/oracle/keeper/result.go:16.82,19.2 2 1
github.com/bandprotocol/bandchain/chain/x/oracle/keeper/result.go:22.80,24.15 2 1
github.com/bandprotocol/bandchain/chain/x/oracle/keeper/result.go:27.2,27.16 1 1
github.com/bandprotocol/bandchain/chain/x/oracle/keeper/result.go:24.15,26.3 1 1
github.com/bandprotocol/bandchain/chain/x/oracle/keeper/result.go:31.67,36.42 5 1
github.com/bandprotocol/bandchain/chain/x/oracle/keeper/result.go:48.2,48.16 1 1
github.com/bandprotocol/bandchain/chain/x/oracle/keeper/result.go:36.42,41.41 3 1
github.com/bandprotocol/bandchain/chain/x/oracle/keeper/result.go:45.3,46.31 2 1
github.com/bandprotocol/bandchain/chain/x/oracle/keeper/result.go:41.41,43.4 1 1
github.com/bandprotocol/bandchain/chain/x/oracle/keeper/infractions.go:13.91,18.46 4 1
github.com/bandprotocol/bandchain/chain/x/oracle/keeper/infractions.go:27.2,27.14 1 1
github.com/bandprotocol/bandchain/chain/x/oracle/keeper/infractions.go:32.2,34.40 2 1
github.com/bandprotocol/bandchain/chain/x/oracle/keeper/infractions.go:46.2,46.42 1 1
github.com/bandprotocol/bandchain/chain/x/oracle/keeper/infractions.go:18.46,25.3 5 1
github.com/bandprotocol/bandchain/chain/x/oracle/keeper/infractions.go:27.14,29.3 1 1
github.com/bandprotocol/bandchain/chain/x/oracle/keeper/infractions.go:29.8,31.3 1 1
github.com/bandprotocol/bandchain/chain/x/oracle/keeper/infractions.go:34.40,44.3 5 1
github.com/bandprotocol/bandchain/chain/x/oracle/keeper/validation.go:10.69,11.27 1 1
github.com/bandprotocol/bandchain/chain/x/oracle/keeper/validation.go:16.2,16.14 1 1
github.com/bandprotocol/bandchain/chain/x/oracle/keeper/validation.go:11.27,12.25 1 1
github.com/bandprotocol/bandchain/chain/x/oracle/keeper/validation.go:12.25,14.4 1 1
github.com/bandprotocol/bandchain/chain/x/oracle/keeper/validation.go:20.72,21.25 1 1
github.com/bandprotocol/bandchain/chain/x/oracle/keeper/validation.go:26.2,26.14 1 1
github.com/bandprotocol/bandchain/chain/x/oracle/keeper/validation.go:21.25,22.19 1 1
github.com/bandprotocol/bandchain/chain/x/oracle/keeper/validation.go:22.19,24.4 1 1
github.com/bandprotocol/bandchain/chain/x/oracle/keeper/request.go:14.70,16.2 1 1
github.com/bandprotocol/bandchain/chain/x/oracle/keeper/request.go:19.88,21.15 2 1
github.com/bandprotocol/bandchain/chain/x/oracle/keeper/request.go:24.2,26.21 3 1
github.com/bandprotocol/bandchain/chain/x/oracle/keeper/request.go:21.15,23.3 1 1
github.com/bandprotocol/bandchain/chain/x/oracle/keeper/request.go:30.83,32.16 2 1
github.com/bandprotocol/bandchain/chain/x/oracle/keeper/request.go:35.2,35.16 1 1
github.com/bandprotocol/bandchain/chain/x/oracle/keeper/request.go:32.16,33.13 1 1
github.com/bandprotocol/bandchain/chain/x/oracle/keeper/request.go:39.88,41.2 1 1
github.com/bandprotocol/bandchain/chain/x/oracle/keeper/request.go:44.68,46.2 1 1
github.com/bandprotocol/bandchain/chain/x/oracle/keeper/request.go:50.107,53.107 3 1
github.com/bandprotocol/bandchain/chain/x/oracle/keeper/request.go:58.2,58.30 1 1
github.com/bandprotocol/bandchain/chain/x/oracle/keeper/request.go:61.2,66.44 4 1
github.com/bandprotocol/bandchain/chain/x/oracle/keeper/request.go:69.2,69.24 1 1
github.com/bandprotocol/bandchain/chain/x/oracle/keeper/request.go:53.107,57.3 3 1
github.com/bandprotocol/bandchain/chain/x/oracle/keeper/request.go:58.30,60.3 1 1
github.com/bandprotocol/bandchain/chain/x/oracle/keeper/request.go:66.44,68.3 1 1
github.com/bandprotocol/bandchain/chain/x/oracle/keeper/request.go:73.80,77.2 3 1
github.com/bandprotocol/bandchain/chain/x/oracle/keeper/request.go:81.139,106.2 6 1
github.com/bandprotocol/bandchain/chain/x/oracle/keeper/request.go:109.57,116.50 4 0
github.com/bandprotocol/bandchain/chain/x/oracle/keeper/request.go:116.50,120.65 2 0
github.com/bandprotocol/bandchain/chain/x/oracle/keeper/request.go:125.3,125.57 1 0
github.com/bandprotocol/bandchain/chain/x/oracle/keeper/request.go:132.3,134.52 2 0
github.com/bandprotocol/bandchain/chain/x/oracle/keeper/request.go:120.65,121.9 1 0
github.com/bandprotocol/bandchain/chain/x/oracle/keeper/request.go:125.57,127.26 2 0
github.com/bandprotocol/bandchain/chain/x/oracle/keeper/request.go:127.26,129.5 1 0
github.com/bandprotocol/bandchain/chain/x/oracle/keeper/request.go:139.72,143.2 3 1
github.com/bandprotocol/bandchain/chain/x/oracle/keeper/request.go:146.79,148.15 2 1
github.com/bandprotocol/bandchain/chain/x/oracle/keeper/request.go:151.2,151.67 1 1
github.com/bandprotocol/bandchain/chain/x/oracle/keeper/request.go:148.15,150.3 1 1
github.com/bandprotocol/bandchain/chain/x/oracle/keeper/request.go:155.80,157.18 2 1
github.com/bandprotocol/bandchain/chain/x/oracle/keeper/request.go:160.2,161.12 2 1
github.com/bandprotocol/bandchain/chain/x/oracle/keeper/request.go:157.18,159.3 1 1
github.com/bandprotocol/bandchain/chain/x/oracle/keeper/owasm.go:21.100,23.54 2 1
github.com/bandprotocol/bandchain/chain/x/oracle/keeper/owasm.go:27.2,31.16 4 1
github.com/bandprotocol/bandchain/chain/x/oracle/keeper/owasm.go:35.2,42.16 4 1
github.com/bandprotocol/bandchain/chain/x/oracle/keeper/owasm.go:45.2,47.19 3 1
github.com/bandprotocol/bandchain/chain/x/oracle/keeper/owasm.go:52.2,52.46 1 1
github.com/bandprotocol/bandchain/chain/x/oracle/keeper/owasm.go:56.2,66.46 4 1
github.com/bandprotocol/bandchain/chain/x/oracle/keeper/owasm.go:69.2,71.46 2 1
github.com/bandprotocol/bandchain/chain/x/oracle/keeper/owasm.go:84.2,84.12 1 1
github.com/bandprotocol/bandchain/chain/x/oracle/keeper/owasm.go:23.54,25.3 1 1
github.com/bandprotocol/bandchain/chain/x/oracle/keeper/owasm.go:31.16,33.3 1 1
github.com/bandprotocol/bandchain/chain/x/oracle/keeper/owasm.go:42.16,44.3 1 1
github.com/bandprotocol/bandchain/chain/x/oracle/keeper/owasm.go:47.19,50.3 2 0
github.com/bandprotocol/bandchain/chain/x/oracle/keeper/owasm.go:52.46,54.3 1 1
github.com/bandprotocol/bandchain/chain/x/oracle/keeper/owasm.go:66.46,68.3 1 1
github.com/bandprotocol/bandchain/chain/x/oracle/keeper/owasm.go:71.46,73.17 2 1
github.com/bandprotocol/bandchain/chain/x/oracle/keeper/owasm.go:76.3,82.5 1 1
github.com/bandprotocol/bandchain/chain/x/oracle/keeper/owasm.go:73.17,75.4 1 1
github.com/bandprotocol/bandchain/chain/x/oracle/keeper/owasm.go:89.72,97.19 8 1
github.com/bandprotocol/bandchain/chain/x/oracle/keeper/owasm.go:105.2,105.24 1 1
github.com/bandprotocol/bandchain/chain/x/oracle/keeper/owasm.go:97.19,102.3 2 0
github.com/bandprotocol/bandchain/chain/x/oracle/keeper/owasm.go:102.8,104.3 1 1
github.com/bandprotocol/bandchain/chain/x/oracle/keeper/owasm.go:105.24,107.3 1 1
github.com/bandprotocol/bandchain/chain/x/oracle/keeper/report.go:10.90,12.2 1 1
github.com/bandprotocol/bandchain/chain/x/oracle/keeper/report.go:15.83,18.2 2 1
github.com/bandprotocol/bandchain/chain/x/oracle/keeper/report.go:22.89,24.16 2 1
github.com/bandprotocol/bandchain/chain/x/oracle/keeper/report.go:27.2,27.58 1 1
github.com/bandprotocol/bandchain/chain/x/oracle/keeper/report.go:31.2,31.42 1 1
github.com/bandprotocol/bandchain/chain/x/oracle/keeper/report.go:35.2,35.51 1 1
github.com/bandprotocol/bandchain/chain/x/oracle/keeper/report.go:38.2,38.37 1 1
github.com/bandprotocol/bandchain/chain/x/oracle/keeper/report.go:46.2,47.12 2 1
github.com/bandprotocol/bandchain/chain/x/oracle/keeper/report.go:24.16,26.3 1 1
github.com/bandprotocol/bandchain/chain/x/oracle/keeper/report.go:27.58,30.3 1 1
github.com/bandprotocol/bandchain/chain/x/oracle/keeper/report.go:31.42,34.3 1 1
github.com/bandprotocol/bandchain/chain/x/oracle/keeper/report.go:35.51,37.3 1 1
github.com/bandprotocol/bandchain/chain/x/oracle/keeper/report.go:38.37,41.54 1 1
github.com/bandprotocol/bandchain/chain/x/oracle/keeper/report.go:41.54,44.4 1 1
github.com/bandprotocol/bandchain/chain/x/oracle/keeper/report.go:51.86,53.2 1 1
github.com/bandprotocol/bandchain/chain/x/oracle/keeper/report.go:56.85,59.42 3 1
github.com/bandprotocol/bandchain/chain/x/oracle/keeper/report.go:62.2,62.14 1 1
github.com/bandprotocol/bandchain/chain/x/oracle/keeper/report.go:59.42,61.3 1 1
github.com/bandprotocol/bandchain/chain/x/oracle/keeper/report.go:66.91,69.42 3 1
github.com/bandprotocol/bandchain/chain/x/oracle/keeper/report.go:74.2,74.16 1 1
github.com/bandprotocol/bandchain/chain/x/oracle/keeper/report.go:69.42,73.3 3 1
github.com/bandprotocol/bandchain/chain/x/oracle/keeper/report.go:78.69,82.42 4 1
github.com/bandprotocol/bandchain/chain/x/oracle/keeper/report.go:85.2,85.27 1 1
github.com/bandprotocol/bandchain/chain/x/oracle/keeper/report.go:82.42,84.3 1 1
github.com/bandprotocol/bandchain/chain/x/oracle/keeper/report.go:85.27,87.3 1 1
github.com/bandprotocol/bandchain/chain/x/oracle/keeper/report.go:92.73,95.33 3 1
github.com/bandprotocol/bandchain/chain/x/oracle/keeper/report.go:98.2,99.50 2 1
github.com/bandprotocol/bandchain/chain/x/oracle/keeper/report.go:95.33,97.3 1 1
github.com/bandprotocol/bandchain/chain/x/oracle/keeper/report.go:99.50,102.3 2 1
github.com/bandprotocol/bandchain/chain/x/oracle/keeper/reporter.go:10.91,11.38 1 1
github.com/bandprotocol/bandchain/chain/x/oracle/keeper/reporter.go:14.2,14.71 1 1
github.com/bandprotocol/bandchain/chain/x/oracle/keeper/reporter.go:11.38,13.3 1 1
github.com/bandprotocol/bandchain/chain/x/oracle/keeper/reporter.go:18.93,19.34 1 1
github.com/bandprotocol/bandchain/chain/x/oracle/keeper/reporter.go:23.2,24.12 2 1
github.com/bandprotocol/bandchain/chain/x/oracle/keeper/reporter.go:19.34,22.3 1 1
github.com/bandprotocol/bandchain/chain/x/oracle/keeper/reporter.go:28.96,29.35 1 1
github.com/bandprotocol/bandchain/chain/x/oracle/keeper/reporter.go:33.2,34.12 2 1
github.com/bandprotocol/bandchain/chain/x/oracle/keeper/reporter.go:29.35,32.3 1 1
github.com/bandprotocol/bandchain/chain/x/oracle/keeper/data_source.go:10.76,12.2 1 1
github.com/bandprotocol/bandchain/chain/x/oracle/keeper/data_source.go:15.97,17.15 2 1
github.com/bandprotocol/bandchain/chain/x/oracle/keeper/data_source.go:20.2,22.24 3 1
github.com/bandprotocol/bandchain/chain/x/oracle/keeper/data_source.go:17.15,19.3 1 1
github.com/bandprotocol/bandchain/chain/x/oracle/keeper/data_source.go:26.92,28.16 2 1
github.com/bandprotocol/bandchain/chain/x/oracle/keeper/data_source.go:31.2,31.19 1 1
github.com/bandprotocol/bandchain/chain/x/oracle/keeper/data_source.go:28.16,29.13 1 1
github.com/bandprotocol/bandchain/chain/x/oracle/keeper/data_source.go:35.100,38.2 2 1
github.com/bandprotocol/bandchain/chain/x/oracle/keeper/data_source.go:41.96,45.2 3 1
github.com/bandprotocol/bandchain/chain/x/oracle/keeper/data_source.go:48.98,55.2 6 1
github.com/bandprotocol/bandchain/chain/x/oracle/keeper/data_source.go:58.85,62.42 4 1
github.com/bandprotocol/bandchain/chain/x/oracle/keeper/data_source.go:67.2,67.20 1 1
github.com/bandprotocol/bandchain/chain/x/oracle/keeper/data_source.go:62.42,66.3 3 1
