mode: set
github.com/bandprotocol/bandchain/chain/byteexec/byteexec.go:21.59,23.16 2 1
github.com/bandprotocol/bandchain/chain/byteexec/byteexec.go:26.2,28.16 3 1
github.com/bandprotocol/bandchain/chain/byteexec/byteexec.go:31.2,32.16 2 1
github.com/bandprotocol/bandchain/chain/byteexec/byteexec.go:35.2,35.27 1 1
github.com/bandprotocol/bandchain/chain/byteexec/byteexec.go:23.16,25.3 1 0
github.com/bandprotocol/bandchain/chain/byteexec/byteexec.go:28.16,30.3 1 0
github.com/bandprotocol/bandchain/chain/byteexec/byteexec.go:32.16,34.3 1 0
github.com/bandprotocol/bandchain/chain/byteexec/byteexec.go:39.87,41.16 2 1
github.com/bandprotocol/bandchain/chain/byteexec/byteexec.go:45.2,46.16 2 1
github.com/bandprotocol/bandchain/chain/byteexec/byteexec.go:50.2,56.61 4 1
github.com/bandprotocol/bandchain/chain/byteexec/byteexec.go:41.16,43.3 1 0
github.com/bandprotocol/bandchain/chain/byteexec/byteexec.go:46.16,48.3 1 0
github.com/bandprotocol/bandchain/chain/byteexec/byteexec.go:60.106,62.16 2 0
github.com/bandprotocol/bandchain/chain/byteexec/byteexec.go:66.2,67.16 2 0
github.com/bandprotocol/bandchain/chain/byteexec/byteexec.go:70.2,73.17 3 0
github.com/bandprotocol/bandchain/chain/byteexec/byteexec.go:76.2,81.16 3 0
github.com/bandprotocol/bandchain/chain/byteexec/byteexec.go:85.2,91.16 4 0
github.com/bandprotocol/bandchain/chain/byteexec/byteexec.go:94.2,98.64 4 0
github.com/bandprotocol/bandchain/chain/byteexec/byteexec.go:62.16,64.3 1 0
github.com/bandprotocol/bandchain/chain/byteexec/byteexec.go:67.16,69.3 1 0
github.com/bandprotocol/bandchain/chain/byteexec/byteexec.go:73.17,75.3 1 0
github.com/bandprotocol/bandchain/chain/byteexec/byteexec.go:81.16,83.3 1 0
github.com/bandprotocol/bandchain/chain/byteexec/byteexec.go:91.16,93.3 1 0
github.com/bandprotocol/bandchain/chain/byteexec/byteexec.go:102.115,116.16 2 0
github.com/bandprotocol/bandchain/chain/byteexec/byteexec.go:120.2,120.21 1 0
github.com/bandprotocol/bandchain/chain/byteexec/byteexec.go:124.2,132.16 4 0
github.com/bandprotocol/bandchain/chain/byteexec/byteexec.go:136.2,136.30 1 0
github.com/bandprotocol/bandchain/chain/byteexec/byteexec.go:116.16,118.3 1 0
github.com/bandprotocol/bandchain/chain/byteexec/byteexec.go:120.21,122.3 1 0
github.com/bandprotocol/bandchain/chain/byteexec/byteexec.go:132.16,134.3 1 0
github.com/bandprotocol/bandchain/chain/owasm/utils.go:5.62,7.2 1 1
github.com/bandprotocol/bandchain/chain/owasm/execute.go:18.46,32.16 3 1
github.com/bandprotocol/bandchain/chain/owasm/execute.go:35.2,36.9 2 1
github.com/bandprotocol/bandchain/chain/owasm/execute.go:39.2,40.37 2 1
github.com/bandprotocol/bandchain/chain/owasm/execute.go:32.16,34.3 1 0
github.com/bandprotocol/bandchain/chain/owasm/execute.go:36.9,38.3 1 0
github.com/bandprotocol/bandchain/chain/owasm/gas_policy.go:202.64,204.12 2 1
github.com/bandprotocol/bandchain/chain/owasm/gas_policy.go:207.2,207.16 1 1
github.com/bandprotocol/bandchain/chain/owasm/gas_policy.go:204.12,206.3 1 0
github.com/bandprotocol/bandchain/chain/owasm/mock.go:21.64,23.2 1 1
github.com/bandprotocol/bandchain/chain/owasm/mock.go:25.71,27.2 1 1
github.com/bandprotocol/bandchain/chain/owasm/mock.go:29.72,31.2 1 1
github.com/bandprotocol/bandchain/chain/owasm/mock.go:33.70,35.2 1 0
github.com/bandprotocol/bandchain/chain/owasm/mock.go:37.64,39.2 1 0
github.com/bandprotocol/bandchain/chain/owasm/mock.go:41.66,43.2 1 0
github.com/bandprotocol/bandchain/chain/owasm/mock.go:45.94,47.2 1 0
github.com/bandprotocol/bandchain/chain/owasm/mock.go:49.65,51.2 1 1
github.com/bandprotocol/bandchain/chain/owasm/mock.go:53.79,55.2 1 1
github.com/bandprotocol/bandchain/chain/owasm/mock.go:61.9,65.2 2 1
github.com/bandprotocol/bandchain/chain/owasm/mock.go:70.26,71.71 1 1
github.com/bandprotocol/bandchain/chain/owasm/mock.go:75.2,75.87 1 1
github.com/bandprotocol/bandchain/chain/owasm/mock.go:79.2,80.70 2 1
github.com/bandprotocol/bandchain/chain/owasm/mock.go:71.71,73.3 1 0
github.com/bandprotocol/bandchain/chain/owasm/mock.go:75.87,77.3 1 0
github.com/bandprotocol/bandchain/chain/owasm/resolver.go:15.74,16.21 1 1
github.com/bandprotocol/bandchain/chain/owasm/resolver.go:19.2,19.15 1 1
github.com/bandprotocol/bandchain/chain/owasm/resolver.go:16.21,17.63 1 0
github.com/bandprotocol/bandchain/chain/owasm/resolver.go:20.29,21.38 1 1
github.com/bandprotocol/bandchain/chain/owasm/resolver.go:22.36,23.45 1 1
github.com/bandprotocol/bandchain/chain/owasm/resolver.go:24.37,25.46 1 1
github.com/bandprotocol/bandchain/chain/owasm/resolver.go:26.35,27.44 1 0
github.com/bandprotocol/bandchain/chain/owasm/resolver.go:28.29,29.38 1 0
github.com/bandprotocol/bandchain/chain/owasm/resolver.go:30.31,31.40 1 0
github.com/bandprotocol/bandchain/chain/owasm/resolver.go:32.30,33.39 1 0
github.com/bandprotocol/bandchain/chain/owasm/resolver.go:34.25,35.34 1 1
github.com/bandprotocol/bandchain/chain/owasm/resolver.go:36.22,37.31 1 1
github.com/bandprotocol/bandchain/chain/owasm/resolver.go:38.24,39.33 1 1
github.com/bandprotocol/bandchain/chain/owasm/resolver.go:40.29,41.38 1 1
github.com/bandprotocol/bandchain/chain/owasm/resolver.go:42.35,43.44 1 0
github.com/bandprotocol/bandchain/chain/owasm/resolver.go:44.29,45.38 1 1
github.com/bandprotocol/bandchain/chain/owasm/resolver.go:46.26,47.35 1 1
github.com/bandprotocol/bandchain/chain/owasm/resolver.go:48.10,49.61 1 0
github.com/bandprotocol/bandchain/chain/owasm/resolver.go:53.62,54.63 1 0
github.com/bandprotocol/bandchain/chain/owasm/resolver.go:57.78,59.2 1 1
github.com/bandprotocol/bandchain/chain/owasm/resolver.go:61.85,63.2 1 1
github.com/bandprotocol/bandchain/chain/owasm/resolver.go:65.86,67.2 1 1
github.com/bandprotocol/bandchain/chain/owasm/resolver.go:69.84,71.2 1 0
github.com/bandprotocol/bandchain/chain/owasm/resolver.go:73.78,75.2 1 0
github.com/bandprotocol/bandchain/chain/owasm/resolver.go:77.80,79.2 1 0
github.com/bandprotocol/bandchain/chain/owasm/resolver.go:81.79,85.16 4 0
github.com/bandprotocol/bandchain/chain/owasm/resolver.go:88.2,89.10 2 0
github.com/bandprotocol/bandchain/chain/owasm/resolver.go:85.16,87.3 1 0
github.com/bandprotocol/bandchain/chain/owasm/resolver.go:92.74,94.2 1 1
github.com/bandprotocol/bandchain/chain/owasm/resolver.go:96.71,102.2 5 1
github.com/bandprotocol/bandchain/chain/owasm/resolver.go:104.73,107.52 3 1
github.com/bandprotocol/bandchain/chain/owasm/resolver.go:110.2,112.10 3 1
github.com/bandprotocol/bandchain/chain/owasm/resolver.go:107.52,109.3 1 1
github.com/bandprotocol/bandchain/chain/owasm/resolver.go:115.78,120.66 5 1
github.com/bandprotocol/bandchain/chain/owasm/resolver.go:123.2,126.16 4 1
github.com/bandprotocol/bandchain/chain/owasm/resolver.go:129.2,129.10 1 1
github.com/bandprotocol/bandchain/chain/owasm/resolver.go:120.66,122.3 1 1
github.com/bandprotocol/bandchain/chain/owasm/resolver.go:126.16,128.3 1 0
github.com/bandprotocol/bandchain/chain/owasm/resolver.go:132.84,136.16 4 0
github.com/bandprotocol/bandchain/chain/owasm/resolver.go:139.2,139.26 1 0
github.com/bandprotocol/bandchain/chain/owasm/resolver.go:136.16,138.3 1 0
github.com/bandprotocol/bandchain/chain/owasm/resolver.go:142.78,146.16 4 1
github.com/bandprotocol/bandchain/chain/owasm/resolver.go:149.2,149.33 1 1
github.com/bandprotocol/bandchain/chain/owasm/resolver.go:146.16,148.3 1 0
github.com/bandprotocol/bandchain/chain/owasm/resolver.go:152.75,159.16 7 1
github.com/bandprotocol/bandchain/chain/owasm/resolver.go:162.2,163.10 2 1
github.com/bandprotocol/bandchain/chain/owasm/resolver.go:159.16,161.3 1 0
github.com/bandprotocol/bandchain/chain/owasm/resolver.go:166.71,171.2 1 1
github.com/bandprotocol/bandchain/chain/x/oracle/types/key.go:60.50,62.2 1 1
github.com/bandprotocol/bandchain/chain/x/oracle/types/key.go:65.97,70.2 4 1
github.com/bandprotocol/bandchain/chain/x/oracle/types/key.go:73.80,77.2 3 1
github.com/bandprotocol/bandchain/chain/x/oracle/types/key.go:80.112,85.2 4 1
github.com/bandprotocol/bandchain/chain/x/oracle/types/key.go:88.59,90.2 1 1
github.com/bandprotocol/bandchain/chain/x/oracle/types/key.go:93.65,95.2 1 1
github.com/bandprotocol/bandchain/chain/x/oracle/types/key.go:98.95,102.2 3 0
github.com/bandprotocol/bandchain/chain/x/oracle/types/key.go:105.67,107.2 1 0
github.com/bandprotocol/bandchain/chain/x/oracle/types/key.go:110.64,114.2 3 1
github.com/bandprotocol/bandchain/chain/x/oracle/types/key.go:119.32,124.2 4 1
github.com/bandprotocol/bandchain/chain/x/oracle/types/querier.go:23.36,26.2 1 0
github.com/bandprotocol/bandchain/chain/x/oracle/types/querier.go:30.38,32.2 1 0
github.com/bandprotocol/bandchain/chain/x/oracle/types/querier.go:50.25,59.2 1 0
github.com/bandprotocol/bandchain/chain/x/oracle/types/querier.go:75.27,83.2 1 0
github.com/bandprotocol/bandchain/chain/x/oracle/types/querier.go:99.22,107.2 1 0
github.com/bandprotocol/bandchain/chain/x/oracle/types/request.go:42.11,55.2 1 0
github.com/bandprotocol/bandchain/chain/x/oracle/types/request.go:64.83,69.2 1 0
github.com/bandprotocol/bandchain/chain/x/oracle/types/request.go:78.121,83.2 1 0
github.com/bandprotocol/bandchain/chain/x/oracle/types/result.go:26.10,35.2 1 0
github.com/bandprotocol/bandchain/chain/x/oracle/types/result.go:39.40,40.17 1 0
github.com/bandprotocol/bandchain/chain/x/oracle/types/result.go:43.2,50.3 1 0
github.com/bandprotocol/bandchain/chain/x/oracle/types/result.go:40.17,41.93 1 0
github.com/bandprotocol/bandchain/chain/x/oracle/types/result.go:54.44,64.2 7 0
github.com/bandprotocol/bandchain/chain/x/oracle/types/codec.go:12.13,16.2 3 1
github.com/bandprotocol/bandchain/chain/x/oracle/types/codec.go:19.38,30.2 10 1
github.com/bandprotocol/bandchain/chain/x/oracle/types/oracle_script.go:18.16,25.2 1 0
github.com/bandprotocol/bandchain/chain/x/oracle/types/packets.go:51.27,59.2 1 0
github.com/bandprotocol/bandchain/chain/x/oracle/types/packets.go:61.50,74.2 1 0
github.com/bandprotocol/bandchain/chain/x/oracle/types/packets.go:76.56,79.2 1 0
github.com/bandprotocol/bandchain/chain/x/oracle/types/packets.go:81.52,83.2 1 0
github.com/bandprotocol/bandchain/chain/x/oracle/types/packets.go:88.28,98.2 1 0
github.com/bandprotocol/bandchain/chain/x/oracle/types/packets.go:100.51,117.2 1 0
github.com/bandprotocol/bandchain/chain/x/oracle/types/packets.go:119.57,122.2 1 0
github.com/bandprotocol/bandchain/chain/x/oracle/types/packets.go:124.53,126.2 1 0
github.com/bandprotocol/bandchain/chain/x/oracle/types/data_source.go:20.14,28.2 1 0
github.com/bandprotocol/bandchain/chain/x/oracle/types/report.go:12.66,17.2 1 0
github.com/bandprotocol/bandchain/chain/x/oracle/types/report.go:27.105,33.2 1 1
github.com/bandprotocol/bandchain/chain/x/oracle/types/report.go:46.23,51.2 1 0
github.com/bandprotocol/bandchain/chain/x/oracle/types/util.go:7.37,11.2 3 1
github.com/bandprotocol/bandchain/chain/x/oracle/types/msgs.go:29.18,38.2 1 1
github.com/bandprotocol/bandchain/chain/x/oracle/types/msgs.go:41.42,41.62 1 1
github.com/bandprotocol/bandchain/chain/x/oracle/types/msgs.go:44.41,44.61 1 1
github.com/bandprotocol/bandchain/chain/x/oracle/types/msgs.go:47.49,48.24 1 1
github.com/bandprotocol/bandchain/chain/x/oracle/types/msgs.go:51.2,51.29 1 1
github.com/bandprotocol/bandchain/chain/x/oracle/types/msgs.go:54.2,54.39 1 1
github.com/bandprotocol/bandchain/chain/x/oracle/types/msgs.go:60.2,60.64 1 1
github.com/bandprotocol/bandchain/chain/x/oracle/types/msgs.go:67.2,67.12 1 1
github.com/bandprotocol/bandchain/chain/x/oracle/types/msgs.go:48.24,50.3 1 1
github.com/bandprotocol/bandchain/chain/x/oracle/types/msgs.go:51.29,53.3 1 1
github.com/bandprotocol/bandchain/chain/x/oracle/types/msgs.go:54.39,59.3 1 1
github.com/bandprotocol/bandchain/chain/x/oracle/types/msgs.go:60.64,66.3 1 1
github.com/bandprotocol/bandchain/chain/x/oracle/types/msgs.go:71.57,73.2 1 0
github.com/bandprotocol/bandchain/chain/x/oracle/types/msgs.go:76.49,79.2 2 1
github.com/bandprotocol/bandchain/chain/x/oracle/types/msgs.go:95.17,102.2 1 1
github.com/bandprotocol/bandchain/chain/x/oracle/types/msgs.go:105.41,105.61 1 1
github.com/bandprotocol/bandchain/chain/x/oracle/types/msgs.go:108.40,108.59 1 1
github.com/bandprotocol/bandchain/chain/x/oracle/types/msgs.go:111.48,112.24 1 1
github.com/bandprotocol/bandchain/chain/x/oracle/types/msgs.go:115.2,115.49 1 1
github.com/bandprotocol/bandchain/chain/x/oracle/types/msgs.go:118.2,119.40 2 1
github.com/bandprotocol/bandchain/chain/x/oracle/types/msgs.go:125.2,125.27 1 1
github.com/bandprotocol/bandchain/chain/x/oracle/types/msgs.go:128.2,128.26 1 1
github.com/bandprotocol/bandchain/chain/x/oracle/types/msgs.go:131.2,131.12 1 1
github.com/bandprotocol/bandchain/chain/x/oracle/types/msgs.go:112.24,114.3 1 1
github.com/bandprotocol/bandchain/chain/x/oracle/types/msgs.go:115.49,117.3 1 1
github.com/bandprotocol/bandchain/chain/x/oracle/types/msgs.go:119.40,120.61 1 1
github.com/bandprotocol/bandchain/chain/x/oracle/types/msgs.go:123.3,123.45 1 1
github.com/bandprotocol/bandchain/chain/x/oracle/types/msgs.go:120.61,122.4 1 1
github.com/bandprotocol/bandchain/chain/x/oracle/types/msgs.go:125.27,127.3 1 1
github.com/bandprotocol/bandchain/chain/x/oracle/types/msgs.go:128.26,130.3 1 0
github.com/bandprotocol/bandchain/chain/x/oracle/types/msgs.go:135.56,137.2 1 0
github.com/bandprotocol/bandchain/chain/x/oracle/types/msgs.go:140.48,143.2 2 1
github.com/bandprotocol/bandchain/chain/x/oracle/types/msgs.go:163.23,172.2 1 1
github.com/bandprotocol/bandchain/chain/x/oracle/types/msgs.go:175.47,175.67 1 1
github.com/bandprotocol/bandchain/chain/x/oracle/types/msgs.go:178.46,178.77 1 1
github.com/bandprotocol/bandchain/chain/x/oracle/types/msgs.go:181.54,182.23 1 1
github.com/bandprotocol/bandchain/chain/x/oracle/types/msgs.go:185.2,185.20 1 1
github.com/bandprotocol/bandchain/chain/x/oracle/types/msgs.go:188.2,188.27 1 1
github.com/bandprotocol/bandchain/chain/x/oracle/types/msgs.go:191.2,191.24 1 1
github.com/bandprotocol/bandchain/chain/x/oracle/types/msgs.go:194.2,194.55 1 1
github.com/bandprotocol/bandchain/chain/x/oracle/types/msgs.go:197.2,197.24 1 1
github.com/bandprotocol/bandchain/chain/x/oracle/types/msgs.go:200.2,200.12 1 1
github.com/bandprotocol/bandchain/chain/x/oracle/types/msgs.go:182.23,184.3 1 1
github.com/bandprotocol/bandchain/chain/x/oracle/types/msgs.go:185.20,187.3 1 1
github.com/bandprotocol/bandchain/chain/x/oracle/types/msgs.go:188.27,190.3 1 1
github.com/bandprotocol/bandchain/chain/x/oracle/types/msgs.go:191.24,193.3 1 0
github.com/bandprotocol/bandchain/chain/x/oracle/types/msgs.go:194.55,196.3 1 1
github.com/bandprotocol/bandchain/chain/x/oracle/types/msgs.go:197.24,199.3 1 1
github.com/bandprotocol/bandchain/chain/x/oracle/types/msgs.go:204.62,206.2 1 0
github.com/bandprotocol/bandchain/chain/x/oracle/types/msgs.go:209.54,212.2 2 1
github.com/bandprotocol/bandchain/chain/x/oracle/types/msgs.go:234.21,244.2 1 1
github.com/bandprotocol/bandchain/chain/x/oracle/types/msgs.go:247.45,247.65 1 1
github.com/bandprotocol/bandchain/chain/x/oracle/types/msgs.go:250.44,250.73 1 1
github.com/bandprotocol/bandchain/chain/x/oracle/types/msgs.go:253.52,254.27 1 1
github.com/bandprotocol/bandchain/chain/x/oracle/types/msgs.go:257.2,257.23 1 1
github.com/bandprotocol/bandchain/chain/x/oracle/types/msgs.go:260.2,260.20 1 1
github.com/bandprotocol/bandchain/chain/x/oracle/types/msgs.go:263.2,263.27 1 1
github.com/bandprotocol/bandchain/chain/x/oracle/types/msgs.go:266.2,266.24 1 1
github.com/bandprotocol/bandchain/chain/x/oracle/types/msgs.go:269.2,269.55 1 1
github.com/bandprotocol/bandchain/chain/x/oracle/types/msgs.go:272.2,272.24 1 1
github.com/bandprotocol/bandchain/chain/x/oracle/types/msgs.go:276.2,276.12 1 1
github.com/bandprotocol/bandchain/chain/x/oracle/types/msgs.go:254.27,256.3 1 1
github.com/bandprotocol/bandchain/chain/x/oracle/types/msgs.go:257.23,259.3 1 1
github.com/bandprotocol/bandchain/chain/x/oracle/types/msgs.go:260.20,262.3 1 1
github.com/bandprotocol/bandchain/chain/x/oracle/types/msgs.go:263.27,265.3 1 1
github.com/bandprotocol/bandchain/chain/x/oracle/types/msgs.go:266.24,268.3 1 0
github.com/bandprotocol/bandchain/chain/x/oracle/types/msgs.go:269.55,271.3 1 1
github.com/bandprotocol/bandchain/chain/x/oracle/types/msgs.go:272.24,274.3 1 1
github.com/bandprotocol/bandchain/chain/x/oracle/types/msgs.go:280.60,282.2 1 0
github.com/bandprotocol/bandchain/chain/x/oracle/types/msgs.go:285.52,288.2 2 1
github.com/bandprotocol/bandchain/chain/x/oracle/types/msgs.go:306.25,314.2 1 1
github.com/bandprotocol/bandchain/chain/x/oracle/types/msgs.go:317.49,317.69 1 1
github.com/bandprotocol/bandchain/chain/x/oracle/types/msgs.go:320.48,320.81 1 1
github.com/bandprotocol/bandchain/chain/x/oracle/types/msgs.go:323.56,324.23 1 1
github.com/bandprotocol/bandchain/chain/x/oracle/types/msgs.go:327.2,327.24 1 1
github.com/bandprotocol/bandchain/chain/x/oracle/types/msgs.go:330.2,330.20 1 1
github.com/bandprotocol/bandchain/chain/x/oracle/types/msgs.go:333.2,333.27 1 1
github.com/bandprotocol/bandchain/chain/x/oracle/types/msgs.go:336.2,336.43 1 1
github.com/bandprotocol/bandchain/chain/x/oracle/types/msgs.go:339.2,339.12 1 1
github.com/bandprotocol/bandchain/chain/x/oracle/types/msgs.go:324.23,326.3 1 1
github.com/bandprotocol/bandchain/chain/x/oracle/types/msgs.go:327.24,329.3 1 1
github.com/bandprotocol/bandchain/chain/x/oracle/types/msgs.go:330.20,332.3 1 1
github.com/bandprotocol/bandchain/chain/x/oracle/types/msgs.go:333.27,335.3 1 0
github.com/bandprotocol/bandchain/chain/x/oracle/types/msgs.go:336.43,338.3 1 1
github.com/bandprotocol/bandchain/chain/x/oracle/types/msgs.go:343.64,345.2 1 0
github.com/bandprotocol/bandchain/chain/x/oracle/types/msgs.go:348.56,351.2 2 1
github.com/bandprotocol/bandchain/chain/x/oracle/types/msgs.go:371.23,380.2 1 1
github.com/bandprotocol/bandchain/chain/x/oracle/types/msgs.go:383.47,383.67 1 1
github.com/bandprotocol/bandchain/chain/x/oracle/types/msgs.go:386.46,386.77 1 1
github.com/bandprotocol/bandchain/chain/x/oracle/types/msgs.go:389.54,390.29 1 1
github.com/bandprotocol/bandchain/chain/x/oracle/types/msgs.go:393.2,393.23 1 1
github.com/bandprotocol/bandchain/chain/x/oracle/types/msgs.go:396.2,396.24 1 1
github.com/bandprotocol/bandchain/chain/x/oracle/types/msgs.go:399.2,399.20 1 1
github.com/bandprotocol/bandchain/chain/x/oracle/types/msgs.go:402.2,402.43 1 1
github.com/bandprotocol/bandchain/chain/x/oracle/types/msgs.go:405.2,405.12 1 1
github.com/bandprotocol/bandchain/chain/x/oracle/types/msgs.go:390.29,392.3 1 1
github.com/bandprotocol/bandchain/chain/x/oracle/types/msgs.go:393.23,395.3 1 1
github.com/bandprotocol/bandchain/chain/x/oracle/types/msgs.go:396.24,398.3 1 1
github.com/bandprotocol/bandchain/chain/x/oracle/types/msgs.go:399.20,401.3 1 1
github.com/bandprotocol/bandchain/chain/x/oracle/types/msgs.go:402.43,404.3 1 1
github.com/bandprotocol/bandchain/chain/x/oracle/types/msgs.go:409.62,411.2 1 0
github.com/bandprotocol/bandchain/chain/x/oracle/types/msgs.go:414.54,417.2 2 1
github.com/bandprotocol/bandchain/chain/x/oracle/types/msgs.go:429.23,434.2 1 1
github.com/bandprotocol/bandchain/chain/x/oracle/types/msgs.go:437.47,437.67 1 1
github.com/bandprotocol/bandchain/chain/x/oracle/types/msgs.go:440.46,440.77 1 1
github.com/bandprotocol/bandchain/chain/x/oracle/types/msgs.go:443.54,444.27 1 1
github.com/bandprotocol/bandchain/chain/x/oracle/types/msgs.go:447.2,447.26 1 1
github.com/bandprotocol/bandchain/chain/x/oracle/types/msgs.go:450.2,450.12 1 1
github.com/bandprotocol/bandchain/chain/x/oracle/types/msgs.go:444.27,446.3 1 1
github.com/bandprotocol/bandchain/chain/x/oracle/types/msgs.go:447.26,449.3 1 1
github.com/bandprotocol/bandchain/chain/x/oracle/types/msgs.go:454.62,456.2 1 0
github.com/bandprotocol/bandchain/chain/x/oracle/types/msgs.go:459.54,462.2 2 1
github.com/bandprotocol/bandchain/chain/x/oracle/types/msgs.go:474.26,479.2 1 1
github.com/bandprotocol/bandchain/chain/x/oracle/types/msgs.go:482.50,482.70 1 1
github.com/bandprotocol/bandchain/chain/x/oracle/types/msgs.go:485.49,485.83 1 1
github.com/bandprotocol/bandchain/chain/x/oracle/types/msgs.go:488.57,489.27 1 1
github.com/bandprotocol/bandchain/chain/x/oracle/types/msgs.go:492.2,492.26 1 1
github.com/bandprotocol/bandchain/chain/x/oracle/types/msgs.go:495.2,495.12 1 1
github.com/bandprotocol/bandchain/chain/x/oracle/types/msgs.go:489.27,491.3 1 1
github.com/bandprotocol/bandchain/chain/x/oracle/types/msgs.go:492.26,494.3 1 1
github.com/bandprotocol/bandchain/chain/x/oracle/types/msgs.go:499.65,501.2 1 0
github.com/bandprotocol/bandchain/chain/x/oracle/types/msgs.go:504.57,507.2 2 1
github.com/bandprotocol/bandchain/chain/x/oracle/types/params.go:112.10,128.2 1 0
github.com/bandprotocol/bandchain/chain/x/oracle/types/params.go:131.33,160.2 1 0
github.com/bandprotocol/bandchain/chain/x/oracle/types/params.go:162.40,162.54 1 0
github.com/bandprotocol/bandchain/chain/x/oracle/types/params.go:165.55,182.2 1 0
github.com/bandprotocol/bandchain/chain/x/oracle/types/params.go:185.29,201.2 1 0
github.com/bandprotocol/bandchain/chain/x/oracle/exec_env.go:24.33,26.16 2 1
github.com/bandprotocol/bandchain/chain/x/oracle/exec_env.go:29.2,38.8 1 1
github.com/bandprotocol/bandchain/chain/x/oracle/exec_env.go:26.16,28.3 1 1
github.com/bandprotocol/bandchain/chain/x/oracle/exec_env.go:41.92,42.40 1 1
github.com/bandprotocol/bandchain/chain/x/oracle/exec_env.go:51.2,51.12 1 1
github.com/bandprotocol/bandchain/chain/x/oracle/exec_env.go:42.40,47.17 2 1
github.com/bandprotocol/bandchain/chain/x/oracle/exec_env.go:47.17,49.4 1 1
github.com/bandprotocol/bandchain/chain/x/oracle/exec_env.go:57.9,59.106 1 1
github.com/bandprotocol/bandchain/chain/x/oracle/exec_env.go:77.2,77.12 1 1
github.com/bandprotocol/bandchain/chain/x/oracle/exec_env.go:59.106,68.17 3 1
github.com/bandprotocol/bandchain/chain/x/oracle/exec_env.go:72.3,74.42 2 1
github.com/bandprotocol/bandchain/chain/x/oracle/exec_env.go:68.17,70.4 1 0
github.com/bandprotocol/bandchain/chain/x/oracle/exec_env.go:80.62,82.2 1 1
github.com/bandprotocol/bandchain/chain/x/oracle/exec_env.go:84.69,86.2 1 1
github.com/bandprotocol/bandchain/chain/x/oracle/exec_env.go:88.70,90.2 1 1
github.com/bandprotocol/bandchain/chain/x/oracle/exec_env.go:92.68,94.2 1 1
github.com/bandprotocol/bandchain/chain/x/oracle/exec_env.go:96.62,98.2 1 1
github.com/bandprotocol/bandchain/chain/x/oracle/exec_env.go:99.63,101.2 1 0
github.com/bandprotocol/bandchain/chain/x/oracle/exec_env.go:103.77,105.2 1 1
github.com/bandprotocol/bandchain/chain/x/oracle/exec_env.go:106.64,107.88 1 1
github.com/bandprotocol/bandchain/chain/x/oracle/exec_env.go:110.2,110.10 1 1
github.com/bandprotocol/bandchain/chain/x/oracle/exec_env.go:107.88,109.3 1 1
github.com/bandprotocol/bandchain/chain/x/oracle/exec_env.go:113.92,114.89 1 1
github.com/bandprotocol/bandchain/chain/x/oracle/exec_env.go:117.2,117.61 1 1
github.com/bandprotocol/bandchain/chain/x/oracle/exec_env.go:114.89,116.3 1 1
github.com/bandprotocol/bandchain/chain/x/oracle/exec_env.go:124.9,125.48 1 1
github.com/bandprotocol/bandchain/chain/x/oracle/exec_env.go:128.2,128.67 1 1
github.com/bandprotocol/bandchain/chain/x/oracle/exec_env.go:132.2,136.12 2 1
github.com/bandprotocol/bandchain/chain/x/oracle/exec_env.go:125.48,127.3 1 0
github.com/bandprotocol/bandchain/chain/x/oracle/exec_env.go:128.67,130.3 1 1
github.com/bandprotocol/bandchain/chain/x/oracle/exec_env.go:142.26,143.89 1 1
github.com/bandprotocol/bandchain/chain/x/oracle/exec_env.go:146.2,151.9 4 1
github.com/bandprotocol/bandchain/chain/x/oracle/exec_env.go:155.2,155.56 1 1
github.com/bandprotocol/bandchain/chain/x/oracle/exec_env.go:143.89,145.3 1 1
github.com/bandprotocol/bandchain/chain/x/oracle/exec_env.go:151.9,153.3 1 1
github.com/bandprotocol/bandchain/chain/x/oracle/genesis.go:19.16,25.2 1 0
github.com/bandprotocol/bandchain/chain/x/oracle/genesis.go:27.47,29.2 1 0
github.com/bandprotocol/bandchain/chain/x/oracle/genesis.go:32.41,38.2 1 0
github.com/bandprotocol/bandchain/chain/x/oracle/genesis.go:40.87,55.46 14 0
github.com/bandprotocol/bandchain/chain/x/oracle/genesis.go:69.2,69.50 1 0
github.com/bandprotocol/bandchain/chain/x/oracle/genesis.go:78.2,78.33 1 0
github.com/bandprotocol/bandchain/chain/x/oracle/genesis.go:55.46,64.17 2 0
github.com/bandprotocol/bandchain/chain/x/oracle/genesis.go:64.17,65.14 1 0
github.com/bandprotocol/bandchain/chain/x/oracle/genesis.go:69.50,73.17 2 0
github.com/bandprotocol/bandchain/chain/x/oracle/genesis.go:73.17,74.14 1 0
github.com/bandprotocol/bandchain/chain/x/oracle/genesis.go:81.60,87.2 1 0
github.com/bandprotocol/bandchain/chain/x/oracle/handler.go:16.44,17.65 1 0
github.com/bandprotocol/bandchain/chain/x/oracle/handler.go:17.65,19.28 2 0
github.com/bandprotocol/bandchain/chain/x/oracle/handler.go:20.28,21.54 1 0
github.com/bandprotocol/bandchain/chain/x/oracle/handler.go:22.26,23.52 1 0
github.com/bandprotocol/bandchain/chain/x/oracle/handler.go:24.30,25.56 1 0
github.com/bandprotocol/bandchain/chain/x/oracle/handler.go:26.28,27.54 1 0
github.com/bandprotocol/bandchain/chain/x/oracle/handler.go:28.23,29.49 1 0
github.com/bandprotocol/bandchain/chain/x/oracle/handler.go:30.22,31.48 1 0
github.com/bandprotocol/bandchain/chain/x/oracle/handler.go:32.28,33.54 1 0
github.com/bandprotocol/bandchain/chain/x/oracle/handler.go:34.31,35.57 1 0
github.com/bandprotocol/bandchain/chain/x/oracle/handler.go:36.31,38.85 2 0
github.com/bandprotocol/bandchain/chain/x/oracle/handler.go:52.4,52.99 1 0
github.com/bandprotocol/bandchain/chain/x/oracle/handler.go:53.11,54.113 1 0
github.com/bandprotocol/bandchain/chain/x/oracle/handler.go:38.85,40.19 2 0
github.com/bandprotocol/bandchain/chain/x/oracle/handler.go:43.5,50.6 2 0
github.com/bandprotocol/bandchain/chain/x/oracle/handler.go:40.19,42.6 1 0
github.com/bandprotocol/bandchain/chain/x/oracle/handler.go:61.24,65.16 2 1
github.com/bandprotocol/bandchain/chain/x/oracle/handler.go:68.2,72.77 2 1
github.com/bandprotocol/bandchain/chain/x/oracle/handler.go:65.16,67.3 1 0
github.com/bandprotocol/bandchain/chain/x/oracle/handler.go:77.24,79.16 2 1
github.com/bandprotocol/bandchain/chain/x/oracle/handler.go:82.2,82.42 1 1
github.com/bandprotocol/bandchain/chain/x/oracle/handler.go:87.2,91.16 2 1
github.com/bandprotocol/bandchain/chain/x/oracle/handler.go:94.2,98.77 2 1
github.com/bandprotocol/bandchain/chain/x/oracle/handler.go:79.16,81.3 1 0
github.com/bandprotocol/bandchain/chain/x/oracle/handler.go:82.42,86.3 1 1
github.com/bandprotocol/bandchain/chain/x/oracle/handler.go:91.16,93.3 1 0
github.com/bandprotocol/bandchain/chain/x/oracle/handler.go:103.24,107.16 2 1
github.com/bandprotocol/bandchain/chain/x/oracle/handler.go:110.2,114.77 2 1
github.com/bandprotocol/bandchain/chain/x/oracle/handler.go:107.16,109.3 1 0
github.com/bandprotocol/bandchain/chain/x/oracle/handler.go:119.24,121.16 2 1
github.com/bandprotocol/bandchain/chain/x/oracle/handler.go:124.2,124.44 1 1
github.com/bandprotocol/bandchain/chain/x/oracle/handler.go:129.2,132.16 2 1
github.com/bandprotocol/bandchain/chain/x/oracle/handler.go:135.2,139.77 2 1
github.com/bandprotocol/bandchain/chain/x/oracle/handler.go:121.16,123.3 1 0
github.com/bandprotocol/bandchain/chain/x/oracle/handler.go:124.44,128.3 1 1
github.com/bandprotocol/bandchain/chain/x/oracle/handler.go:132.16,134.3 1 0
github.com/bandprotocol/bandchain/chain/x/oracle/handler.go:144.24,150.23 2 1
github.com/bandprotocol/bandchain/chain/x/oracle/handler.go:158.2,158.16 1 1
github.com/bandprotocol/bandchain/chain/x/oracle/handler.go:162.2,163.16 2 1
github.com/bandprotocol/bandchain/chain/x/oracle/handler.go:167.2,168.16 2 1
github.com/bandprotocol/bandchain/chain/x/oracle/handler.go:172.2,176.21 4 1
github.com/bandprotocol/bandchain/chain/x/oracle/handler.go:182.2,183.16 2 1
github.com/bandprotocol/bandchain/chain/x/oracle/handler.go:187.2,188.16 2 1
github.com/bandprotocol/bandchain/chain/x/oracle/handler.go:191.2,192.16 2 1
github.com/bandprotocol/bandchain/chain/x/oracle/handler.go:195.2,199.77 2 1
github.com/bandprotocol/bandchain/chain/x/oracle/handler.go:150.23,155.3 4 0
github.com/bandprotocol/bandchain/chain/x/oracle/handler.go:158.16,160.3 1 1
github.com/bandprotocol/bandchain/chain/x/oracle/handler.go:163.16,165.3 1 0
github.com/bandprotocol/bandchain/chain/x/oracle/handler.go:168.16,170.3 1 0
github.com/bandprotocol/bandchain/chain/x/oracle/handler.go:176.21,180.3 1 0
github.com/bandprotocol/bandchain/chain/x/oracle/handler.go:183.16,185.3 1 1
github.com/bandprotocol/bandchain/chain/x/oracle/handler.go:188.16,190.3 1 0
github.com/bandprotocol/bandchain/chain/x/oracle/handler.go:192.16,194.3 1 1
github.com/bandprotocol/bandchain/chain/x/oracle/handler.go:204.24,206.16 2 1
github.com/bandprotocol/bandchain/chain/x/oracle/handler.go:209.2,214.77 2 1
github.com/bandprotocol/bandchain/chain/x/oracle/handler.go:206.16,208.3 1 1
github.com/bandprotocol/bandchain/chain/x/oracle/handler.go:219.24,221.16 2 0
github.com/bandprotocol/bandchain/chain/x/oracle/handler.go:224.2,229.77 2 0
github.com/bandprotocol/bandchain/chain/x/oracle/handler.go:221.16,223.3 1 0
github.com/bandprotocol/bandchain/chain/x/oracle/handler.go:234.24,236.16 2 0
github.com/bandprotocol/bandchain/chain/x/oracle/handler.go:239.2,244.77 2 0
github.com/bandprotocol/bandchain/chain/x/oracle/handler.go:236.16,238.3 1 0
github.com/bandprotocol/bandchain/chain/x/oracle/module.go:21.37,23.2 1 0
github.com/bandprotocol/bandchain/chain/x/oracle/module.go:25.55,27.2 1 0
github.com/bandprotocol/bandchain/chain/x/oracle/module.go:29.79,31.2 1 0
github.com/bandprotocol/bandchain/chain/x/oracle/module.go:34.90,37.16 3 0
github.com/bandprotocol/bandchain/chain/x/oracle/module.go:41.2,41.30 1 0
github.com/bandprotocol/bandchain/chain/x/oracle/module.go:37.16,39.3 1 0
github.com/bandprotocol/bandchain/chain/x/oracle/module.go:45.83,47.2 1 0
github.com/bandprotocol/bandchain/chain/x/oracle/module.go:50.68,52.2 1 0
github.com/bandprotocol/bandchain/chain/x/oracle/module.go:55.65,57.2 1 0
github.com/bandprotocol/bandchain/chain/x/oracle/module.go:65.39,70.2 1 0
github.com/bandprotocol/bandchain/chain/x/oracle/module.go:72.32,74.2 1 0
github.com/bandprotocol/bandchain/chain/x/oracle/module.go:76.67,76.68 0 0
github.com/bandprotocol/bandchain/chain/x/oracle/module.go:78.36,80.2 1 0
github.com/bandprotocol/bandchain/chain/x/oracle/module.go:82.46,84.2 1 0
github.com/bandprotocol/bandchain/chain/x/oracle/module.go:85.43,87.2 1 0
github.com/bandprotocol/bandchain/chain/x/oracle/module.go:89.53,91.2 1 0
github.com/bandprotocol/bandchain/chain/x/oracle/module.go:93.74,93.75 0 0
github.com/bandprotocol/bandchain/chain/x/oracle/module.go:95.94,98.2 2 0
github.com/bandprotocol/bandchain/chain/x/oracle/module.go:100.120,104.2 3 0
github.com/bandprotocol/bandchain/chain/x/oracle/module.go:106.93,109.2 2 0
github.com/bandprotocol/bandchain/chain/x/oracle/endblock.go:11.76,13.16 2 0
github.com/bandprotocol/bandchain/chain/x/oracle/endblock.go:16.2,17.16 2 0
github.com/bandprotocol/bandchain/chain/x/oracle/endblock.go:20.2,21.16 2 0
github.com/bandprotocol/bandchain/chain/x/oracle/endblock.go:24.2,25.16 2 0
github.com/bandprotocol/bandchain/chain/x/oracle/endblock.go:30.2,34.16 4 0
github.com/bandprotocol/bandchain/chain/x/oracle/endblock.go:39.2,39.65 1 0
github.com/bandprotocol/bandchain/chain/x/oracle/endblock.go:13.16,14.13 1 0
github.com/bandprotocol/bandchain/chain/x/oracle/endblock.go:17.16,18.13 1 0
github.com/bandprotocol/bandchain/chain/x/oracle/endblock.go:21.16,22.13 1 0
github.com/bandprotocol/bandchain/chain/x/oracle/endblock.go:25.16,26.13 1 0
github.com/bandprotocol/bandchain/chain/x/oracle/endblock.go:34.16,36.3 1 0
github.com/bandprotocol/bandchain/chain/x/oracle/endblock.go:36.8,38.3 1 0
github.com/bandprotocol/bandchain/chain/x/oracle/endblock.go:43.53,45.58 1 0
github.com/bandprotocol/bandchain/chain/x/oracle/endblock.go:49.2,51.36 2 0
github.com/bandprotocol/bandchain/chain/x/oracle/endblock.go:45.58,47.3 1 0
github.com/bandprotocol/bandchain/chain/x/oracle/keeper/data_source.go:10.67,13.2 2 1
github.com/bandprotocol/bandchain/chain/x/oracle/keeper/data_source.go:16.88,18.15 2 1
github.com/bandprotocol/bandchain/chain/x/oracle/keeper/data_source.go:21.2,23.24 3 1
github.com/bandprotocol/bandchain/chain/x/oracle/keeper/data_source.go:18.15,20.3 1 1
github.com/bandprotocol/bandchain/chain/x/oracle/keeper/data_source.go:27.83,29.16 2 1
github.com/bandprotocol/bandchain/chain/x/oracle/keeper/data_source.go:32.2,32.19 1 1
github.com/bandprotocol/bandchain/chain/x/oracle/keeper/data_source.go:29.16,30.13 1 1
github.com/bandprotocol/bandchain/chain/x/oracle/keeper/data_source.go:36.91,39.2 2 1
github.com/bandprotocol/bandchain/chain/x/oracle/keeper/data_source.go:45.22,50.16 1 1
github.com/bandprotocol/bandchain/chain/x/oracle/keeper/data_source.go:53.2,55.16 3 1
github.com/bandprotocol/bandchain/chain/x/oracle/keeper/data_source.go:50.16,52.3 1 1
github.com/bandprotocol/bandchain/chain/x/oracle/keeper/data_source.go:62.9,64.16 2 1
github.com/bandprotocol/bandchain/chain/x/oracle/keeper/data_source.go:67.2,76.16 6 1
github.com/bandprotocol/bandchain/chain/x/oracle/keeper/data_source.go:79.2,80.12 2 1
github.com/bandprotocol/bandchain/chain/x/oracle/keeper/data_source.go:64.16,66.3 1 1
github.com/bandprotocol/bandchain/chain/x/oracle/keeper/data_source.go:76.16,78.3 1 1
github.com/bandprotocol/bandchain/chain/x/oracle/keeper/data_source.go:84.85,87.42 3 1
github.com/bandprotocol/bandchain/chain/x/oracle/keeper/data_source.go:92.2,92.20 1 1
github.com/bandprotocol/bandchain/chain/x/oracle/keeper/data_source.go:87.42,91.3 3 1
github.com/bandprotocol/bandchain/chain/x/oracle/keeper/querier.go:15.44,16.93 1 1
github.com/bandprotocol/bandchain/chain/x/oracle/keeper/querier.go:16.93,17.18 1 1
github.com/bandprotocol/bandchain/chain/x/oracle/keeper/querier.go:18.34,19.58 1 1
github.com/bandprotocol/bandchain/chain/x/oracle/keeper/querier.go:20.31,21.55 1 1
github.com/bandprotocol/bandchain/chain/x/oracle/keeper/querier.go:22.36,23.60 1 1
github.com/bandprotocol/bandchain/chain/x/oracle/keeper/querier.go:24.33,25.57 1 1
github.com/bandprotocol/bandchain/chain/x/oracle/keeper/querier.go:26.31,27.55 1 1
github.com/bandprotocol/bandchain/chain/x/oracle/keeper/querier.go:28.28,29.52 1 1
github.com/bandprotocol/bandchain/chain/x/oracle/keeper/querier.go:30.27,31.51 1 0
github.com/bandprotocol/bandchain/chain/x/oracle/keeper/querier.go:32.33,33.47 1 0
github.com/bandprotocol/bandchain/chain/x/oracle/keeper/querier.go:34.11,35.98 1 0
github.com/bandprotocol/bandchain/chain/x/oracle/keeper/querier.go:42.37,44.19 2 1
github.com/bandprotocol/bandchain/chain/x/oracle/keeper/querier.go:48.2,52.42 4 1
github.com/bandprotocol/bandchain/chain/x/oracle/keeper/querier.go:66.2,68.56 2 1
github.com/bandprotocol/bandchain/chain/x/oracle/keeper/querier.go:76.2,77.73 2 1
github.com/bandprotocol/bandchain/chain/x/oracle/keeper/querier.go:85.2,91.8 1 1
github.com/bandprotocol/bandchain/chain/x/oracle/keeper/querier.go:44.19,46.3 1 1
github.com/bandprotocol/bandchain/chain/x/oracle/keeper/querier.go:52.42,54.49 2 1
github.com/bandprotocol/bandchain/chain/x/oracle/keeper/querier.go:58.3,63.4 3 1
github.com/bandprotocol/bandchain/chain/x/oracle/keeper/querier.go:54.49,56.4 1 1
github.com/bandprotocol/bandchain/chain/x/oracle/keeper/querier.go:68.56,70.9 2 1
github.com/bandprotocol/bandchain/chain/x/oracle/keeper/querier.go:70.9,74.4 1 1
github.com/bandprotocol/bandchain/chain/x/oracle/keeper/querier.go:77.73,80.20 3 1
github.com/bandprotocol/bandchain/chain/x/oracle/keeper/querier.go:80.20,82.4 1 0
github.com/bandprotocol/bandchain/chain/x/oracle/keeper/querier.go:94.112,95.20 1 1
github.com/bandprotocol/bandchain/chain/x/oracle/keeper/querier.go:98.2,99.16 2 1
github.com/bandprotocol/bandchain/chain/x/oracle/keeper/querier.go:102.2,104.19 3 1
github.com/bandprotocol/bandchain/chain/x/oracle/keeper/querier.go:108.2,115.9 1 1
github.com/bandprotocol/bandchain/chain/x/oracle/keeper/querier.go:95.20,97.3 1 0
github.com/bandprotocol/bandchain/chain/x/oracle/keeper/querier.go:99.16,101.3 1 0
github.com/bandprotocol/bandchain/chain/x/oracle/keeper/querier.go:104.19,106.3 1 1
github.com/bandprotocol/bandchain/chain/x/oracle/keeper/querier.go:118.109,119.20 1 1
github.com/bandprotocol/bandchain/chain/x/oracle/keeper/querier.go:122.2,123.16 2 1
github.com/bandprotocol/bandchain/chain/x/oracle/keeper/querier.go:126.2,129.16 3 1
github.com/bandprotocol/bandchain/chain/x/oracle/keeper/querier.go:132.2,132.58 1 1
github.com/bandprotocol/bandchain/chain/x/oracle/keeper/querier.go:136.2,138.129 3 1
github.com/bandprotocol/bandchain/chain/x/oracle/keeper/querier.go:154.2,154.66 1 1
github.com/bandprotocol/bandchain/chain/x/oracle/keeper/querier.go:119.20,121.3 1 0
github.com/bandprotocol/bandchain/chain/x/oracle/keeper/querier.go:123.16,125.3 1 0
github.com/bandprotocol/bandchain/chain/x/oracle/keeper/querier.go:129.16,131.3 1 0
github.com/bandprotocol/bandchain/chain/x/oracle/keeper/querier.go:132.58,134.3 1 1
github.com/bandprotocol/bandchain/chain/x/oracle/keeper/querier.go:138.129,140.20 2 1
github.com/bandprotocol/bandchain/chain/x/oracle/keeper/querier.go:144.3,151.5 1 1
github.com/bandprotocol/bandchain/chain/x/oracle/keeper/querier.go:140.20,142.4 1 0
github.com/bandprotocol/bandchain/chain/x/oracle/keeper/querier.go:157.114,158.20 1 1
github.com/bandprotocol/bandchain/chain/x/oracle/keeper/querier.go:161.2,162.16 2 1
github.com/bandprotocol/bandchain/chain/x/oracle/keeper/querier.go:166.2,167.19 2 1
github.com/bandprotocol/bandchain/chain/x/oracle/keeper/querier.go:171.2,177.9 1 1
github.com/bandprotocol/bandchain/chain/x/oracle/keeper/querier.go:158.20,160.3 1 0
github.com/bandprotocol/bandchain/chain/x/oracle/keeper/querier.go:162.16,164.3 1 0
github.com/bandprotocol/bandchain/chain/x/oracle/keeper/querier.go:167.19,169.3 1 1
github.com/bandprotocol/bandchain/chain/x/oracle/keeper/querier.go:180.111,181.20 1 1
github.com/bandprotocol/bandchain/chain/x/oracle/keeper/querier.go:184.2,185.16 2 1
github.com/bandprotocol/bandchain/chain/x/oracle/keeper/querier.go:189.2,190.16 2 1
github.com/bandprotocol/bandchain/chain/x/oracle/keeper/querier.go:193.2,193.62 1 1
github.com/bandprotocol/bandchain/chain/x/oracle/keeper/querier.go:197.2,199.93 3 1
github.com/bandprotocol/bandchain/chain/x/oracle/keeper/querier.go:214.2,214.68 1 1
github.com/bandprotocol/bandchain/chain/x/oracle/keeper/querier.go:181.20,183.3 1 0
github.com/bandprotocol/bandchain/chain/x/oracle/keeper/querier.go:185.16,187.3 1 0
github.com/bandprotocol/bandchain/chain/x/oracle/keeper/querier.go:190.16,192.3 1 0
github.com/bandprotocol/bandchain/chain/x/oracle/keeper/querier.go:193.62,195.3 1 1
github.com/bandprotocol/bandchain/chain/x/oracle/keeper/querier.go:199.93,201.20 2 1
github.com/bandprotocol/bandchain/chain/x/oracle/keeper/querier.go:205.3,211.5 1 1
github.com/bandprotocol/bandchain/chain/x/oracle/keeper/querier.go:201.20,203.4 1 0
github.com/bandprotocol/bandchain/chain/x/oracle/keeper/querier.go:220.19,221.20 1 1
github.com/bandprotocol/bandchain/chain/x/oracle/keeper/querier.go:224.2,225.16 2 1
github.com/bandprotocol/bandchain/chain/x/oracle/keeper/querier.go:229.2,230.19 2 1
github.com/bandprotocol/bandchain/chain/x/oracle/keeper/querier.go:233.2,233.62 1 1
github.com/bandprotocol/bandchain/chain/x/oracle/keeper/querier.go:221.20,223.3 1 0
github.com/bandprotocol/bandchain/chain/x/oracle/keeper/querier.go:225.16,227.3 1 0
github.com/bandprotocol/bandchain/chain/x/oracle/keeper/querier.go:230.19,232.3 1 1
github.com/bandprotocol/bandchain/chain/x/oracle/keeper/querier.go:238.19,239.20 1 1
github.com/bandprotocol/bandchain/chain/x/oracle/keeper/querier.go:242.2,243.16 2 1
github.com/bandprotocol/bandchain/chain/x/oracle/keeper/querier.go:247.2,248.16 2 1
github.com/bandprotocol/bandchain/chain/x/oracle/keeper/querier.go:251.2,251.52 1 1
github.com/bandprotocol/bandchain/chain/x/oracle/keeper/querier.go:255.2,258.30 4 1
github.com/bandprotocol/bandchain/chain/x/oracle/keeper/querier.go:261.2,261.76 1 1
github.com/bandprotocol/bandchain/chain/x/oracle/keeper/querier.go:267.2,267.63 1 1
github.com/bandprotocol/bandchain/chain/x/oracle/keeper/querier.go:239.20,241.3 1 0
github.com/bandprotocol/bandchain/chain/x/oracle/keeper/querier.go:243.16,245.3 1 0
github.com/bandprotocol/bandchain/chain/x/oracle/keeper/querier.go:248.16,250.3 1 0
github.com/bandprotocol/bandchain/chain/x/oracle/keeper/querier.go:251.52,253.3 1 0
github.com/bandprotocol/bandchain/chain/x/oracle/keeper/querier.go:258.30,260.3 1 1
github.com/bandprotocol/bandchain/chain/x/oracle/keeper/querier.go:261.76,263.17 2 1
github.com/bandprotocol/bandchain/chain/x/oracle/keeper/querier.go:263.17,265.4 1 1
github.com/bandprotocol/bandchain/chain/x/oracle/keeper/querier.go:271.105,273.2 1 0
github.com/bandprotocol/bandchain/chain/x/oracle/keeper/querier.go:275.96,277.2 1 0
github.com/bandprotocol/bandchain/chain/x/oracle/keeper/raw_request.go:13.3,19.2 2 1
github.com/bandprotocol/bandchain/chain/x/oracle/keeper/raw_request.go:24.33,26.62 2 1
github.com/bandprotocol/bandchain/chain/x/oracle/keeper/raw_request.go:33.2,36.27 4 1
github.com/bandprotocol/bandchain/chain/x/oracle/keeper/raw_request.go:26.62,31.3 1 1
github.com/bandprotocol/bandchain/chain/x/oracle/keeper/raw_request.go:43.8,46.2 2 1
github.com/bandprotocol/bandchain/chain/x/oracle/keeper/raw_request.go:52.9,53.71 1 1
github.com/bandprotocol/bandchain/chain/x/oracle/keeper/raw_request.go:60.2,61.16 2 1
github.com/bandprotocol/bandchain/chain/x/oracle/keeper/raw_request.go:65.2,65.41 1 1
github.com/bandprotocol/bandchain/chain/x/oracle/keeper/raw_request.go:69.2,69.61 1 1
github.com/bandprotocol/bandchain/chain/x/oracle/keeper/raw_request.go:76.2,84.50 3 1
github.com/bandprotocol/bandchain/chain/x/oracle/keeper/raw_request.go:53.71,58.3 1 1
github.com/bandprotocol/bandchain/chain/x/oracle/keeper/raw_request.go:61.16,63.3 1 1
github.com/bandprotocol/bandchain/chain/x/oracle/keeper/raw_request.go:65.41,67.3 1 1
github.com/bandprotocol/bandchain/chain/x/oracle/keeper/raw_request.go:69.61,74.3 1 1
github.com/bandprotocol/bandchain/chain/x/oracle/keeper/raw_request.go:89.100,93.2 3 1
github.com/bandprotocol/bandchain/chain/x/oracle/keeper/raw_request.go:96.90,99.42 3 1
github.com/bandprotocol/bandchain/chain/x/oracle/keeper/raw_request.go:102.2,102.21 1 1
github.com/bandprotocol/bandchain/chain/x/oracle/keeper/raw_request.go:99.42,101.3 1 1
github.com/bandprotocol/bandchain/chain/x/oracle/keeper/raw_request.go:108.26,111.42 3 1
github.com/bandprotocol/bandchain/chain/x/oracle/keeper/raw_request.go:116.2,116.20 1 1
github.com/bandprotocol/bandchain/chain/x/oracle/keeper/raw_request.go:111.42,115.3 3 1
github.com/bandprotocol/bandchain/chain/x/oracle/keeper/raw_request.go:123.40,126.42 3 1
github.com/bandprotocol/bandchain/chain/x/oracle/keeper/raw_request.go:136.2,136.20 1 1
github.com/bandprotocol/bandchain/chain/x/oracle/keeper/raw_request.go:126.42,135.3 3 1
github.com/bandprotocol/bandchain/chain/x/oracle/keeper/test_common.go:36.37,42.2 5 1
github.com/bandprotocol/bandchain/chain/x/oracle/keeper/test_common.go:44.67,58.2 4 1
github.com/bandprotocol/bandchain/chain/x/oracle/keeper/test_common.go:63.74,177.2 68 1
github.com/bandprotocol/bandchain/chain/x/oracle/keeper/test_common.go:179.96,198.16 11 1
github.com/bandprotocol/bandchain/chain/x/oracle/keeper/test_common.go:202.2,203.25 2 1
github.com/bandprotocol/bandchain/chain/x/oracle/keeper/test_common.go:198.16,199.13 1 0
github.com/bandprotocol/bandchain/chain/x/oracle/keeper/test_common.go:206.41,208.16 2 1
github.com/bandprotocol/bandchain/chain/x/oracle/keeper/test_common.go:211.2,213.13 3 1
github.com/bandprotocol/bandchain/chain/x/oracle/keeper/test_common.go:208.16,209.13 1 0
github.com/bandprotocol/bandchain/chain/x/oracle/keeper/test_common.go:216.51,218.2 1 0
github.com/bandprotocol/bandchain/chain/x/oracle/keeper/test_common.go:220.44,222.2 1 1
github.com/bandprotocol/bandchain/chain/x/oracle/keeper/test_common.go:224.40,235.2 1 1
github.com/bandprotocol/bandchain/chain/x/oracle/keeper/test_common.go:237.58,240.16 3 1
github.com/bandprotocol/bandchain/chain/x/oracle/keeper/test_common.go:243.2,248.3 1 1
github.com/bandprotocol/bandchain/chain/x/oracle/keeper/test_common.go:240.16,241.13 1 0
github.com/bandprotocol/bandchain/chain/x/oracle/keeper/test_common.go:251.43,259.2 1 0
github.com/bandprotocol/bandchain/chain/x/oracle/keeper/validation.go:11.36,12.27 1 1
github.com/bandprotocol/bandchain/chain/x/oracle/keeper/validation.go:17.2,17.12 1 1
github.com/bandprotocol/bandchain/chain/x/oracle/keeper/validation.go:12.27,13.17 1 1
github.com/bandprotocol/bandchain/chain/x/oracle/keeper/validation.go:13.17,15.4 1 1
github.com/bandprotocol/bandchain/chain/x/oracle/keeper/validation.go:21.81,23.18 2 1
github.com/bandprotocol/bandchain/chain/x/oracle/keeper/validation.go:28.2,28.12 1 1
github.com/bandprotocol/bandchain/chain/x/oracle/keeper/validation.go:23.18,27.3 1 1
github.com/bandprotocol/bandchain/chain/x/oracle/keeper/result.go:13.9,14.67 1 1
github.com/bandprotocol/bandchain/chain/x/oracle/keeper/result.go:21.2,22.16 2 1
github.com/bandprotocol/bandchain/chain/x/oracle/keeper/result.go:26.2,30.12 2 1
github.com/bandprotocol/bandchain/chain/x/oracle/keeper/result.go:14.67,19.3 1 1
github.com/bandprotocol/bandchain/chain/x/oracle/keeper/result.go:22.16,24.3 1 0
github.com/bandprotocol/bandchain/chain/x/oracle/keeper/result.go:37.3,43.2 2 1
github.com/bandprotocol/bandchain/chain/x/oracle/keeper/result.go:49.25,50.60 1 1
github.com/bandprotocol/bandchain/chain/x/oracle/keeper/result.go:55.2,58.8 2 1
github.com/bandprotocol/bandchain/chain/x/oracle/keeper/result.go:50.60,54.3 1 1
github.com/bandprotocol/bandchain/chain/x/oracle/keeper/result.go:65.8,68.2 2 1
github.com/bandprotocol/bandchain/chain/x/oracle/keeper/keeper.go:29.10,39.2 1 1
github.com/bandprotocol/bandchain/chain/x/oracle/keeper/keeper.go:42.38,44.2 1 1
github.com/bandprotocol/bandchain/chain/x/oracle/keeper/keeper.go:47.68,50.2 2 1
github.com/bandprotocol/bandchain/chain/x/oracle/keeper/keeper.go:53.69,55.2 1 1
github.com/bandprotocol/bandchain/chain/x/oracle/keeper/keeper.go:58.57,74.2 1 1
github.com/bandprotocol/bandchain/chain/x/oracle/keeper/keeper.go:77.68,81.15 4 0
github.com/bandprotocol/bandchain/chain/x/oracle/keeper/keeper.go:84.2,85.40 2 0
github.com/bandprotocol/bandchain/chain/x/oracle/keeper/keeper.go:81.15,83.3 1 0
github.com/bandprotocol/bandchain/chain/x/oracle/keeper/keeper.go:89.72,93.2 3 0
github.com/bandprotocol/bandchain/chain/x/oracle/keeper/keeper.go:96.56,100.15 4 1
github.com/bandprotocol/bandchain/chain/x/oracle/keeper/keeper.go:103.2,104.22 2 1
github.com/bandprotocol/bandchain/chain/x/oracle/keeper/keeper.go:100.15,102.3 1 1
github.com/bandprotocol/bandchain/chain/x/oracle/keeper/keeper.go:109.67,116.2 5 1
github.com/bandprotocol/bandchain/chain/x/oracle/keeper/keeper.go:119.59,123.15 4 1
github.com/bandprotocol/bandchain/chain/x/oracle/keeper/keeper.go:126.2,127.24 2 1
github.com/bandprotocol/bandchain/chain/x/oracle/keeper/keeper.go:123.15,125.3 1 1
github.com/bandprotocol/bandchain/chain/x/oracle/keeper/keeper.go:132.73,139.2 5 1
github.com/bandprotocol/bandchain/chain/x/oracle/keeper/keeper.go:142.61,146.15 4 1
github.com/bandprotocol/bandchain/chain/x/oracle/keeper/keeper.go:149.2,150.26 2 1
github.com/bandprotocol/bandchain/chain/x/oracle/keeper/keeper.go:146.15,148.3 1 1
github.com/bandprotocol/bandchain/chain/x/oracle/keeper/keeper.go:155.77,162.2 5 1
github.com/bandprotocol/bandchain/chain/x/oracle/keeper/oracle_script.go:10.69,13.2 2 1
github.com/bandprotocol/bandchain/chain/x/oracle/keeper/oracle_script.go:16.92,18.15 2 1
github.com/bandprotocol/bandchain/chain/x/oracle/keeper/oracle_script.go:21.2,23.26 3 1
github.com/bandprotocol/bandchain/chain/x/oracle/keeper/oracle_script.go:18.15,20.3 1 1
github.com/bandprotocol/bandchain/chain/x/oracle/keeper/oracle_script.go:27.87,29.16 2 1
github.com/bandprotocol/bandchain/chain/x/oracle/keeper/oracle_script.go:32.2,32.21 1 1
github.com/bandprotocol/bandchain/chain/x/oracle/keeper/oracle_script.go:29.16,30.13 1 1
github.com/bandprotocol/bandchain/chain/x/oracle/keeper/oracle_script.go:36.97,39.2 2 1
github.com/bandprotocol/bandchain/chain/x/oracle/keeper/oracle_script.go:44.22,49.16 1 1
github.com/bandprotocol/bandchain/chain/x/oracle/keeper/oracle_script.go:52.2,54.16 3 1
github.com/bandprotocol/bandchain/chain/x/oracle/keeper/oracle_script.go:49.16,51.3 1 1
github.com/bandprotocol/bandchain/chain/x/oracle/keeper/oracle_script.go:61.9,63.16 2 1
github.com/bandprotocol/bandchain/chain/x/oracle/keeper/oracle_script.go:66.2,74.16 5 1
github.com/bandprotocol/bandchain/chain/x/oracle/keeper/oracle_script.go:77.2,78.12 2 1
github.com/bandprotocol/bandchain/chain/x/oracle/keeper/oracle_script.go:63.16,65.3 1 1
github.com/bandprotocol/bandchain/chain/x/oracle/keeper/oracle_script.go:74.16,76.3 1 1
github.com/bandprotocol/bandchain/chain/x/oracle/keeper/oracle_script.go:82.91,85.42 3 1
github.com/bandprotocol/bandchain/chain/x/oracle/keeper/oracle_script.go:90.2,90.22 1 1
github.com/bandprotocol/bandchain/chain/x/oracle/keeper/oracle_script.go:85.42,89.3 3 1
github.com/bandprotocol/bandchain/chain/x/oracle/keeper/report.go:15.9,17.16 2 1
github.com/bandprotocol/bandchain/chain/x/oracle/keeper/report.go:29.2,29.50 1 1
github.com/bandprotocol/bandchain/chain/x/oracle/keeper/report.go:35.2,35.48 1 1
github.com/bandprotocol/bandchain/chain/x/oracle/keeper/report.go:42.2,43.61 2 1
github.com/bandprotocol/bandchain/chain/x/oracle/keeper/report.go:49.2,49.12 1 1
github.com/bandprotocol/bandchain/chain/x/oracle/keeper/report.go:56.2,56.64 1 1
github.com/bandprotocol/bandchain/chain/x/oracle/keeper/report.go:65.2,66.48 2 1
github.com/bandprotocol/bandchain/chain/x/oracle/keeper/report.go:73.2,73.36 1 1
github.com/bandprotocol/bandchain/chain/x/oracle/keeper/report.go:97.2,99.50 3 1
github.com/bandprotocol/bandchain/chain/x/oracle/keeper/report.go:106.2,106.12 1 1
github.com/bandprotocol/bandchain/chain/x/oracle/keeper/report.go:17.16,19.3 1 1
github.com/bandprotocol/bandchain/chain/x/oracle/keeper/report.go:29.50,34.3 1 1
github.com/bandprotocol/bandchain/chain/x/oracle/keeper/report.go:35.48,40.3 1 1
github.com/bandprotocol/bandchain/chain/x/oracle/keeper/report.go:43.61,44.39 1 1
github.com/bandprotocol/bandchain/chain/x/oracle/keeper/report.go:44.39,46.9 2 1
github.com/bandprotocol/bandchain/chain/x/oracle/keeper/report.go:49.12,54.3 1 1
github.com/bandprotocol/bandchain/chain/x/oracle/keeper/report.go:56.64,57.43 1 1
github.com/bandprotocol/bandchain/chain/x/oracle/keeper/report.go:57.43,62.4 1 1
github.com/bandprotocol/bandchain/chain/x/oracle/keeper/report.go:66.48,71.3 1 1
github.com/bandprotocol/bandchain/chain/x/oracle/keeper/report.go:73.36,76.77 1 1
github.com/bandprotocol/bandchain/chain/x/oracle/keeper/report.go:82.3,82.83 1 1
github.com/bandprotocol/bandchain/chain/x/oracle/keeper/report.go:88.3,94.4 1 1
github.com/bandprotocol/bandchain/chain/x/oracle/keeper/report.go:76.77,81.4 1 1
github.com/bandprotocol/bandchain/chain/x/oracle/keeper/report.go:82.83,87.4 1 1
github.com/bandprotocol/bandchain/chain/x/oracle/keeper/report.go:99.50,101.17 2 1
github.com/bandprotocol/bandchain/chain/x/oracle/keeper/report.go:101.17,104.4 1 0
github.com/bandprotocol/bandchain/chain/x/oracle/keeper/report.go:115.3,119.2 3 1
github.com/bandprotocol/bandchain/chain/x/oracle/keeper/report.go:127.32,130.21 3 1
github.com/bandprotocol/bandchain/chain/x/oracle/keeper/report.go:138.2,140.27 3 1
github.com/bandprotocol/bandchain/chain/x/oracle/keeper/report.go:130.21,137.3 1 1
github.com/bandprotocol/bandchain/chain/x/oracle/keeper/report.go:146.16,150.2 3 1
github.com/bandprotocol/bandchain/chain/x/oracle/keeper/reporter.go:13.8,14.62 1 1
github.com/bandprotocol/bandchain/chain/x/oracle/keeper/reporter.go:17.2,18.77 2 1
github.com/bandprotocol/bandchain/chain/x/oracle/keeper/reporter.go:14.62,16.3 1 1
github.com/bandprotocol/bandchain/chain/x/oracle/keeper/reporter.go:24.9,25.61 1 1
github.com/bandprotocol/bandchain/chain/x/oracle/keeper/reporter.go:31.2,33.12 3 1
github.com/bandprotocol/bandchain/chain/x/oracle/keeper/reporter.go:25.61,30.3 1 1
github.com/bandprotocol/bandchain/chain/x/oracle/keeper/reporter.go:39.9,40.62 1 1
github.com/bandprotocol/bandchain/chain/x/oracle/keeper/reporter.go:46.2,48.12 3 1
github.com/bandprotocol/bandchain/chain/x/oracle/keeper/reporter.go:40.62,45.3 1 1
github.com/bandprotocol/bandchain/chain/x/oracle/keeper/request.go:10.88,13.2 2 1
github.com/bandprotocol/bandchain/chain/x/oracle/keeper/request.go:16.88,18.36 2 1
github.com/bandprotocol/bandchain/chain/x/oracle/keeper/request.go:22.2,25.21 4 1
github.com/bandprotocol/bandchain/chain/x/oracle/keeper/request.go:18.36,20.3 1 1
github.com/bandprotocol/bandchain/chain/x/oracle/keeper/request.go:29.68,32.2 2 0
github.com/bandprotocol/bandchain/chain/x/oracle/keeper/request.go:38.28,39.45 1 1
github.com/bandprotocol/bandchain/chain/x/oracle/keeper/request.go:43.2,43.71 1 1
github.com/bandprotocol/bandchain/chain/x/oracle/keeper/request.go:50.2,51.61 2 1
github.com/bandprotocol/bandchain/chain/x/oracle/keeper/request.go:58.2,59.54 2 1
github.com/bandprotocol/bandchain/chain/x/oracle/keeper/request.go:64.2,65.68 2 1
github.com/bandprotocol/bandchain/chain/x/oracle/keeper/request.go:72.2,79.23 4 1
github.com/bandprotocol/bandchain/chain/x/oracle/keeper/request.go:39.45,41.3 1 1
github.com/bandprotocol/bandchain/chain/x/oracle/keeper/request.go:43.71,48.3 1 1
github.com/bandprotocol/bandchain/chain/x/oracle/keeper/request.go:51.61,56.3 1 1
github.com/bandprotocol/bandchain/chain/x/oracle/keeper/request.go:59.54,61.3 1 1
github.com/bandprotocol/bandchain/chain/x/oracle/keeper/request.go:65.68,70.3 1 1
github.com/bandprotocol/bandchain/chain/x/oracle/keeper/request.go:85.3,87.16 2 0
github.com/bandprotocol/bandchain/chain/x/oracle/keeper/request.go:92.2,97.19 5 0
github.com/bandprotocol/bandchain/chain/x/oracle/keeper/request.go:87.16,88.13 1 0
github.com/bandprotocol/bandchain/chain/x/oracle/keeper/request.go:132.57,139.50 4 0
github.com/bandprotocol/bandchain/chain/x/oracle/keeper/request.go:158.2,158.40 1 0
github.com/bandprotocol/bandchain/chain/x/oracle/keeper/request.go:139.50,141.17 2 0
github.com/bandprotocol/bandchain/chain/x/oracle/keeper/request.go:146.3,146.69 1 0
github.com/bandprotocol/bandchain/chain/x/oracle/keeper/request.go:151.3,151.80 1 0
github.com/bandprotocol/bandchain/chain/x/oracle/keeper/request.go:155.3,155.37 1 0
github.com/bandprotocol/bandchain/chain/x/oracle/keeper/request.go:141.17,142.14 1 0
github.com/bandprotocol/bandchain/chain/x/oracle/keeper/request.go:146.69,147.9 1 0
github.com/bandprotocol/bandchain/chain/x/oracle/keeper/request.go:151.80,153.4 1 0
github.com/bandprotocol/bandchain/chain/x/oracle/keeper/request.go:163.84,165.86 2 1
github.com/bandprotocol/bandchain/chain/x/oracle/keeper/request.go:171.2,171.12 1 1
github.com/bandprotocol/bandchain/chain/x/oracle/keeper/request.go:165.86,170.3 1 1
github.com/bandprotocol/bandchain/chain/x/oracle/keeper/request.go:177.9,179.49 2 1
github.com/bandprotocol/bandchain/chain/x/oracle/keeper/request.go:195.2,195.12 1 1
github.com/bandprotocol/bandchain/chain/x/oracle/keeper/request.go:179.49,181.17 2 1
github.com/bandprotocol/bandchain/chain/x/oracle/keeper/request.go:184.3,184.38 1 1
github.com/bandprotocol/bandchain/chain/x/oracle/keeper/request.go:187.3,187.30 1 1
github.com/bandprotocol/bandchain/chain/x/oracle/keeper/request.go:190.3,191.17 2 1
github.com/bandprotocol/bandchain/chain/x/oracle/keeper/request.go:181.17,183.4 1 0
github.com/bandprotocol/bandchain/chain/x/oracle/keeper/request.go:184.38,185.12 1 0
github.com/bandprotocol/bandchain/chain/x/oracle/keeper/request.go:187.30,188.12 1 0
github.com/bandprotocol/bandchain/chain/x/oracle/keeper/request.go:191.17,193.4 1 0
github.com/bandprotocol/bandchain/chain/x/oracle/keeper/request.go:199.78,202.2 2 1
github.com/bandprotocol/bandchain/chain/x/oracle/keeper/request.go:207.86,209.16 2 1
github.com/bandprotocol/bandchain/chain/x/oracle/keeper/request.go:212.2,212.83 1 1
github.com/bandprotocol/bandchain/chain/x/oracle/keeper/request.go:209.16,211.3 1 1
github.com/bandprotocol/bandchain/chain/x/oracle/keeper/request.go:217.85,219.36 2 1
github.com/bandprotocol/bandchain/chain/x/oracle/keeper/request.go:227.2,229.12 3 1
github.com/bandprotocol/bandchain/chain/x/oracle/keeper/request.go:219.36,220.25 1 1
github.com/bandprotocol/bandchain/chain/x/oracle/keeper/request.go:220.25,225.4 1 1
github.com/bandprotocol/bandchain/chain/x/oracle/keeper/request.go:233.82,236.20 3 1
github.com/bandprotocol/bandchain/chain/x/oracle/keeper/request.go:239.2,239.54 1 1
github.com/bandprotocol/bandchain/chain/x/oracle/keeper/request.go:236.20,238.3 1 1
github.com/bandprotocol/bandchain/chain/x/oracle/keeper/request.go:243.74,246.27 3 1
github.com/bandprotocol/bandchain/chain/x/oracle/keeper/request.go:250.2,252.15 3 1
github.com/bandprotocol/bandchain/chain/x/oracle/keeper/request.go:246.27,249.3 1 1
